<?xml version="1.0" encoding="UTF-8"?>
<testsuites tests="64" failures="0" errors="0" time="364.244959">
	<testsuite tests="64" failures="0" time="358.113000" name="go.temporal.io/server/tests/xdc" timestamp="2024-10-18T13:42:02Z">
		<properties>
			<property name="go.version" value="go1.22.6 linux/amd64"></property>
		</properties>
		<testcase classname="go.temporal.io/server/tests/xdc" name="TestHistoryReplicationSignalsAndUpdatesTestSuite/TestAcceptedUpdateCanBeCompletedAfterFailoverAndFailback" time="8.000000">
			<skipped message="=== RUN   TestHistoryReplicationSignalsAndUpdatesTestSuite/TestAcceptedUpdateCanBeCompletedAfterFailoverAndFailback&#xA;2024-10-18T13:42:17.926Z&#x9;info&#x9;wait for clusters to be synced&#x9;{&#34;xdc-source-cluster&#34;: &#34;cluster1&#34;, &#34;xdc-target-cluster&#34;: &#34;cluster2&#34;, &#34;logging-call-at&#34;: &#34;/home/runner/work/temporal/temporal/tests/xdc/base.go:170&#34;}&#xA;2024-10-18T13:42:17.928Z&#x9;info&#x9;Started physicalTaskQueueManager&#x9;{&#34;cluster-name&#34;: &#34;nexus_state_replication_standby&#34;, &#34;host&#34;: &#34;127.0.7.1:7136&#34;, &#34;component&#34;: &#34;matching-engine&#34;, &#34;wf-task-queue-name&#34;: &#34;temporal-sys-processor-parent-close-policy&#34;, &#34;wf-task-queue-type&#34;: &#34;Workflow&#34;, &#34;wf-namespace&#34;: &#34;temporal-system&#34;, &#34;worker-build-id&#34;: &#34;_unversioned_&#34;, &#34;lifecycle&#34;: &#34;Started&#34;, &#34;cause&#34;: &#34;Poll&#34;, &#34;logging-call-at&#34;: &#34;/home/runner/work/temporal/temporal/service/matching/physical_task_queue_manager.go:288&#34;}&#xA;2024-10-18T13:42:17.931Z&#x9;info&#x9;Started physicalTaskQueueManager&#x9;{&#34;cluster-name&#34;: &#34;nexus_state_replication_standby&#34;, &#34;host&#34;: &#34;127.0.7.1:7136&#34;, &#34;component&#34;: &#34;matching-engine&#34;, &#34;wf-task-queue-name&#34;: &#34;/_sys/temporal-sys-processor-parent-close-policy/3&#34;, &#34;wf-task-queue-type&#34;: &#34;Workflow&#34;, &#34;wf-namespace&#34;: &#34;temporal-system&#34;, &#34;worker-build-id&#34;: &#34;_unversioned_&#34;, &#34;lifecycle&#34;: &#34;Started&#34;, &#34;cause&#34;: &#34;Poll&#34;, &#34;logging-call-at&#34;: &#34;/home/runner/work/temporal/temporal/service/matching/physical_task_queue_manager.go:288&#34;}&#xA;2024-10-18T13:42:17.931Z&#x9;info&#x9;Started physicalTaskQueueManager&#x9;{&#34;cluster-name&#34;: &#34;nexus_state_replication_standby&#34;, &#34;host&#34;: &#34;127.0.7.1:7136&#34;, &#34;component&#34;: &#34;matching-engine&#34;, &#34;wf-task-queue-name&#34;: &#34;/_sys/temporal-sys-processor-parent-close-policy/2&#34;, &#34;wf-task-queue-type&#34;: &#34;Workflow&#34;, &#34;wf-namespace&#34;: &#34;temporal-system&#34;, &#34;worker-build-id&#34;: &#34;_unversioned_&#34;, &#34;lifecycle&#34;: &#34;Started&#34;, &#34;cause&#34;: &#34;Force&#34;, &#34;logging-call-at&#34;: &#34;/home/runner/work/temporal/temporal/service/matching/physical_task_queue_manager.go:288&#34;}&#xA;2024-10-18T13:42:17.937Z&#x9;info&#x9;loaded user data from db&#x9;{&#34;cluster-name&#34;: &#34;nexus_state_replication_standby&#34;, &#34;host&#34;: &#34;127.0.7.1:7136&#34;, &#34;component&#34;: &#34;matching-engine&#34;, &#34;user-data-version&#34;: 0, &#34;timestamp&#34;: &#34;1970-01-01T00:00:00.000Z&#34;, &#34;logging-call-at&#34;: &#34;/home/runner/work/temporal/temporal/service/matching/user_data_manager.go:551&#34;}&#xA;2024-10-18T13:42:17.940Z&#x9;info&#x9;Started physicalTaskQueueManager&#x9;{&#34;cluster-name&#34;: &#34;nexus_state_replication_standby&#34;, &#34;host&#34;: &#34;127.0.7.1:7136&#34;, &#34;component&#34;: &#34;matching-engine&#34;, &#34;wf-task-queue-name&#34;: &#34;/_sys/temporal-sys-processor-parent-close-policy/1&#34;, &#34;wf-task-queue-type&#34;: &#34;Activity&#34;, &#34;wf-namespace&#34;: &#34;temporal-system&#34;, &#34;worker-build-id&#34;: &#34;_unversioned_&#34;, &#34;lifecycle&#34;: &#34;Started&#34;, &#34;cause&#34;: &#34;Poll&#34;, &#34;logging-call-at&#34;: &#34;/home/runner/work/temporal/temporal/service/matching/physical_task_queue_manager.go:288&#34;}&#xA;2024-10-18T13:42:17.940Z&#x9;info&#x9;Quota changed&#x9;{&#34;cluster-name&#34;: &#34;nexus_request_forwarding_standby&#34;, &#34;host&#34;: &#34;127.0.6.1:7134&#34;, &#34;service&#34;: &#34;frontend&#34;, &#34;component&#34;: &#34;rpc-handler&#34;, &#34;scope&#34;: &#34;namespace&#34;, &#34;wf-namespace&#34;: &#34;temporal-system&#34;, &#34;current-quota&#34;: null, &#34;new-quota&#34;: 2400, &#34;logging-call-at&#34;: &#34;/home/runner/work/temporal/temporal/common/quotas/calculator/logged_calculator.go:124&#34;}&#xA;2024-10-18T13:42:17.942Z&#x9;info&#x9;Quota changed&#x9;{&#34;cluster-name&#34;: &#34;nexus_request_forwarding_standby&#34;, &#34;host&#34;: &#34;127.0.6.1:7134&#34;, &#34;service&#34;: &#34;frontend&#34;, &#34;component&#34;: &#34;visibility-handler&#34;, &#34;scope&#34;: &#34;namespace&#34;, &#34;wf-namespace&#34;: &#34;temporal-system&#34;, &#34;current-quota&#34;: null, &#34;new-quota&#34;: 50, &#34;logging-call-at&#34;: &#34;/home/runner/work/temporal/temporal/common/quotas/calculator/logged_calculator.go:124&#34;}&#xA;2024-10-18T13:42:17.942Z&#x9;info&#x9;Quota changed&#x9;{&#34;cluster-name&#34;: &#34;nexus_request_forwarding_standby&#34;, &#34;host&#34;: &#34;127.0.6.1:7134&#34;, &#34;service&#34;: &#34;frontend&#34;, &#34;component&#34;: &#34;namespace-replication&#34;, &#34;scope&#34;: &#34;namespace&#34;, &#34;wf-namespace&#34;: &#34;temporal-system&#34;, &#34;current-quota&#34;: null, &#34;new-quota&#34;: 1000, &#34;logging-call-at&#34;: &#34;/home/runner/work/temporal/temporal/common/quotas/calculator/logged_calculator.go:124&#34;}&#xA;2024-10-18T13:42:17.943Z&#x9;info&#x9;creating new visibility manager&#x9;{&#34;cluster-name&#34;: &#34;integ_standby&#34;, &#34;host&#34;: &#34;127.0.4.1:7138&#34;, &#34;visibility_plugin_name&#34;: &#34;mysql8&#34;, &#34;visibility_index_name&#34;: &#34;func_integ_standby&#34;, &#34;logging-call-at&#34;: &#34;/home/runner/work/temporal/temporal/common/persistence/visibility/factory.go:151&#34;}&#xA;2024-10-18T13:42:17.944Z&#x9;info&#x9;Started physicalTaskQueueManager&#x9;{&#34;cluster-name&#34;: &#34;nexus_state_replication_standby&#34;, &#34;host&#34;: &#34;127.0.7.1:7136&#34;, &#34;component&#34;: &#34;matching-engine&#34;, &#34;wf-task-queue-name&#34;: &#34;/_sys/temporal-sys-processor-parent-close-policy/3&#34;, &#34;wf-task-queue-type&#34;: &#34;Activity&#34;, &#34;wf-namespace&#34;: &#34;temporal-system&#34;, &#34;worker-build-id&#34;: &#34;_unversioned_&#34;, &#34;lifecycle&#34;: &#34;Started&#34;, &#34;cause&#34;: &#34;Poll&#34;, &#34;logging-call-at&#34;: &#34;/home/runner/work/temporal/temporal/service/matching/physical_task_queue_manager.go:288&#34;}&#xA;2024-10-18T13:42:17.945Z&#x9;info&#x9;Started physicalTaskQueueManager&#x9;{&#34;cluster-name&#34;: &#34;nexus_state_replication_standby&#34;, &#34;host&#34;: &#34;127.0.7.1:7136&#34;, &#34;component&#34;: &#34;matching-engine&#34;, &#34;wf-task-queue-name&#34;: &#34;temporal-sys-processor-parent-close-policy&#34;, &#34;wf-task-queue-type&#34;: &#34;Activity&#34;, &#34;wf-namespace&#34;: &#34;temporal-system&#34;, &#34;worker-build-id&#34;: &#34;_unversioned_&#34;, &#34;lifecycle&#34;: &#34;Started&#34;, &#34;cause&#34;: &#34;Poll&#34;, &#34;logging-call-at&#34;: &#34;/home/runner/work/temporal/temporal/service/matching/physical_task_queue_manager.go:288&#34;}&#xA;2024-10-18T13:42:17.945Z&#x9;info&#x9;Quota changed&#x9;{&#34;cluster-name&#34;: &#34;nexus_request_forwarding_standby&#34;, &#34;host&#34;: &#34;127.0.6.1:7134&#34;, &#34;service&#34;: &#34;frontend&#34;, &#34;component&#34;: &#34;persistence&#34;, &#34;scope&#34;: &#34;namespace&#34;, &#34;wf-namespace&#34;: &#34;temporal-system&#34;, &#34;current-quota&#34;: null, &#34;new-quota&#34;: 0, &#34;logging-call-at&#34;: &#34;/home/runner/work/temporal/temporal/common/quotas/calculator/logged_calculator.go:124&#34;}&#xA;2024-10-18T13:42:17.947Z&#x9;info&#x9;Started physicalTaskQueueManager&#x9;{&#34;cluster-name&#34;: &#34;nexus_state_replication_standby&#34;, &#34;host&#34;: &#34;127.0.7.1:7136&#34;, &#34;component&#34;: &#34;matching-engine&#34;, &#34;wf-task-queue-name&#34;: &#34;/_sys/temporal-sys-processor-parent-close-policy/2&#34;, &#34;wf-task-queue-type&#34;: &#34;Activity&#34;, &#34;wf-namespace&#34;: &#34;temporal-system&#34;, &#34;worker-build-id&#34;: &#34;_unversioned_&#34;, &#34;lifecycle&#34;: &#34;Started&#34;, &#34;cause&#34;: &#34;Poll&#34;, &#34;logging-call-at&#34;: &#34;/home/runner/work/temporal/temporal/service/matching/physical_task_queue_manager.go:288&#34;}&#xA;2024-10-18T13:42:17.953Z&#x9;info&#x9;Started physicalTaskQueueManager&#x9;{&#34;cluster-name&#34;: &#34;nexus_state_replication_standby&#34;, &#34;host&#34;: &#34;127.0.7.1:7136&#34;, &#34;component&#34;: &#34;matching-engine&#34;, &#34;wf-task-queue-name&#34;: &#34;/_sys/temporal-sys-processor-parent-close-policy/1&#34;, &#34;wf-task-queue-type&#34;: &#34;Workflow&#34;, &#34;wf-namespace&#34;: &#34;temporal-system&#34;, &#34;worker-build-id&#34;: &#34;_unversioned_&#34;, &#34;lifecycle&#34;: &#34;Started&#34;, &#34;cause&#34;: &#34;Force&#34;, &#34;logging-call-at&#34;: &#34;/home/runner/work/temporal/temporal/service/matching/physical_task_queue_manager.go:288&#34;}&#xA;2024-10-18T13:42:17.954Z&#x9;info&#x9;Started physicalTaskQueueManager&#x9;{&#34;cluster-name&#34;: &#34;nexus_state_replication_standby&#34;, &#34;host&#34;: &#34;127.0.7.1:7136&#34;, &#34;component&#34;: &#34;matching-engine&#34;, &#34;wf-task-queue-name&#34;: &#34;/_sys/temporal-sys-batcher-taskqueue/3&#34;, &#34;wf-task-queue-type&#34;: &#34;Workflow&#34;, &#34;wf-namespace&#34;: &#34;temporal-system&#34;, &#34;worker-build-id&#34;: &#34;_unversioned_&#34;, &#34;lifecycle&#34;: &#34;Started&#34;, &#34;cause&#34;: &#34;Poll&#34;, &#34;logging-call-at&#34;: &#34;/home/runner/work/temporal/temporal/service/matching/physical_task_queue_manager.go:288&#34;}&#xA;2024-10-18T13:42:17.958Z&#x9;info&#x9;Started Worker&#x9;{&#34;cluster-name&#34;: &#34;nexus_state_replication_standby&#34;, &#34;host&#34;: &#34;127.0.7.1:7138&#34;, &#34;Namespace&#34;: &#34;temporal-system&#34;, &#34;TaskQueue&#34;: &#34;temporal-sys-batcher-taskqueue&#34;, &#34;WorkerID&#34;: &#34;2666@fv-az1041-860@&#34;, &#34;logging-call-at&#34;: &#34;/opt/hostedtoolcache/go/1.22.6/x64/src/sync/oncefunc.go:57&#34;}&#xA;2024-10-18T13:42:17.959Z&#x9;info&#x9;Started physicalTaskQueueManager&#x9;{&#34;cluster-name&#34;: &#34;nexus_state_replication_standby&#34;, &#34;host&#34;: &#34;127.0.7.1:7136&#34;, &#34;component&#34;: &#34;matching-engine&#34;, &#34;wf-task-queue-name&#34;: &#34;fv-az1041-860:0d3aa899-e71c-454c-b79d-4af0accb17aa&#34;, &#34;wf-task-queue-type&#34;: &#34;Workflow&#34;, &#34;wf-namespace&#34;: &#34;temporal-system&#34;, &#34;worker-build-id&#34;: &#34;_unversioned_&#34;, &#34;lifecycle&#34;: &#34;Started&#34;, &#34;cause&#34;: &#34;Poll&#34;, &#34;logging-call-at&#34;: &#34;/home/runner/work/temporal/temporal/service/matching/physical_task_queue_manager.go:288&#34;}&#xA;2024-10-18T13:42:17.961Z&#x9;info&#x9;Quota changed&#x9;{&#34;cluster-name&#34;: &#34;nexus_request_forwarding_standby&#34;, &#34;host&#34;: &#34;127.0.6.1:7132&#34;, &#34;service&#34;: &#34;history&#34;, &#34;component&#34;: &#34;persistence&#34;, &#34;scope&#34;: &#34;namespace&#34;, &#34;wf-namespace&#34;: &#34;temporal-system&#34;, &#34;current-quota&#34;: null, &#34;new-quota&#34;: 0, &#34;logging-call-at&#34;: &#34;/home/runner/work/temporal/temporal/common/quotas/calculator/logged_calculator.go:124&#34;}&#xA;2024-10-18T13:42:17.967Z&#x9;info&#x9;RuntimeMetricsReporter started&#x9;{&#34;cluster-name&#34;: &#34;integ_standby&#34;, &#34;host&#34;: &#34;127.0.4.1:7138&#34;, &#34;service&#34;: &#34;worker&#34;, &#34;logging-call-at&#34;: &#34;/home/runner/work/temporal/temporal/common/metrics/runtime.go:138&#34;}&#xA;2024-10-18T13:42:17.967Z&#x9;info&#x9;worker starting&#x9;{&#34;cluster-name&#34;: &#34;integ_standby&#34;, &#34;host&#34;: &#34;127.0.4.1:7138&#34;, &#34;service&#34;: &#34;worker&#34;, &#34;component&#34;: &#34;worker&#34;, &#34;logging-call-at&#34;: &#34;/home/runner/work/temporal/temporal/service/worker/service.go:241&#34;}&#xA;2024-10-18T13:42:17.974Z&#x9;info&#x9;Started physicalTaskQueueManager&#x9;{&#34;cluster-name&#34;: &#34;nexus_state_replication_standby&#34;, &#34;host&#34;: &#34;127.0.7.1:7136&#34;, &#34;component&#34;: &#34;matching-engine&#34;, &#34;wf-task-queue-name&#34;: &#34;temporal-sys-batcher-taskqueue&#34;, &#34;wf-task-queue-type&#34;: &#34;Workflow&#34;, &#34;wf-namespace&#34;: &#34;temporal-system&#34;, &#34;worker-build-id&#34;: &#34;_unversioned_&#34;, &#34;lifecycle&#34;: &#34;Started&#34;, &#34;cause&#34;: &#34;UserData&#34;, &#34;logging-call-at&#34;: &#34;/home/runner/work/temporal/temporal/service/matching/physical_task_queue_manager.go:288&#34;}&#xA;2024-10-18T13:42:17.976Z&#x9;info&#x9;Quota changed&#x9;{&#34;cluster-name&#34;: &#34;nexus_request_forwarding_standby&#34;, &#34;host&#34;: &#34;127.0.6.1:7134&#34;, &#34;service&#34;: &#34;frontend&#34;, &#34;component&#34;: &#34;long-poll-handler&#34;, &#34;scope&#34;: &#34;namespace&#34;, &#34;wf-namespace&#34;: &#34;temporal-system&#34;, &#34;current-quota&#34;: null, &#34;new-quota&#34;: 1200, &#34;logging-call-at&#34;: &#34;/home/runner/work/temporal/temporal/common/quotas/calculator/logged_calculator.go:124&#34;}&#xA;2024-10-18T13:42:17.982Z&#x9;info&#x9;Started physicalTaskQueueManager&#x9;{&#34;cluster-name&#34;: &#34;nexus_state_replication_standby&#34;, &#34;host&#34;: &#34;127.0.7.1:7136&#34;, &#34;component&#34;: &#34;matching-engine&#34;, &#34;wf-task-queue-name&#34;: &#34;/_sys/temporal-sys-batcher-taskqueue/1&#34;, &#34;wf-task-queue-type&#34;: &#34;Activity&#34;, &#34;wf-namespace&#34;: &#34;temporal-system&#34;, &#34;worker-build-id&#34;: &#34;_unversioned_&#34;, &#34;lifecycle&#34;: &#34;Started&#34;, &#34;cause&#34;: &#34;Poll&#34;, &#34;logging-call-at&#34;: &#34;/home/runner/work/temporal/temporal/service/matching/physical_task_queue_manager.go:288&#34;}&#xA;2024-10-18T13:42:17.984Z&#x9;info&#x9;Started physicalTaskQueueManager&#x9;{&#34;cluster-name&#34;: &#34;nexus_request_forwarding_standby&#34;, &#34;host&#34;: &#34;127.0.6.1:7136&#34;, &#34;component&#34;: &#34;matching-engine&#34;, &#34;wf-task-queue-name&#34;: &#34;temporal-sys-tq-scanner-taskqueue-0&#34;, &#34;wf-task-queue-type&#34;: &#34;Workflow&#34;, &#34;wf-namespace&#34;: &#34;temporal-system&#34;, &#34;worker-build-id&#34;: &#34;_unversioned_&#34;, &#34;lifecycle&#34;: &#34;Started&#34;, &#34;cause&#34;: &#34;Poll&#34;, &#34;logging-call-at&#34;: &#34;/home/runner/work/temporal/temporal/service/matching/physical_task_queue_manager.go:288&#34;}&#xA;2024-10-18T13:42:17.989Z&#x9;info&#x9;loaded user data from db&#x9;{&#34;cluster-name&#34;: &#34;nexus_state_replication_standby&#34;, &#34;host&#34;: &#34;127.0.7.1:7136&#34;, &#34;component&#34;: &#34;matching-engine&#34;, &#34;user-data-version&#34;: 0, &#34;timestamp&#34;: &#34;1970-01-01T00:00:00.000Z&#34;, &#34;logging-call-at&#34;: &#34;/home/runner/work/temporal/temporal/service/matching/user_data_manager.go:551&#34;}&#xA;2024-10-18T13:42:17.989Z&#x9;info&#x9;Started physicalTaskQueueManager&#x9;{&#34;cluster-name&#34;: &#34;nexus_request_forwarding_standby&#34;, &#34;host&#34;: &#34;127.0.6.1:7136&#34;, &#34;component&#34;: &#34;matching-engine&#34;, &#34;wf-task-queue-name&#34;: &#34;fv-az1041-860:d59f131a-664a-4c13-baf3-b1c299978959&#34;, &#34;wf-task-queue-type&#34;: &#34;Workflow&#34;, &#34;wf-namespace&#34;: &#34;temporal-system&#34;, &#34;worker-build-id&#34;: &#34;_unversioned_&#34;, &#34;lifecycle&#34;: &#34;Started&#34;, &#34;cause&#34;: &#34;Poll&#34;, &#34;logging-call-at&#34;: &#34;/home/runner/work/temporal/temporal/service/matching/physical_task_queue_manager.go:288&#34;}&#xA;2024-10-18T13:42:17.989Z&#x9;info&#x9;Started physicalTaskQueueManager&#x9;{&#34;cluster-name&#34;: &#34;nexus_state_replication_standby&#34;, &#34;host&#34;: &#34;127.0.7.1:7136&#34;, &#34;component&#34;: &#34;matching-engine&#34;, &#34;wf-task-queue-name&#34;: &#34;/_sys/temporal-sys-batcher-taskqueue/2&#34;, &#34;wf-task-queue-type&#34;: &#34;Workflow&#34;, &#34;wf-namespace&#34;: &#34;temporal-system&#34;, &#34;worker-build-id&#34;: &#34;_unversioned_&#34;, &#34;lifecycle&#34;: &#34;Started&#34;, &#34;cause&#34;: &#34;Force&#34;, &#34;logging-call-at&#34;: &#34;/home/runner/work/temporal/temporal/service/matching/physical_task_queue_manager.go:288&#34;}&#xA;2024-10-18T13:42:17.993Z&#x9;info&#x9;Started physicalTaskQueueManager&#x9;{&#34;cluster-name&#34;: &#34;nexus_state_replication_standby&#34;, &#34;host&#34;: &#34;127.0.7.1:7136&#34;, &#34;component&#34;: &#34;matching-engine&#34;, &#34;wf-task-queue-name&#34;: &#34;/_sys/temporal-sys-batcher-taskqueue/1&#34;, &#34;wf-task-queue-type&#34;: &#34;Workflow&#34;, &#34;wf-namespace&#34;: &#34;temporal-system&#34;, &#34;worker-build-id&#34;: &#34;_unversioned_&#34;, &#34;lifecycle&#34;: &#34;Started&#34;, &#34;cause&#34;: &#34;Force&#34;, &#34;logging-call-at&#34;: &#34;/home/runner/work/temporal/temporal/service/matching/physical_task_queue_manager.go:288&#34;}&#xA;2024-10-18T13:42:17.994Z&#x9;info&#x9;Quota changed&#x9;{&#34;cluster-name&#34;: &#34;integ_standby&#34;, &#34;host&#34;: &#34;127.0.4.1:7134&#34;, &#34;service&#34;: &#34;frontend&#34;, &#34;component&#34;: &#34;rpc-handler&#34;, &#34;scope&#34;: &#34;namespace&#34;, &#34;wf-namespace&#34;: &#34;temporal-system&#34;, &#34;current-quota&#34;: null, &#34;new-quota&#34;: 2400, &#34;logging-call-at&#34;: &#34;/home/runner/work/temporal/temporal/common/quotas/calculator/logged_calculator.go:124&#34;}&#xA;2024-10-18T13:42:17.995Z&#x9;info&#x9;Quota changed&#x9;{&#34;cluster-name&#34;: &#34;nexus_request_forwarding_standby&#34;, &#34;host&#34;: &#34;127.0.6.1:7136&#34;, &#34;service&#34;: &#34;matching&#34;, &#34;component&#34;: &#34;persistence&#34;, &#34;scope&#34;: &#34;namespace&#34;, &#34;wf-namespace&#34;: &#34;temporal-system&#34;, &#34;current-quota&#34;: null, &#34;new-quota&#34;: 0, &#34;logging-call-at&#34;: &#34;/home/runner/work/temporal/temporal/common/quotas/calculator/logged_calculator.go:124&#34;}&#xA;2024-10-18T13:42:17.996Z&#x9;info&#x9;Quota changed&#x9;{&#34;cluster-name&#34;: &#34;integ_standby&#34;, &#34;host&#34;: &#34;127.0.4.1:7134&#34;, &#34;service&#34;: &#34;frontend&#34;, &#34;component&#34;: &#34;visibility-handler&#34;, &#34;scope&#34;: &#34;namespace&#34;, &#34;wf-namespace&#34;: &#34;temporal-system&#34;, &#34;current-quota&#34;: null, &#34;new-quota&#34;: 50, &#34;logging-call-at&#34;: &#34;/home/runner/work/temporal/temporal/common/quotas/calculator/logged_calculator.go:124&#34;}&#xA;2024-10-18T13:42:17.996Z&#x9;info&#x9;Quota changed&#x9;{&#34;cluster-name&#34;: &#34;integ_standby&#34;, &#34;host&#34;: &#34;127.0.4.1:7134&#34;, &#34;service&#34;: &#34;frontend&#34;, &#34;component&#34;: &#34;namespace-replication&#34;, &#34;scope&#34;: &#34;namespace&#34;, &#34;wf-namespace&#34;: &#34;temporal-system&#34;, &#34;current-quota&#34;: null, &#34;new-quota&#34;: 10, &#34;logging-call-at&#34;: &#34;/home/runner/work/temporal/temporal/common/quotas/calculator/logged_calculator.go:124&#34;}&#xA;2024-10-18T13:42:17.997Z&#x9;info&#x9;Started Worker&#x9;{&#34;cluster-name&#34;: &#34;nexus_request_forwarding_standby&#34;, &#34;host&#34;: &#34;127.0.6.1:7138&#34;, &#34;Namespace&#34;: &#34;temporal-system&#34;, &#34;TaskQueue&#34;: &#34;temporal-sys-tq-scanner-taskqueue-0&#34;, &#34;WorkerID&#34;: &#34;2666@fv-az1041-860@&#34;, &#34;logging-call-at&#34;: &#34;/opt/hostedtoolcache/go/1.22.6/x64/src/sync/oncefunc.go:57&#34;}&#xA;2024-10-18T13:42:17.999Z&#x9;info&#x9;Quota changed&#x9;{&#34;cluster-name&#34;: &#34;integ_standby&#34;, &#34;host&#34;: &#34;127.0.4.1:7134&#34;, &#34;service&#34;: &#34;frontend&#34;, &#34;component&#34;: &#34;persistence&#34;, &#34;scope&#34;: &#34;namespace&#34;, &#34;wf-namespace&#34;: &#34;temporal-system&#34;, &#34;current-quota&#34;: null, &#34;new-quota&#34;: 0, &#34;logging-call-at&#34;: &#34;/home/runner/work/temporal/temporal/common/quotas/calculator/logged_calculator.go:124&#34;}&#xA;2024-10-18T13:42:18.000Z&#x9;info&#x9;Started physicalTaskQueueManager&#x9;{&#34;cluster-name&#34;: &#34;nexus_state_replication_standby&#34;, &#34;host&#34;: &#34;127.0.7.1:7136&#34;, &#34;component&#34;: &#34;matching-engine&#34;, &#34;wf-task-queue-name&#34;: &#34;default-worker-tq&#34;, &#34;wf-task-queue-type&#34;: &#34;Workflow&#34;, &#34;wf-namespace&#34;: &#34;temporal-system&#34;, &#34;worker-build-id&#34;: &#34;_unversioned_&#34;, &#34;lifecycle&#34;: &#34;Started&#34;, &#34;cause&#34;: &#34;Poll&#34;, &#34;logging-call-at&#34;: &#34;/home/runner/work/temporal/temporal/service/matching/physical_task_queue_manager.go:288&#34;}&#xA;2024-10-18T13:42:18.001Z&#x9;info&#x9;Started Worker&#x9;{&#34;cluster-name&#34;: &#34;nexus_state_replication_standby&#34;, &#34;host&#34;: &#34;127.0.7.1:7138&#34;, &#34;Namespace&#34;: &#34;temporal-system&#34;, &#34;TaskQueue&#34;: &#34;default-worker-tq&#34;, &#34;WorkerID&#34;: &#34;2666@fv-az1041-860@&#34;, &#34;logging-call-at&#34;: &#34;/opt/hostedtoolcache/go/1.22.6/x64/src/sync/oncefunc.go:57&#34;}&#xA;2024-10-18T13:42:18.003Z&#x9;info&#x9;Started physicalTaskQueueManager&#x9;{&#34;cluster-name&#34;: &#34;nexus_request_forwarding_standby&#34;, &#34;host&#34;: &#34;127.0.6.1:7136&#34;, &#34;component&#34;: &#34;matching-engine&#34;, &#34;wf-task-queue-name&#34;: &#34;/_sys/temporal-sys-tq-scanner-taskqueue-0/2&#34;, &#34;wf-task-queue-type&#34;: &#34;Workflow&#34;, &#34;wf-namespace&#34;: &#34;temporal-system&#34;, &#34;worker-build-id&#34;: &#34;_unversioned_&#34;, &#34;lifecycle&#34;: &#34;Started&#34;, &#34;cause&#34;: &#34;Poll&#34;, &#34;logging-call-at&#34;: &#34;/home/runner/work/temporal/temporal/service/matching/physical_task_queue_manager.go:288&#34;}&#xA;2024-10-18T13:42:18.003Z&#x9;info&#x9;Started physicalTaskQueueManager&#x9;{&#34;cluster-name&#34;: &#34;nexus_request_forwarding_standby&#34;, &#34;host&#34;: &#34;127.0.6.1:7136&#34;, &#34;component&#34;: &#34;matching-engine&#34;, &#34;wf-task-queue-name&#34;: &#34;/_sys/temporal-sys-tq-scanner-taskqueue-0/1&#34;, &#34;wf-task-queue-type&#34;: &#34;Workflow&#34;, &#34;wf-namespace&#34;: &#34;temporal-system&#34;, &#34;worker-build-id&#34;: &#34;_unversioned_&#34;, &#34;lifecycle&#34;: &#34;Started&#34;, &#34;cause&#34;: &#34;Poll&#34;, &#34;logging-call-at&#34;: &#34;/home/runner/work/temporal/temporal/service/matching/physical_task_queue_manager.go:288&#34;}&#xA;2024-10-18T13:42:18.005Z&#x9;info&#x9;Started physicalTaskQueueManager&#x9;{&#34;cluster-name&#34;: &#34;nexus_request_forwarding_standby&#34;, &#34;host&#34;: &#34;127.0.6.1:7136&#34;, &#34;component&#34;: &#34;matching-engine&#34;, &#34;wf-task-queue-name&#34;: &#34;/_sys/temporal-sys-tq-scanner-taskqueue-0/3&#34;, &#34;wf-task-queue-type&#34;: &#34;Workflow&#34;, &#34;wf-namespace&#34;: &#34;temporal-system&#34;, &#34;worker-build-id&#34;: &#34;_unversioned_&#34;, &#34;lifecycle&#34;: &#34;Started&#34;, &#34;cause&#34;: &#34;Poll&#34;, &#34;logging-call-at&#34;: &#34;/home/runner/work/temporal/temporal/service/matching/physical_task_queue_manager.go:288&#34;}&#xA;2024-10-18T13:42:18.005Z&#x9;info&#x9;loaded user data from db&#x9;{&#34;cluster-name&#34;: &#34;nexus_request_forwarding_standby&#34;, &#34;host&#34;: &#34;127.0.6.1:7136&#34;, &#34;component&#34;: &#34;matching-engine&#34;, &#34;user-data-version&#34;: 0, &#34;timestamp&#34;: &#34;1970-01-01T00:00:00.000Z&#34;, &#34;logging-call-at&#34;: &#34;/home/runner/work/temporal/temporal/service/matching/user_data_manager.go:551&#34;}&#xA;2024-10-18T13:42:18.007Z&#x9;info&#x9;Started physicalTaskQueueManager&#x9;{&#34;cluster-name&#34;: &#34;nexus_state_replication_standby&#34;, &#34;host&#34;: &#34;127.0.7.1:7136&#34;, &#34;component&#34;: &#34;matching-engine&#34;, &#34;wf-task-queue-name&#34;: &#34;/_sys/temporal-sys-batcher-taskqueue/2&#34;, &#34;wf-task-queue-type&#34;: &#34;Activity&#34;, &#34;wf-namespace&#34;: &#34;temporal-system&#34;, &#34;worker-build-id&#34;: &#34;_unversioned_&#34;, &#34;lifecycle&#34;: &#34;Started&#34;, &#34;cause&#34;: &#34;Poll&#34;, &#34;logging-call-at&#34;: &#34;/home/runner/work/temporal/temporal/service/matching/physical_task_queue_manager.go:288&#34;}&#xA;2024-10-18T13:42:18.008Z&#x9;info&#x9;Started physicalTaskQueueManager&#x9;{&#34;cluster-name&#34;: &#34;nexus_state_replication_standby&#34;, &#34;host&#34;: &#34;127.0.7.1:7136&#34;, &#34;component&#34;: &#34;matching-engine&#34;, &#34;wf-task-queue-name&#34;: &#34;/_sys/default-worker-tq/3&#34;, &#34;wf-task-queue-type&#34;: &#34;Workflow&#34;, &#34;wf-namespace&#34;: &#34;temporal-system&#34;, &#34;worker-build-id&#34;: &#34;_unversioned_&#34;, &#34;lifecycle&#34;: &#34;Started&#34;, &#34;cause&#34;: &#34;Force&#34;, &#34;logging-call-at&#34;: &#34;/home/runner/work/temporal/temporal/service/matching/physical_task_queue_manager.go:288&#34;}&#xA;2024-10-18T13:42:18.009Z&#x9;info&#x9;temporal-sys-history-scanner-workflow workflow successfully started&#x9;{&#34;cluster-name&#34;: &#34;nexus_state_replication_standby&#34;, &#34;host&#34;: &#34;127.0.7.1:7138&#34;, &#34;service&#34;: &#34;worker&#34;, &#34;logging-call-at&#34;: &#34;/home/runner/work/temporal/temporal/service/worker/scanner/scanner.go:290&#34;}&#xA;2024-10-18T13:42:18.009Z&#x9;info&#x9;Started physicalTaskQueueManager&#x9;{&#34;cluster-name&#34;: &#34;nexus_state_replication_standby&#34;, &#34;host&#34;: &#34;127.0.7.1:7136&#34;, &#34;component&#34;: &#34;matching-engine&#34;, &#34;wf-task-queue-name&#34;: &#34;fv-az1041-860:0c53a57a-33bf-4fe1-b466-2b02be348729&#34;, &#34;wf-task-queue-type&#34;: &#34;Workflow&#34;, &#34;wf-namespace&#34;: &#34;temporal-system&#34;, &#34;worker-build-id&#34;: &#34;_unversioned_&#34;, &#34;lifecycle&#34;: &#34;Started&#34;, &#34;cause&#34;: &#34;Poll&#34;, &#34;logging-call-at&#34;: &#34;/home/runner/work/temporal/temporal/service/matching/physical_task_queue_manager.go:288&#34;}&#xA;2024-10-18T13:42:18.022Z&#x9;info&#x9;Started physicalTaskQueueManager&#x9;{&#34;cluster-name&#34;: &#34;nexus_state_replication_standby&#34;, &#34;host&#34;: &#34;127.0.7.1:7136&#34;, &#34;component&#34;: &#34;matching-engine&#34;, &#34;wf-task-queue-name&#34;: &#34;/_sys/default-worker-tq/1&#34;, &#34;wf-task-queue-type&#34;: &#34;Workflow&#34;, &#34;wf-namespace&#34;: &#34;temporal-system&#34;, &#34;worker-build-id&#34;: &#34;_unversioned_&#34;, &#34;lifecycle&#34;: &#34;Started&#34;, &#34;cause&#34;: &#34;Force&#34;, &#34;logging-call-at&#34;: &#34;/home/runner/work/temporal/temporal/service/matching/physical_task_queue_manager.go:288&#34;}&#xA;2024-10-18T13:42:18.025Z&#x9;info&#x9;Started physicalTaskQueueManager&#x9;{&#34;cluster-name&#34;: &#34;nexus_state_replication_standby&#34;, &#34;host&#34;: &#34;127.0.7.1:7136&#34;, &#34;component&#34;: &#34;matching-engine&#34;, &#34;wf-task-queue-name&#34;: &#34;/_sys/default-worker-tq/2&#34;, &#34;wf-task-queue-type&#34;: &#34;Workflow&#34;, &#34;wf-namespace&#34;: &#34;temporal-system&#34;, &#34;worker-build-id&#34;: &#34;_unversioned_&#34;, &#34;lifecycle&#34;: &#34;Started&#34;, &#34;cause&#34;: &#34;Force&#34;, &#34;logging-call-at&#34;: &#34;/home/runner/work/temporal/temporal/service/matching/physical_task_queue_manager.go:288&#34;}&#xA;2024-10-18T13:42:18.031Z&#x9;info&#x9;Quota changed&#x9;{&#34;cluster-name&#34;: &#34;integ_standby&#34;, &#34;host&#34;: &#34;127.0.4.1:7134&#34;, &#34;service&#34;: &#34;frontend&#34;, &#34;component&#34;: &#34;long-poll-handler&#34;, &#34;scope&#34;: &#34;namespace&#34;, &#34;wf-namespace&#34;: &#34;temporal-system&#34;, &#34;current-quota&#34;: null, &#34;new-quota&#34;: 1200, &#34;logging-call-at&#34;: &#34;/home/runner/work/temporal/temporal/common/quotas/calculator/logged_calculator.go:124&#34;}&#xA;2024-10-18T13:42:18.041Z&#x9;info&#x9;Started physicalTaskQueueManager&#x9;{&#34;cluster-name&#34;: &#34;nexus_request_forwarding_standby&#34;, &#34;host&#34;: &#34;127.0.6.1:7136&#34;, &#34;component&#34;: &#34;matching-engine&#34;, &#34;wf-task-queue-name&#34;: &#34;/_sys/temporal-sys-tq-scanner-taskqueue-0/2&#34;, &#34;wf-task-queue-type&#34;: &#34;Activity&#34;, &#34;wf-namespace&#34;: &#34;temporal-system&#34;, &#34;worker-build-id&#34;: &#34;_unversioned_&#34;, &#34;lifecycle&#34;: &#34;Started&#34;, &#34;cause&#34;: &#34;Poll&#34;, &#34;logging-call-at&#34;: &#34;/home/runner/work/temporal/temporal/service/matching/physical_task_queue_manager.go:288&#34;}&#xA;2024-10-18T13:42:18.041Z&#x9;info&#x9;Started physicalTaskQueueManager&#x9;{&#34;cluster-name&#34;: &#34;nexus_state_replication_standby&#34;, &#34;host&#34;: &#34;127.0.7.1:7136&#34;, &#34;component&#34;: &#34;matching-engine&#34;, &#34;wf-task-queue-name&#34;: &#34;/_sys/default-worker-tq/1&#34;, &#34;wf-task-queue-type&#34;: &#34;Activity&#34;, &#34;wf-namespace&#34;: &#34;temporal-system&#34;, &#34;worker-build-id&#34;: &#34;_unversioned_&#34;, &#34;lifecycle&#34;: &#34;Started&#34;, &#34;cause&#34;: &#34;Poll&#34;, &#34;logging-call-at&#34;: &#34;/home/runner/work/temporal/temporal/service/matching/physical_task_queue_manager.go:288&#34;}&#xA;2024-10-18T13:42:18.043Z&#x9;info&#x9;Started physicalTaskQueueManager&#x9;{&#34;cluster-name&#34;: &#34;nexus_state_replication_standby&#34;, &#34;host&#34;: &#34;127.0.7.1:7136&#34;, &#34;component&#34;: &#34;matching-engine&#34;, &#34;wf-task-queue-name&#34;: &#34;/_sys/default-worker-tq/3&#34;, &#34;wf-task-queue-type&#34;: &#34;Activity&#34;, &#34;wf-namespace&#34;: &#34;temporal-system&#34;, &#34;worker-build-id&#34;: &#34;_unversioned_&#34;, &#34;lifecycle&#34;: &#34;Started&#34;, &#34;cause&#34;: &#34;Poll&#34;, &#34;logging-call-at&#34;: &#34;/home/runner/work/temporal/temporal/service/matching/physical_task_queue_manager.go:288&#34;}&#xA;2024-10-18T13:42:18.048Z&#x9;info&#x9;Started physicalTaskQueueManager&#x9;{&#34;cluster-name&#34;: &#34;nexus_request_forwarding_standby&#34;, &#34;host&#34;: &#34;127.0.6.1:7136&#34;, &#34;component&#34;: &#34;matching-engine&#34;, &#34;wf-task-queue-name&#34;: &#34;/_sys/temporal-sys-tq-scanner-taskqueue-0/1&#34;, &#34;wf-task-queue-type&#34;: &#34;Activity&#34;, &#34;wf-namespace&#34;: &#34;temporal-system&#34;, &#34;worker-build-id&#34;: &#34;_unversioned_&#34;, &#34;lifecycle&#34;: &#34;Started&#34;, &#34;cause&#34;: &#34;Poll&#34;, &#34;logging-call-at&#34;: &#34;/home/runner/work/temporal/temporal/service/matching/physical_task_queue_manager.go:288&#34;}&#xA;2024-10-18T13:42:18.049Z&#x9;info&#x9;loaded user data from db&#x9;{&#34;cluster-name&#34;: &#34;nexus_state_replication_standby&#34;, &#34;host&#34;: &#34;127.0.7.1:7136&#34;, &#34;component&#34;: &#34;matching-engine&#34;, &#34;user-data-version&#34;: 0, &#34;timestamp&#34;: &#34;1970-01-01T00:00:00.000Z&#34;, &#34;logging-call-at&#34;: &#34;/home/runner/work/temporal/temporal/service/matching/user_data_manager.go:551&#34;}&#xA;2024-10-18T13:42:18.050Z&#x9;info&#x9;Started physicalTaskQueueManager&#x9;{&#34;cluster-name&#34;: &#34;nexus_request_forwarding_standby&#34;, &#34;host&#34;: &#34;127.0.6.1:7136&#34;, &#34;component&#34;: &#34;matching-engine&#34;, &#34;wf-task-queue-name&#34;: &#34;temporal-sys-tq-scanner-taskqueue-0&#34;, &#34;wf-task-queue-type&#34;: &#34;Activity&#34;, &#34;wf-namespace&#34;: &#34;temporal-system&#34;, &#34;worker-build-id&#34;: &#34;_unversioned_&#34;, &#34;lifecycle&#34;: &#34;Started&#34;, &#34;cause&#34;: &#34;Poll&#34;, &#34;logging-call-at&#34;: &#34;/home/runner/work/temporal/temporal/service/matching/physical_task_queue_manager.go:288&#34;}&#xA;2024-10-18T13:42:18.053Z&#x9;info&#x9;Started physicalTaskQueueManager&#x9;{&#34;cluster-name&#34;: &#34;nexus_request_forwarding_standby&#34;, &#34;host&#34;: &#34;127.0.6.1:7136&#34;, &#34;component&#34;: &#34;matching-engine&#34;, &#34;wf-task-queue-name&#34;: &#34;/_sys/temporal-sys-tq-scanner-taskqueue-0/3&#34;, &#34;wf-task-queue-type&#34;: &#34;Activity&#34;, &#34;wf-namespace&#34;: &#34;temporal-system&#34;, &#34;worker-build-id&#34;: &#34;_unversioned_&#34;, &#34;lifecycle&#34;: &#34;Started&#34;, &#34;cause&#34;: &#34;Poll&#34;, &#34;logging-call-at&#34;: &#34;/home/runner/work/temporal/temporal/service/matching/physical_task_queue_manager.go:288&#34;}&#xA;2024-10-18T13:42:18.060Z&#x9;info&#x9;Started Worker&#x9;{&#34;cluster-name&#34;: &#34;nexus_state_replication_standby&#34;, &#34;host&#34;: &#34;127.0.7.1:7138&#34;, &#34;Namespace&#34;: &#34;temporal-system&#34;, &#34;TaskQueue&#34;: &#34;temporal-sys-migration-activity-tq&#34;, &#34;WorkerID&#34;: &#34;2666@fv-az1041-860@&#34;, &#34;logging-call-at&#34;: &#34;/opt/hostedtoolcache/go/1.22.6/x64/src/sync/oncefunc.go:57&#34;}&#xA;2024-10-18T13:42:18.064Z&#x9;info&#x9;Started physicalTaskQueueManager&#x9;{&#34;cluster-name&#34;: &#34;nexus_state_replication_standby&#34;, &#34;host&#34;: &#34;127.0.7.1:7136&#34;, &#34;component&#34;: &#34;matching-engine&#34;, &#34;wf-task-queue-name&#34;: &#34;temporal-sys-batcher-taskqueue&#34;, &#34;wf-task-queue-type&#34;: &#34;Activity&#34;, &#34;wf-namespace&#34;: &#34;temporal-system&#34;, &#34;worker-build-id&#34;: &#34;_unversioned_&#34;, &#34;lifecycle&#34;: &#34;Started&#34;, &#34;cause&#34;: &#34;Poll&#34;, &#34;logging-call-at&#34;: &#34;/home/runner/work/temporal/temporal/service/matching/physical_task_queue_manager.go:288&#34;}&#xA;2024-10-18T13:42:18.069Z&#x9;info&#x9;Started Worker&#x9;{&#34;cluster-name&#34;: &#34;integ_standby&#34;, &#34;host&#34;: &#34;127.0.4.1:7138&#34;, &#34;Namespace&#34;: &#34;temporal-system&#34;, &#34;TaskQueue&#34;: &#34;temporal-sys-tq-scanner-taskqueue-0&#34;, &#34;WorkerID&#34;: &#34;2666@fv-az1041-860@&#34;, &#34;logging-call-at&#34;: &#34;/opt/hostedtoolcache/go/1.22.6/x64/src/sync/oncefunc.go:57&#34;}&#xA;2024-10-18T13:42:18.076Z&#x9;info&#x9;Started physicalTaskQueueManager&#x9;{&#34;cluster-name&#34;: &#34;nexus_state_replication_standby&#34;, &#34;host&#34;: &#34;127.0.7.1:7136&#34;, &#34;component&#34;: &#34;matching-engine&#34;, &#34;wf-task-queue-name&#34;: &#34;/_sys/temporal-sys-batcher-taskqueue/3&#34;, &#34;wf-task-queue-type&#34;: &#34;Activity&#34;, &#34;wf-namespace&#34;: &#34;temporal-system&#34;, &#34;worker-build-id&#34;: &#34;_unversioned_&#34;, &#34;lifecycle&#34;: &#34;Started&#34;, &#34;cause&#34;: &#34;Force&#34;, &#34;logging-call-at&#34;: &#34;/home/runner/work/temporal/temporal/service/matching/physical_task_queue_manager.go:288&#34;}&#xA;2024-10-18T13:42:18.077Z&#x9;info&#x9;Started physicalTaskQueueManager&#x9;{&#34;cluster-name&#34;: &#34;nexus_request_forwarding_standby&#34;, &#34;host&#34;: &#34;127.0.6.1:7136&#34;, &#34;component&#34;: &#34;matching-engine&#34;, &#34;wf-task-queue-name&#34;: &#34;temporal-sys-history-scanner-taskqueue-0&#34;, &#34;wf-task-queue-type&#34;: &#34;Workflow&#34;, &#34;wf-namespace&#34;: &#34;temporal-system&#34;, &#34;worker-build-id&#34;: &#34;_unversioned_&#34;, &#34;lifecycle&#34;: &#34;Started&#34;, &#34;cause&#34;: &#34;Poll&#34;, &#34;logging-call-at&#34;: &#34;/home/runner/work/temporal/temporal/service/matching/physical_task_queue_manager.go:288&#34;}&#xA;2024-10-18T13:42:18.078Z&#x9;info&#x9;Started Worker&#x9;{&#34;cluster-name&#34;: &#34;nexus_request_forwarding_standby&#34;, &#34;host&#34;: &#34;127.0.6.1:7138&#34;, &#34;Namespace&#34;: &#34;temporal-system&#34;, &#34;TaskQueue&#34;: &#34;temporal-sys-history-scanner-taskqueue-0&#34;, &#34;WorkerID&#34;: &#34;2666@fv-az1041-860@&#34;, &#34;logging-call-at&#34;: &#34;/opt/hostedtoolcache/go/1.22.6/x64/src/sync/oncefunc.go:57&#34;}&#xA;2024-10-18T13:42:18.083Z&#x9;info&#x9;Started physicalTaskQueueManager&#x9;{&#34;cluster-name&#34;: &#34;nexus_request_forwarding_standby&#34;, &#34;host&#34;: &#34;127.0.6.1:7136&#34;, &#34;component&#34;: &#34;matching-engine&#34;, &#34;wf-task-queue-name&#34;: &#34;/_sys/temporal-sys-history-scanner-taskqueue-0/2&#34;, &#34;wf-task-queue-type&#34;: &#34;Workflow&#34;, &#34;wf-namespace&#34;: &#34;temporal-system&#34;, &#34;worker-build-id&#34;: &#34;_unversioned_&#34;, &#34;lifecycle&#34;: &#34;Started&#34;, &#34;cause&#34;: &#34;Force&#34;, &#34;logging-call-at&#34;: &#34;/home/runner/work/temporal/temporal/service/matching/physical_task_queue_manager.go:288&#34;}&#xA;2024-10-18T13:42:18.089Z&#x9;info&#x9;Started physicalTaskQueueManager&#x9;{&#34;cluster-name&#34;: &#34;integ_standby&#34;, &#34;host&#34;: &#34;127.0.4.1:7136&#34;, &#34;component&#34;: &#34;matching-engine&#34;, &#34;wf-task-queue-name&#34;: &#34;fv-az1041-860:40b01cda-8d10-4ee5-b57b-1d3d97196bf7&#34;, &#34;wf-task-queue-type&#34;: &#34;Workflow&#34;, &#34;wf-namespace&#34;: &#34;temporal-system&#34;, &#34;worker-build-id&#34;: &#34;_unversioned_&#34;, &#34;lifecycle&#34;: &#34;Started&#34;, &#34;cause&#34;: &#34;Poll&#34;, &#34;logging-call-at&#34;: &#34;/home/runner/work/temporal/temporal/service/matching/physical_task_queue_manager.go:288&#34;}&#xA;2024-10-18T13:42:18.090Z&#x9;info&#x9;temporal-sys-history-scanner-workflow workflow successfully started&#x9;{&#34;cluster-name&#34;: &#34;nexus_request_forwarding_standby&#34;, &#34;host&#34;: &#34;127.0.6.1:7138&#34;, &#34;service&#34;: &#34;worker&#34;, &#34;logging-call-at&#34;: &#34;/home/runner/work/temporal/temporal/service/worker/scanner/scanner.go:290&#34;}&#xA;2024-10-18T13:42:18.091Z&#x9;info&#x9;Started physicalTaskQueueManager&#x9;{&#34;cluster-name&#34;: &#34;nexus_request_forwarding_standby&#34;, &#34;host&#34;: &#34;127.0.6.1:7136&#34;, &#34;component&#34;: &#34;matching-engine&#34;, &#34;wf-task-queue-name&#34;: &#34;/_sys/temporal-sys-history-scanner-taskqueue-0/1&#34;, &#34;wf-task-queue-type&#34;: &#34;Workflow&#34;, &#34;wf-namespace&#34;: &#34;temporal-system&#34;, &#34;worker-build-id&#34;: &#34;_unversioned_&#34;, &#34;lifecycle&#34;: &#34;Started&#34;, &#34;cause&#34;: &#34;Poll&#34;, &#34;logging-call-at&#34;: &#34;/home/runner/work/temporal/temporal/service/matching/physical_task_queue_manager.go:288&#34;}&#xA;2024-10-18T13:42:18.093Z&#x9;info&#x9;Started physicalTaskQueueManager&#x9;{&#34;cluster-name&#34;: &#34;nexus_request_forwarding_standby&#34;, &#34;host&#34;: &#34;127.0.6.1:7136&#34;, &#34;component&#34;: &#34;matching-engine&#34;, &#34;wf-task-queue-name&#34;: &#34;fv-az1041-860:b6cf2998-3f48-4f85-8266-321e29ff850b&#34;, &#34;wf-task-queue-type&#34;: &#34;Workflow&#34;, &#34;wf-namespace&#34;: &#34;temporal-system&#34;, &#34;worker-build-id&#34;: &#34;_unversioned_&#34;, &#34;lifecycle&#34;: &#34;Started&#34;, &#34;cause&#34;: &#34;Poll&#34;, &#34;logging-call-at&#34;: &#34;/home/runner/work/temporal/temporal/service/matching/physical_task_queue_manager.go:288&#34;}&#xA;2024-10-18T13:42:18.100Z&#x9;info&#x9;Started physicalTaskQueueManager&#x9;{&#34;cluster-name&#34;: &#34;integ_standby&#34;, &#34;host&#34;: &#34;127.0.4.1:7136&#34;, &#34;component&#34;: &#34;matching-engine&#34;, &#34;wf-task-queue-name&#34;: &#34;/_sys/temporal-sys-tq-scanner-taskqueue-0/3&#34;, &#34;wf-task-queue-type&#34;: &#34;Workflow&#34;, &#34;wf-namespace&#34;: &#34;temporal-system&#34;, &#34;worker-build-id&#34;: &#34;_unversioned_&#34;, &#34;lifecycle&#34;: &#34;Started&#34;, &#34;cause&#34;: &#34;Poll&#34;, &#34;logging-call-at&#34;: &#34;/home/runner/work/temporal/temporal/service/matching/physical_task_queue_manager.go:288&#34;}&#xA;2024-10-18T13:42:18.102Z&#x9;info&#x9;Quota changed&#x9;{&#34;cluster-name&#34;: &#34;integ_standby&#34;, &#34;host&#34;: &#34;127.0.4.1:7132&#34;, &#34;service&#34;: &#34;history&#34;, &#34;component&#34;: &#34;persistence&#34;, &#34;scope&#34;: &#34;namespace&#34;, &#34;wf-namespace&#34;: &#34;temporal-system&#34;, &#34;current-quota&#34;: null, &#34;new-quota&#34;: 0, &#34;logging-call-at&#34;: &#34;/home/runner/work/temporal/temporal/common/quotas/calculator/logged_calculator.go:124&#34;}&#xA;2024-10-18T13:42:18.103Z&#x9;info&#x9;Started physicalTaskQueueManager&#x9;{&#34;cluster-name&#34;: &#34;integ_standby&#34;, &#34;host&#34;: &#34;127.0.4.1:7136&#34;, &#34;component&#34;: &#34;matching-engine&#34;, &#34;wf-task-queue-name&#34;: &#34;/_sys/temporal-sys-tq-scanner-taskqueue-0/1&#34;, &#34;wf-task-queue-type&#34;: &#34;Workflow&#34;, &#34;wf-namespace&#34;: &#34;temporal-system&#34;, &#34;worker-build-id&#34;: &#34;_unversioned_&#34;, &#34;lifecycle&#34;: &#34;Started&#34;, &#34;cause&#34;: &#34;Poll&#34;, &#34;logging-call-at&#34;: &#34;/home/runner/work/temporal/temporal/service/matching/physical_task_queue_manager.go:288&#34;}&#xA;2024-10-18T13:42:18.104Z&#x9;info&#x9;Started physicalTaskQueueManager&#x9;{&#34;cluster-name&#34;: &#34;integ_standby&#34;, &#34;host&#34;: &#34;127.0.4.1:7136&#34;, &#34;component&#34;: &#34;matching-engine&#34;, &#34;wf-task-queue-name&#34;: &#34;/_sys/temporal-sys-tq-scanner-taskqueue-0/2&#34;, &#34;wf-task-queue-type&#34;: &#34;Workflow&#34;, &#34;wf-namespace&#34;: &#34;temporal-system&#34;, &#34;worker-build-id&#34;: &#34;_unversioned_&#34;, &#34;lifecycle&#34;: &#34;Started&#34;, &#34;cause&#34;: &#34;Poll&#34;, &#34;logging-call-at&#34;: &#34;/home/runner/work/temporal/temporal/service/matching/physical_task_queue_manager.go:288&#34;}&#xA;2024-10-18T13:42:18.105Z&#x9;info&#x9;Started physicalTaskQueueManager&#x9;{&#34;cluster-name&#34;: &#34;integ_standby&#34;, &#34;host&#34;: &#34;127.0.4.1:7136&#34;, &#34;component&#34;: &#34;matching-engine&#34;, &#34;wf-task-queue-name&#34;: &#34;temporal-sys-tq-scanner-taskqueue-0&#34;, &#34;wf-task-queue-type&#34;: &#34;Workflow&#34;, &#34;wf-namespace&#34;: &#34;temporal-system&#34;, &#34;worker-build-id&#34;: &#34;_unversioned_&#34;, &#34;lifecycle&#34;: &#34;Started&#34;, &#34;cause&#34;: &#34;Poll&#34;, &#34;logging-call-at&#34;: &#34;/home/runner/work/temporal/temporal/service/matching/physical_task_queue_manager.go:288&#34;}&#xA;2024-10-18T13:42:18.108Z&#x9;info&#x9;Started physicalTaskQueueManager&#x9;{&#34;cluster-name&#34;: &#34;integ_standby&#34;, &#34;host&#34;: &#34;127.0.4.1:7136&#34;, &#34;component&#34;: &#34;matching-engine&#34;, &#34;wf-task-queue-name&#34;: &#34;/_sys/temporal-sys-tq-scanner-taskqueue-0/2&#34;, &#34;wf-task-queue-type&#34;: &#34;Activity&#34;, &#34;wf-namespace&#34;: &#34;temporal-system&#34;, &#34;worker-build-id&#34;: &#34;_unversioned_&#34;, &#34;lifecycle&#34;: &#34;Started&#34;, &#34;cause&#34;: &#34;Poll&#34;, &#34;logging-call-at&#34;: &#34;/home/runner/work/temporal/temporal/service/matching/physical_task_queue_manager.go:288&#34;}&#xA;2024-10-18T13:42:18.109Z&#x9;info&#x9;Quota changed&#x9;{&#34;cluster-name&#34;: &#34;integ_standby&#34;, &#34;host&#34;: &#34;127.0.4.1:7136&#34;, &#34;service&#34;: &#34;matching&#34;, &#34;component&#34;: &#34;persistence&#34;, &#34;scope&#34;: &#34;namespace&#34;, &#34;wf-namespace&#34;: &#34;temporal-system&#34;, &#34;current-quota&#34;: null, &#34;new-quota&#34;: 0, &#34;logging-call-at&#34;: &#34;/home/runner/work/temporal/temporal/common/quotas/calculator/logged_calculator.go:124&#34;}&#xA;2024-10-18T13:42:18.110Z&#x9;info&#x9;Started physicalTaskQueueManager&#x9;{&#34;cluster-name&#34;: &#34;integ_standby&#34;, &#34;host&#34;: &#34;127.0.4.1:7136&#34;, &#34;component&#34;: &#34;matching-engine&#34;, &#34;wf-task-queue-name&#34;: &#34;/_sys/temporal-sys-tq-scanner-taskqueue-0/1&#34;, &#34;wf-task-queue-type&#34;: &#34;Activity&#34;, &#34;wf-namespace&#34;: &#34;temporal-system&#34;, &#34;worker-build-id&#34;: &#34;_unversioned_&#34;, &#34;lifecycle&#34;: &#34;Started&#34;, &#34;cause&#34;: &#34;Poll&#34;, &#34;logging-call-at&#34;: &#34;/home/runner/work/temporal/temporal/service/matching/physical_task_queue_manager.go:288&#34;}&#xA;2024-10-18T13:42:18.154Z&#x9;info&#x9;Started Worker&#x9;{&#34;cluster-name&#34;: &#34;nexus_state_replication_standby&#34;, &#34;host&#34;: &#34;127.0.7.1:7138&#34;, &#34;Namespace&#34;: &#34;temporal-system&#34;, &#34;TaskQueue&#34;: &#34;temporal-sys-delete-namespace-activity-tq&#34;, &#34;WorkerID&#34;: &#34;2666@fv-az1041-860@&#34;, &#34;logging-call-at&#34;: &#34;/opt/hostedtoolcache/go/1.22.6/x64/src/sync/oncefunc.go:57&#34;}&#xA;2024-10-18T13:42:18.158Z&#x9;info&#x9;Started physicalTaskQueueManager&#x9;{&#34;cluster-name&#34;: &#34;nexus_request_forwarding_standby&#34;, &#34;host&#34;: &#34;127.0.6.1:7136&#34;, &#34;component&#34;: &#34;matching-engine&#34;, &#34;wf-task-queue-name&#34;: &#34;/_sys/temporal-sys-history-scanner-taskqueue-0/2&#34;, &#34;wf-task-queue-type&#34;: &#34;Activity&#34;, &#34;wf-namespace&#34;: &#34;temporal-system&#34;, &#34;worker-build-id&#34;: &#34;_unversioned_&#34;, &#34;lifecycle&#34;: &#34;Started&#34;, &#34;cause&#34;: &#34;Poll&#34;, &#34;logging-call-at&#34;: &#34;/home/runner/work/temporal/temporal/service/matching/physical_task_queue_manager.go:288&#34;}&#xA;2024-10-18T13:42:18.161Z&#x9;info&#x9;Started physicalTaskQueueManager&#x9;{&#34;cluster-name&#34;: &#34;nexus_request_forwarding_standby&#34;, &#34;host&#34;: &#34;127.0.6.1:7136&#34;, &#34;component&#34;: &#34;matching-engine&#34;, &#34;wf-task-queue-name&#34;: &#34;/_sys/temporal-sys-history-scanner-taskqueue-0/3&#34;, &#34;wf-task-queue-type&#34;: &#34;Workflow&#34;, &#34;wf-namespace&#34;: &#34;temporal-system&#34;, &#34;worker-build-id&#34;: &#34;_unversioned_&#34;, &#34;lifecycle&#34;: &#34;Started&#34;, &#34;cause&#34;: &#34;Force&#34;, &#34;logging-call-at&#34;: &#34;/home/runner/work/temporal/temporal/service/matching/physical_task_queue_manager.go:288&#34;}&#xA;2024-10-18T13:42:18.163Z&#x9;info&#x9;Started physicalTaskQueueManager&#x9;{&#34;cluster-name&#34;: &#34;nexus_request_forwarding_standby&#34;, &#34;host&#34;: &#34;127.0.6.1:7136&#34;, &#34;component&#34;: &#34;matching-engine&#34;, &#34;wf-task-queue-name&#34;: &#34;/_sys/temporal-sys-history-scanner-taskqueue-0/3&#34;, &#34;wf-task-queue-type&#34;: &#34;Activity&#34;, &#34;wf-namespace&#34;: &#34;temporal-system&#34;, &#34;worker-build-id&#34;: &#34;_unversioned_&#34;, &#34;lifecycle&#34;: &#34;Started&#34;, &#34;cause&#34;: &#34;Poll&#34;, &#34;logging-call-at&#34;: &#34;/home/runner/work/temporal/temporal/service/matching/physical_task_queue_manager.go:288&#34;}&#xA;2024-10-18T13:42:18.167Z&#x9;info&#x9;Started physicalTaskQueueManager&#x9;{&#34;cluster-name&#34;: &#34;integ_standby&#34;, &#34;host&#34;: &#34;127.0.4.1:7136&#34;, &#34;component&#34;: &#34;matching-engine&#34;, &#34;wf-task-queue-name&#34;: &#34;/_sys/temporal-sys-tq-scanner-taskqueue-0/3&#34;, &#34;wf-task-queue-type&#34;: &#34;Activity&#34;, &#34;wf-namespace&#34;: &#34;temporal-system&#34;, &#34;worker-build-id&#34;: &#34;_unversioned_&#34;, &#34;lifecycle&#34;: &#34;Started&#34;, &#34;cause&#34;: &#34;Poll&#34;, &#34;logging-call-at&#34;: &#34;/home/runner/work/temporal/temporal/service/matching/physical_task_queue_manager.go:288&#34;}&#xA;2024-10-18T13:42:18.168Z&#x9;info&#x9;Started physicalTaskQueueManager&#x9;{&#34;cluster-name&#34;: &#34;integ_standby&#34;, &#34;host&#34;: &#34;127.0.4.1:7136&#34;, &#34;component&#34;: &#34;matching-engine&#34;, &#34;wf-task-queue-name&#34;: &#34;temporal-sys-tq-scanner-taskqueue-0&#34;, &#34;wf-task-queue-type&#34;: &#34;Activity&#34;, &#34;wf-namespace&#34;: &#34;temporal-system&#34;, &#34;worker-build-id&#34;: &#34;_unversioned_&#34;, &#34;lifecycle&#34;: &#34;Started&#34;, &#34;cause&#34;: &#34;Poll&#34;, &#34;logging-call-at&#34;: &#34;/home/runner/work/temporal/temporal/service/matching/physical_task_queue_manager.go:288&#34;}&#xA;2024-10-18T13:42:18.171Z&#x9;info&#x9;Started physicalTaskQueueManager&#x9;{&#34;cluster-name&#34;: &#34;nexus_state_replication_standby&#34;, &#34;host&#34;: &#34;127.0.7.1:7136&#34;, &#34;component&#34;: &#34;matching-engine&#34;, &#34;wf-task-queue-name&#34;: &#34;temporal-sys-migration-activity-tq&#34;, &#34;wf-task-queue-type&#34;: &#34;Activity&#34;, &#34;wf-namespace&#34;: &#34;temporal-system&#34;, &#34;worker-build-id&#34;: &#34;_unversioned_&#34;, &#34;lifecycle&#34;: &#34;Started&#34;, &#34;cause&#34;: &#34;Poll&#34;, &#34;logging-call-at&#34;: &#34;/home/runner/work/temporal/temporal/service/matching/physical_task_queue_manager.go:288&#34;}&#xA;2024-10-18T13:42:18.174Z&#x9;info&#x9;Started physicalTaskQueueManager&#x9;{&#34;cluster-name&#34;: &#34;nexus_state_replication_standby&#34;, &#34;host&#34;: &#34;127.0.7.1:7136&#34;, &#34;component&#34;: &#34;matching-engine&#34;, &#34;wf-task-queue-name&#34;: &#34;default-worker-tq&#34;, &#34;wf-task-queue-type&#34;: &#34;Activity&#34;, &#34;wf-namespace&#34;: &#34;temporal-system&#34;, &#34;worker-build-id&#34;: &#34;_unversioned_&#34;, &#34;lifecycle&#34;: &#34;Started&#34;, &#34;cause&#34;: &#34;Poll&#34;, &#34;logging-call-at&#34;: &#34;/home/runner/work/temporal/temporal/service/matching/physical_task_queue_manager.go:288&#34;}&#xA;2024-10-18T13:42:18.174Z&#x9;info&#x9;Started physicalTaskQueueManager&#x9;{&#34;cluster-name&#34;: &#34;nexus_request_forwarding_standby&#34;, &#34;host&#34;: &#34;127.0.6.1:7136&#34;, &#34;component&#34;: &#34;matching-engine&#34;, &#34;wf-task-queue-name&#34;: &#34;/_sys/temporal-sys-history-scanner-taskqueue-0/1&#34;, &#34;wf-task-queue-type&#34;: &#34;Activity&#34;, &#34;wf-namespace&#34;: &#34;temporal-system&#34;, &#34;worker-build-id&#34;: &#34;_unversioned_&#34;, &#34;lifecycle&#34;: &#34;Started&#34;, &#34;cause&#34;: &#34;Poll&#34;, &#34;logging-call-at&#34;: &#34;/home/runner/work/temporal/temporal/service/matching/physical_task_queue_manager.go:288&#34;}&#xA;2024-10-18T13:42:18.175Z&#x9;info&#x9;Started physicalTaskQueueManager&#x9;{&#34;cluster-name&#34;: &#34;nexus_request_forwarding_standby&#34;, &#34;host&#34;: &#34;127.0.6.1:7136&#34;, &#34;component&#34;: &#34;matching-engine&#34;, &#34;wf-task-queue-name&#34;: &#34;temporal-sys-history-scanner-taskqueue-0&#34;, &#34;wf-task-queue-type&#34;: &#34;Activity&#34;, &#34;wf-namespace&#34;: &#34;temporal-system&#34;, &#34;worker-build-id&#34;: &#34;_unversioned_&#34;, &#34;lifecycle&#34;: &#34;Started&#34;, &#34;cause&#34;: &#34;Poll&#34;, &#34;logging-call-at&#34;: &#34;/home/runner/work/temporal/temporal/service/matching/physical_task_queue_manager.go:288&#34;}&#xA;2024-10-18T13:42:18.187Z&#x9;info&#x9;Started physicalTaskQueueManager&#x9;{&#34;cluster-name&#34;: &#34;nexus_state_replication_standby&#34;, &#34;host&#34;: &#34;127.0.7.1:7136&#34;, &#34;component&#34;: &#34;matching-engine&#34;, &#34;wf-task-queue-name&#34;: &#34;temporal-sys-delete-namespace-activity-tq&#34;, &#34;wf-task-queue-type&#34;: &#34;Activity&#34;, &#34;wf-namespace&#34;: &#34;temporal-system&#34;, &#34;worker-build-id&#34;: &#34;_unversioned_&#34;, &#34;lifecycle&#34;: &#34;Started&#34;, &#34;cause&#34;: &#34;Poll&#34;, &#34;logging-call-at&#34;: &#34;/home/runner/work/temporal/temporal/service/matching/physical_task_queue_manager.go:288&#34;}&#xA;2024-10-18T13:42:18.189Z&#x9;info&#x9;loaded user data from db&#x9;{&#34;cluster-name&#34;: &#34;nexus_request_forwarding_standby&#34;, &#34;host&#34;: &#34;127.0.6.1:7136&#34;, &#34;component&#34;: &#34;matching-engine&#34;, &#34;user-data-version&#34;: 0, &#34;timestamp&#34;: &#34;1970-01-01T00:00:00.000Z&#34;, &#34;logging-call-at&#34;: &#34;/home/runner/work/temporal/temporal/service/matching/user_data_manager.go:551&#34;}&#xA;2024-10-18T13:42:18.198Z&#x9;info&#x9;Started Worker&#x9;{&#34;cluster-name&#34;: &#34;nexus_state_replication_standby&#34;, &#34;host&#34;: &#34;127.0.7.1:7138&#34;, &#34;Namespace&#34;: &#34;temporal-system&#34;, &#34;TaskQueue&#34;: &#34;temporal-sys-add-search-attributes-activity-tq&#34;, &#34;WorkerID&#34;: &#34;2666@fv-az1041-860@&#34;, &#34;logging-call-at&#34;: &#34;/opt/hostedtoolcache/go/1.22.6/x64/src/sync/oncefunc.go:57&#34;}&#xA;2024-10-18T13:42:18.201Z&#x9;info&#x9;Started physicalTaskQueueManager&#x9;{&#34;cluster-name&#34;: &#34;integ_standby&#34;, &#34;host&#34;: &#34;127.0.4.1:7136&#34;, &#34;component&#34;: &#34;matching-engine&#34;, &#34;wf-task-queue-name&#34;: &#34;/_sys/temporal-sys-history-scanner-taskqueue-0/1&#34;, &#34;wf-task-queue-type&#34;: &#34;Workflow&#34;, &#34;wf-namespace&#34;: &#34;temporal-system&#34;, &#34;worker-build-id&#34;: &#34;_unversioned_&#34;, &#34;lifecycle&#34;: &#34;Started&#34;, &#34;cause&#34;: &#34;Poll&#34;, &#34;logging-call-at&#34;: &#34;/home/runner/work/temporal/temporal/service/matching/physical_task_queue_manager.go:288&#34;}&#xA;2024-10-18T13:42:18.203Z&#x9;info&#x9;Started physicalTaskQueueManager&#x9;{&#34;cluster-name&#34;: &#34;nexus_request_forwarding_standby&#34;, &#34;host&#34;: &#34;127.0.6.1:7136&#34;, &#34;component&#34;: &#34;matching-engine&#34;, &#34;wf-task-queue-name&#34;: &#34;fv-az1041-860:f546941a-aa20-49db-b9b7-5d325a6cfa01&#34;, &#34;wf-task-queue-type&#34;: &#34;Workflow&#34;, &#34;wf-namespace&#34;: &#34;temporal-system&#34;, &#34;worker-build-id&#34;: &#34;_unversioned_&#34;, &#34;lifecycle&#34;: &#34;Started&#34;, &#34;cause&#34;: &#34;Poll&#34;, &#34;logging-call-at&#34;: &#34;/home/runner/work/temporal/temporal/service/matching/physical_task_queue_manager.go:288&#34;}&#xA;2024-10-18T13:42:18.204Z&#x9;info&#x9;loaded user data from db&#x9;{&#34;cluster-name&#34;: &#34;integ_standby&#34;, &#34;host&#34;: &#34;127.0.4.1:7136&#34;, &#34;component&#34;: &#34;matching-engine&#34;, &#34;user-data-version&#34;: 0, &#34;timestamp&#34;: &#34;1970-01-01T00:00:00.000Z&#34;, &#34;logging-call-at&#34;: &#34;/home/runner/work/temporal/temporal/service/matching/user_data_manager.go:551&#34;}&#xA;2024-10-18T13:42:18.205Z&#x9;info&#x9;Started physicalTaskQueueManager&#x9;{&#34;cluster-name&#34;: &#34;integ_standby&#34;, &#34;host&#34;: &#34;127.0.4.1:7136&#34;, &#34;component&#34;: &#34;matching-engine&#34;, &#34;wf-task-queue-name&#34;: &#34;fv-az1041-860:1c853bc3-3550-41ed-8a7c-57460ca1b69c&#34;, &#34;wf-task-queue-type&#34;: &#34;Workflow&#34;, &#34;wf-namespace&#34;: &#34;temporal-system&#34;, &#34;worker-build-id&#34;: &#34;_unversioned_&#34;, &#34;lifecycle&#34;: &#34;Started&#34;, &#34;cause&#34;: &#34;Poll&#34;, &#34;logging-call-at&#34;: &#34;/home/runner/work/temporal/temporal/service/matching/physical_task_queue_manager.go:288&#34;}&#xA;2024-10-18T13:42:18.207Z&#x9;info&#x9;Started physicalTaskQueueManager&#x9;{&#34;cluster-name&#34;: &#34;integ_standby&#34;, &#34;host&#34;: &#34;127.0.4.1:7136&#34;, &#34;component&#34;: &#34;matching-engine&#34;, &#34;wf-task-queue-name&#34;: &#34;/_sys/temporal-sys-history-scanner-taskqueue-0/2&#34;, &#34;wf-task-queue-type&#34;: &#34;Workflow&#34;, &#34;wf-namespace&#34;: &#34;temporal-system&#34;, &#34;worker-build-id&#34;: &#34;_unversioned_&#34;, &#34;lifecycle&#34;: &#34;Started&#34;, &#34;cause&#34;: &#34;Poll&#34;, &#34;logging-call-at&#34;: &#34;/home/runner/work/temporal/temporal/service/matching/physical_task_queue_manager.go:288&#34;}&#xA;2024-10-18T13:42:18.209Z&#x9;info&#x9;Started physicalTaskQueueManager&#x9;{&#34;cluster-name&#34;: &#34;nexus_state_replication_standby&#34;, &#34;host&#34;: &#34;127.0.7.1:7136&#34;, &#34;component&#34;: &#34;matching-engine&#34;, &#34;wf-task-queue-name&#34;: &#34;temporal-sys-migration-activity-tq&#34;, &#34;wf-task-queue-type&#34;: &#34;Workflow&#34;, &#34;wf-namespace&#34;: &#34;temporal-system&#34;, &#34;worker-build-id&#34;: &#34;_unversioned_&#34;, &#34;lifecycle&#34;: &#34;Started&#34;, &#34;cause&#34;: &#34;UserData&#34;, &#34;logging-call-at&#34;: &#34;/home/runner/work/temporal/temporal/service/matching/physical_task_queue_manager.go:288&#34;}&#xA;2024-10-18T13:42:18.211Z&#x9;info&#x9;Started Worker&#x9;{&#34;cluster-name&#34;: &#34;integ_standby&#34;, &#34;host&#34;: &#34;127.0.4.1:7138&#34;, &#34;Namespace&#34;: &#34;temporal-system&#34;, &#34;TaskQueue&#34;: &#34;temporal-sys-history-scanner-taskqueue-0&#34;, &#34;WorkerID&#34;: &#34;2666@fv-az1041-860@&#34;, &#34;logging-call-at&#34;: &#34;/opt/hostedtoolcache/go/1.22.6/x64/src/sync/oncefunc.go:57&#34;}&#xA;2024-10-18T13:42:18.211Z&#x9;info&#x9;Started physicalTaskQueueManager&#x9;{&#34;cluster-name&#34;: &#34;nexus_request_forwarding_standby&#34;, &#34;host&#34;: &#34;127.0.6.1:7136&#34;, &#34;component&#34;: &#34;matching-engine&#34;, &#34;wf-task-queue-name&#34;: &#34;/_sys/temporal-sys-processor-parent-close-policy/3&#34;, &#34;wf-task-queue-type&#34;: &#34;Workflow&#34;, &#34;wf-namespace&#34;: &#34;temporal-system&#34;, &#34;worker-build-id&#34;: &#34;_unversioned_&#34;, &#34;lifecycle&#34;: &#34;Started&#34;, &#34;cause&#34;: &#34;Poll&#34;, &#34;logging-call-at&#34;: &#34;/home/runner/work/temporal/temporal/service/matching/physical_task_queue_manager.go:288&#34;}&#xA;2024-10-18T13:42:18.211Z&#x9;info&#x9;Started physicalTaskQueueManager&#x9;{&#34;cluster-name&#34;: &#34;nexus_state_replication_standby&#34;, &#34;host&#34;: &#34;127.0.7.1:7136&#34;, &#34;component&#34;: &#34;matching-engine&#34;, &#34;wf-task-queue-name&#34;: &#34;/_sys/default-worker-tq/2&#34;, &#34;wf-task-queue-type&#34;: &#34;Activity&#34;, &#34;wf-namespace&#34;: &#34;temporal-system&#34;, &#34;worker-build-id&#34;: &#34;_unversioned_&#34;, &#34;lifecycle&#34;: &#34;Started&#34;, &#34;cause&#34;: &#34;Force&#34;, &#34;logging-call-at&#34;: &#34;/home/runner/work/temporal/temporal/service/matching/physical_task_queue_manager.go:288&#34;}&#xA;2024-10-18T13:42:18.214Z&#x9;info&#x9;Started physicalTaskQueueManager&#x9;{&#34;cluster-name&#34;: &#34;nexus_request_forwarding_standby&#34;, &#34;host&#34;: &#34;127.0.6.1:7136&#34;, &#34;component&#34;: &#34;matching-engine&#34;, &#34;wf-task-queue-name&#34;: &#34;/_sys/temporal-sys-processor-parent-close-policy/2&#34;, &#34;wf-task-queue-type&#34;: &#34;Workflow&#34;, &#34;wf-namespace&#34;: &#34;temporal-system&#34;, &#34;worker-build-id&#34;: &#34;_unversioned_&#34;, &#34;lifecycle&#34;: &#34;Started&#34;, &#34;cause&#34;: &#34;Poll&#34;, &#34;logging-call-at&#34;: &#34;/home/runner/work/temporal/temporal/service/matching/physical_task_queue_manager.go:288&#34;}&#xA;2024-10-18T13:42:18.215Z&#x9;info&#x9;Started physicalTaskQueueManager&#x9;{&#34;cluster-name&#34;: &#34;integ_standby&#34;, &#34;host&#34;: &#34;127.0.4.1:7136&#34;, &#34;component&#34;: &#34;matching-engine&#34;, &#34;wf-task-queue-name&#34;: &#34;/_sys/temporal-sys-history-scanner-taskqueue-0/3&#34;, &#34;wf-task-queue-type&#34;: &#34;Workflow&#34;, &#34;wf-namespace&#34;: &#34;temporal-system&#34;, &#34;worker-build-id&#34;: &#34;_unversioned_&#34;, &#34;lifecycle&#34;: &#34;Started&#34;, &#34;cause&#34;: &#34;Poll&#34;, &#34;logging-call-at&#34;: &#34;/home/runner/work/temporal/temporal/service/matching/physical_task_queue_manager.go:288&#34;}&#xA;2024-10-18T13:42:18.217Z&#x9;info&#x9;Started physicalTaskQueueManager&#x9;{&#34;cluster-name&#34;: &#34;integ_standby&#34;, &#34;host&#34;: &#34;127.0.4.1:7136&#34;, &#34;component&#34;: &#34;matching-engine&#34;, &#34;wf-task-queue-name&#34;: &#34;temporal-sys-history-scanner-taskqueue-0&#34;, &#34;wf-task-queue-type&#34;: &#34;Workflow&#34;, &#34;wf-namespace&#34;: &#34;temporal-system&#34;, &#34;worker-build-id&#34;: &#34;_unversioned_&#34;, &#34;lifecycle&#34;: &#34;Started&#34;, &#34;cause&#34;: &#34;Poll&#34;, &#34;logging-call-at&#34;: &#34;/home/runner/work/temporal/temporal/service/matching/physical_task_queue_manager.go:288&#34;}&#xA;2024-10-18T13:42:18.217Z&#x9;info&#x9;Started physicalTaskQueueManager&#x9;{&#34;cluster-name&#34;: &#34;nexus_state_replication_standby&#34;, &#34;host&#34;: &#34;127.0.7.1:7136&#34;, &#34;component&#34;: &#34;matching-engine&#34;, &#34;wf-task-queue-name&#34;: &#34;temporal-sys-delete-namespace-activity-tq&#34;, &#34;wf-task-queue-type&#34;: &#34;Workflow&#34;, &#34;wf-namespace&#34;: &#34;temporal-system&#34;, &#34;worker-build-id&#34;: &#34;_unversioned_&#34;, &#34;lifecycle&#34;: &#34;Started&#34;, &#34;cause&#34;: &#34;UserData&#34;, &#34;logging-call-at&#34;: &#34;/home/runner/work/temporal/temporal/service/matching/physical_task_queue_manager.go:288&#34;}&#xA;2024-10-18T13:42:18.220Z&#x9;info&#x9;loaded user data from db&#x9;{&#34;cluster-name&#34;: &#34;nexus_state_replication_standby&#34;, &#34;host&#34;: &#34;127.0.7.1:7136&#34;, &#34;component&#34;: &#34;matching-engine&#34;, &#34;user-data-version&#34;: 0, &#34;timestamp&#34;: &#34;1970-01-01T00:00:00.000Z&#34;, &#34;logging-call-at&#34;: &#34;/home/runner/work/temporal/temporal/service/matching/user_data_manager.go:551&#34;}&#xA;2024-10-18T13:42:18.227Z&#x9;info&#x9;Started physicalTaskQueueManager&#x9;{&#34;cluster-name&#34;: &#34;nexus_request_forwarding_standby&#34;, &#34;host&#34;: &#34;127.0.6.1:7136&#34;, &#34;component&#34;: &#34;matching-engine&#34;, &#34;wf-task-queue-name&#34;: &#34;temporal-sys-processor-parent-close-policy&#34;, &#34;wf-task-queue-type&#34;: &#34;Workflow&#34;, &#34;wf-namespace&#34;: &#34;temporal-system&#34;, &#34;worker-build-id&#34;: &#34;_unversioned_&#34;, &#34;lifecycle&#34;: &#34;Started&#34;, &#34;cause&#34;: &#34;UserData&#34;, &#34;logging-call-at&#34;: &#34;/home/runner/work/temporal/temporal/service/matching/physical_task_queue_manager.go:288&#34;}&#xA;2024-10-18T13:42:18.229Z&#x9;info&#x9;Started Worker&#x9;{&#34;cluster-name&#34;: &#34;nexus_request_forwarding_standby&#34;, &#34;host&#34;: &#34;127.0.6.1:7138&#34;, &#34;Namespace&#34;: &#34;temporal-system&#34;, &#34;TaskQueue&#34;: &#34;temporal-sys-processor-parent-close-policy&#34;, &#34;WorkerID&#34;: &#34;2666@fv-az1041-860@&#34;, &#34;logging-call-at&#34;: &#34;/opt/hostedtoolcache/go/1.22.6/x64/src/sync/oncefunc.go:57&#34;}&#xA;2024-10-18T13:42:18.236Z&#x9;info&#x9;loaded user data from db&#x9;{&#34;cluster-name&#34;: &#34;nexus_state_replication_standby&#34;, &#34;host&#34;: &#34;127.0.7.1:7136&#34;, &#34;component&#34;: &#34;matching-engine&#34;, &#34;user-data-version&#34;: 0, &#34;timestamp&#34;: &#34;1970-01-01T00:00:00.000Z&#34;, &#34;logging-call-at&#34;: &#34;/home/runner/work/temporal/temporal/service/matching/user_data_manager.go:551&#34;}&#xA;2024-10-18T13:42:18.238Z&#x9;info&#x9;Started physicalTaskQueueManager&#x9;{&#34;cluster-name&#34;: &#34;nexus_state_replication_standby&#34;, &#34;host&#34;: &#34;127.0.7.1:7136&#34;, &#34;component&#34;: &#34;matching-engine&#34;, &#34;wf-task-queue-name&#34;: &#34;temporal-sys-add-search-attributes-activity-tq&#34;, &#34;wf-task-queue-type&#34;: &#34;Activity&#34;, &#34;wf-namespace&#34;: &#34;temporal-system&#34;, &#34;worker-build-id&#34;: &#34;_unversioned_&#34;, &#34;lifecycle&#34;: &#34;Started&#34;, &#34;cause&#34;: &#34;Poll&#34;, &#34;logging-call-at&#34;: &#34;/home/runner/work/temporal/temporal/service/matching/physical_task_queue_manager.go:288&#34;}&#xA;2024-10-18T13:42:18.242Z&#x9;info&#x9;Started physicalTaskQueueManager&#x9;{&#34;cluster-name&#34;: &#34;integ_standby&#34;, &#34;host&#34;: &#34;127.0.4.1:7136&#34;, &#34;component&#34;: &#34;matching-engine&#34;, &#34;wf-task-queue-name&#34;: &#34;/_sys/temporal-sys-history-scanner-taskqueue-0/2&#34;, &#34;wf-task-queue-type&#34;: &#34;Activity&#34;, &#34;wf-namespace&#34;: &#34;temporal-system&#34;, &#34;worker-build-id&#34;: &#34;_unversioned_&#34;, &#34;lifecycle&#34;: &#34;Started&#34;, &#34;cause&#34;: &#34;Poll&#34;, &#34;logging-call-at&#34;: &#34;/home/runner/work/temporal/temporal/service/matching/physical_task_queue_manager.go:288&#34;}&#xA;2024-10-18T13:42:18.243Z&#x9;info&#x9;Started physicalTaskQueueManager&#x9;{&#34;cluster-name&#34;: &#34;nexus_request_forwarding_standby&#34;, &#34;host&#34;: &#34;127.0.6.1:7136&#34;, &#34;component&#34;: &#34;matching-engine&#34;, &#34;wf-task-queue-name&#34;: &#34;/_sys/temporal-sys-processor-parent-close-policy/1&#34;, &#34;wf-task-queue-type&#34;: &#34;Workflow&#34;, &#34;wf-namespace&#34;: &#34;temporal-system&#34;, &#34;worker-build-id&#34;: &#34;_unversioned_&#34;, &#34;lifecycle&#34;: &#34;Started&#34;, &#34;cause&#34;: &#34;Force&#34;, &#34;logging-call-at&#34;: &#34;/home/runner/work/temporal/temporal/service/matching/physical_task_queue_manager.go:288&#34;}&#xA;2024-10-18T13:42:18.246Z&#x9;info&#x9;Started Worker&#x9;{&#34;cluster-name&#34;: &#34;nexus_state_replication_standby&#34;, &#34;host&#34;: &#34;127.0.7.1:7138&#34;, &#34;Namespace&#34;: &#34;temporal-system&#34;, &#34;TaskQueue&#34;: &#34;temporal-sys-dlq-activity-tq&#34;, &#34;WorkerID&#34;: &#34;2666@fv-az1041-860@&#34;, &#34;logging-call-at&#34;: &#34;/opt/hostedtoolcache/go/1.22.6/x64/src/sync/oncefunc.go:57&#34;}&#xA;2024-10-18T13:42:18.247Z&#x9;info&#x9;none&#x9;{&#34;cluster-name&#34;: &#34;nexus_state_replication_standby&#34;, &#34;host&#34;: &#34;127.0.7.1:7138&#34;, &#34;component&#34;: &#34;worker-manager&#34;, &#34;lifecycle&#34;: &#34;Started&#34;, &#34;logging-call-at&#34;: &#34;/home/runner/work/temporal/temporal/service/worker/worker.go:117&#34;}&#xA;2024-10-18T13:42:18.247Z&#x9;info&#x9;none&#x9;{&#34;cluster-name&#34;: &#34;nexus_state_replication_standby&#34;, &#34;host&#34;: &#34;127.0.7.1:7138&#34;, &#34;component&#34;: &#34;perns-worker-manager&#34;, &#34;lifecycle&#34;: &#34;Starting&#34;, &#34;logging-call-at&#34;: &#34;/home/runner/work/temporal/temporal/service/worker/pernamespaceworker.go:167&#34;}&#xA;2024-10-18T13:42:18.247Z&#x9;info&#x9;none&#x9;{&#34;cluster-name&#34;: &#34;nexus_state_replication_standby&#34;, &#34;host&#34;: &#34;127.0.7.1:7138&#34;, &#34;component&#34;: &#34;perns-worker-manager&#34;, &#34;lifecycle&#34;: &#34;Started&#34;, &#34;logging-call-at&#34;: &#34;/home/runner/work/temporal/temporal/service/worker/pernamespaceworker.go:178&#34;}&#xA;2024-10-18T13:42:18.247Z&#x9;info&#x9;worker service started&#x9;{&#34;cluster-name&#34;: &#34;nexus_state_replication_standby&#34;, &#34;host&#34;: &#34;127.0.7.1:7138&#34;, &#34;service&#34;: &#34;worker&#34;, &#34;component&#34;: &#34;worker&#34;, &#34;address&#34;: &#34;127.0.7.1:7138&#34;, &#34;logging-call-at&#34;: &#34;/home/runner/work/temporal/temporal/service/worker/service.go:273&#34;}&#xA;2024-10-18T13:42:18.252Z&#x9;info&#x9;Started physicalTaskQueueManager&#x9;{&#34;cluster-name&#34;: &#34;integ_standby&#34;, &#34;host&#34;: &#34;127.0.4.1:7136&#34;, &#34;component&#34;: &#34;matching-engine&#34;, &#34;wf-task-queue-name&#34;: &#34;/_sys/temporal-sys-history-scanner-taskqueue-0/1&#34;, &#34;wf-task-queue-type&#34;: &#34;Activity&#34;, &#34;wf-namespace&#34;: &#34;temporal-system&#34;, &#34;worker-build-id&#34;: &#34;_unversioned_&#34;, &#34;lifecycle&#34;: &#34;Started&#34;, &#34;cause&#34;: &#34;Poll&#34;, &#34;logging-call-at&#34;: &#34;/home/runner/work/temporal/temporal/service/matching/physical_task_queue_manager.go:288&#34;}&#xA;2024-10-18T13:42:18.254Z&#x9;info&#x9;loaded user data from db&#x9;{&#34;cluster-name&#34;: &#34;integ_standby&#34;, &#34;host&#34;: &#34;127.0.4.1:7136&#34;, &#34;component&#34;: &#34;matching-engine&#34;, &#34;user-data-version&#34;: 0, &#34;timestamp&#34;: &#34;1970-01-01T00:00:00.000Z&#34;, &#34;logging-call-at&#34;: &#34;/home/runner/work/temporal/temporal/service/matching/user_data_manager.go:551&#34;}&#xA;2024-10-18T13:42:18.254Z&#x9;info&#x9;Started physicalTaskQueueManager&#x9;{&#34;cluster-name&#34;: &#34;integ_standby&#34;, &#34;host&#34;: &#34;127.0.4.1:7136&#34;, &#34;component&#34;: &#34;matching-engine&#34;, &#34;wf-task-queue-name&#34;: &#34;/_sys/temporal-sys-history-scanner-taskqueue-0/3&#34;, &#34;wf-task-queue-type&#34;: &#34;Activity&#34;, &#34;wf-namespace&#34;: &#34;temporal-system&#34;, &#34;worker-build-id&#34;: &#34;_unversioned_&#34;, &#34;lifecycle&#34;: &#34;Started&#34;, &#34;cause&#34;: &#34;Poll&#34;, &#34;logging-call-at&#34;: &#34;/home/runner/work/temporal/temporal/service/matching/physical_task_queue_manager.go:288&#34;}&#xA;2024-10-18T13:42:18.256Z&#x9;info&#x9;Started physicalTaskQueueManager&#x9;{&#34;cluster-name&#34;: &#34;nexus_request_forwarding_standby&#34;, &#34;host&#34;: &#34;127.0.6.1:7136&#34;, &#34;component&#34;: &#34;matching-engine&#34;, &#34;wf-task-queue-name&#34;: &#34;/_sys/temporal-sys-processor-parent-close-policy/3&#34;, &#34;wf-task-queue-type&#34;: &#34;Activity&#34;, &#34;wf-namespace&#34;: &#34;temporal-system&#34;, &#34;worker-build-id&#34;: &#34;_unversioned_&#34;, &#34;lifecycle&#34;: &#34;Started&#34;, &#34;cause&#34;: &#34;Poll&#34;, &#34;logging-call-at&#34;: &#34;/home/runner/work/temporal/temporal/service/matching/physical_task_queue_manager.go:288&#34;}&#xA;2024-10-18T13:42:18.257Z&#x9;info&#x9;temporal-sys-tq-scanner-workflow workflow successfully started&#x9;{&#34;cluster-name&#34;: &#34;integ_standby&#34;, &#34;host&#34;: &#34;127.0.4.1:7138&#34;, &#34;service&#34;: &#34;worker&#34;, &#34;logging-call-at&#34;: &#34;/home/runner/work/temporal/temporal/service/worker/scanner/scanner.go:290&#34;}&#xA;2024-10-18T13:42:18.260Z&#x9;info&#x9;Started physicalTaskQueueManager&#x9;{&#34;cluster-name&#34;: &#34;nexus_state_replication_standby&#34;, &#34;host&#34;: &#34;127.0.7.1:7136&#34;, &#34;component&#34;: &#34;matching-engine&#34;, &#34;wf-task-queue-name&#34;: &#34;temporal-sys-add-search-attributes-activity-tq&#34;, &#34;wf-task-queue-type&#34;: &#34;Workflow&#34;, &#34;wf-namespace&#34;: &#34;temporal-system&#34;, &#34;worker-build-id&#34;: &#34;_unversioned_&#34;, &#34;lifecycle&#34;: &#34;Started&#34;, &#34;cause&#34;: &#34;UserData&#34;, &#34;logging-call-at&#34;: &#34;/home/runner/work/temporal/temporal/service/matching/physical_task_queue_manager.go:288&#34;}&#xA;2024-10-18T13:42:18.262Z&#x9;info&#x9;Started physicalTaskQueueManager&#x9;{&#34;cluster-name&#34;: &#34;nexus_request_forwarding_standby&#34;, &#34;host&#34;: &#34;127.0.6.1:7136&#34;, &#34;component&#34;: &#34;matching-engine&#34;, &#34;wf-task-queue-name&#34;: &#34;/_sys/temporal-sys-processor-parent-close-policy/1&#34;, &#34;wf-task-queue-type&#34;: &#34;Activity&#34;, &#34;wf-namespace&#34;: &#34;temporal-system&#34;, &#34;worker-build-id&#34;: &#34;_unversioned_&#34;, &#34;lifecycle&#34;: &#34;Started&#34;, &#34;cause&#34;: &#34;Poll&#34;, &#34;logging-call-at&#34;: &#34;/home/runner/work/temporal/temporal/service/matching/physical_task_queue_manager.go:288&#34;}&#xA;2024-10-18T13:42:18.264Z&#x9;info&#x9;Started physicalTaskQueueManager&#x9;{&#34;cluster-name&#34;: &#34;nexus_request_forwarding_standby&#34;, &#34;host&#34;: &#34;127.0.6.1:7136&#34;, &#34;component&#34;: &#34;matching-engine&#34;, &#34;wf-task-queue-name&#34;: &#34;/_sys/temporal-sys-processor-parent-close-policy/2&#34;, &#34;wf-task-queue-type&#34;: &#34;Activity&#34;, &#34;wf-namespace&#34;: &#34;temporal-system&#34;, &#34;worker-build-id&#34;: &#34;_unversioned_&#34;, &#34;lifecycle&#34;: &#34;Started&#34;, &#34;cause&#34;: &#34;Poll&#34;, &#34;logging-call-at&#34;: &#34;/home/runner/work/temporal/temporal/service/matching/physical_task_queue_manager.go:288&#34;}&#xA;2024-10-18T13:42:18.266Z&#x9;info&#x9;Started physicalTaskQueueManager&#x9;{&#34;cluster-name&#34;: &#34;integ_standby&#34;, &#34;host&#34;: &#34;127.0.4.1:7136&#34;, &#34;component&#34;: &#34;matching-engine&#34;, &#34;wf-task-queue-name&#34;: &#34;temporal-sys-history-scanner-taskqueue-0&#34;, &#34;wf-task-queue-type&#34;: &#34;Activity&#34;, &#34;wf-namespace&#34;: &#34;temporal-system&#34;, &#34;worker-build-id&#34;: &#34;_unversioned_&#34;, &#34;lifecycle&#34;: &#34;Started&#34;, &#34;cause&#34;: &#34;Poll&#34;, &#34;logging-call-at&#34;: &#34;/home/runner/work/temporal/temporal/service/matching/physical_task_queue_manager.go:288&#34;}&#xA;2024-10-18T13:42:18.266Z&#x9;info&#x9;Started physicalTaskQueueManager&#x9;{&#34;cluster-name&#34;: &#34;nexus_request_forwarding_standby&#34;, &#34;host&#34;: &#34;127.0.6.1:7136&#34;, &#34;component&#34;: &#34;matching-engine&#34;, &#34;wf-task-queue-name&#34;: &#34;temporal-sys-processor-parent-close-policy&#34;, &#34;wf-task-queue-type&#34;: &#34;Activity&#34;, &#34;wf-namespace&#34;: &#34;temporal-system&#34;, &#34;worker-build-id&#34;: &#34;_unversioned_&#34;, &#34;lifecycle&#34;: &#34;Started&#34;, &#34;cause&#34;: &#34;Poll&#34;, &#34;logging-call-at&#34;: &#34;/home/runner/work/temporal/temporal/service/matching/physical_task_queue_manager.go:288&#34;}&#xA;2024-10-18T13:42:18.269Z&#x9;info&#x9;loaded user data from db&#x9;{&#34;cluster-name&#34;: &#34;nexus_request_forwarding_standby&#34;, &#34;host&#34;: &#34;127.0.6.1:7136&#34;, &#34;component&#34;: &#34;matching-engine&#34;, &#34;user-data-version&#34;: 0, &#34;timestamp&#34;: &#34;1970-01-01T00:00:00.000Z&#34;, &#34;logging-call-at&#34;: &#34;/home/runner/work/temporal/temporal/service/matching/user_data_manager.go:551&#34;}&#xA;2024-10-18T13:42:18.270Z&#x9;info&#x9;temporal-sys-tq-scanner-workflow workflow successfully started&#x9;{&#34;cluster-name&#34;: &#34;nexus_request_forwarding_standby&#34;, &#34;host&#34;: &#34;127.0.6.1:7138&#34;, &#34;service&#34;: &#34;worker&#34;, &#34;logging-call-at&#34;: &#34;/home/runner/work/temporal/temporal/service/worker/scanner/scanner.go:290&#34;}&#xA;2024-10-18T13:42:18.278Z&#x9;info&#x9;loaded user data from db&#x9;{&#34;cluster-name&#34;: &#34;nexus_state_replication_standby&#34;, &#34;host&#34;: &#34;127.0.7.1:7136&#34;, &#34;component&#34;: &#34;matching-engine&#34;, &#34;user-data-version&#34;: 0, &#34;timestamp&#34;: &#34;1970-01-01T00:00:00.000Z&#34;, &#34;logging-call-at&#34;: &#34;/home/runner/work/temporal/temporal/service/matching/user_data_manager.go:551&#34;}&#xA;2024-10-18T13:42:18.279Z&#x9;info&#x9;Started physicalTaskQueueManager&#x9;{&#34;cluster-name&#34;: &#34;integ_standby&#34;, &#34;host&#34;: &#34;127.0.4.1:7136&#34;, &#34;component&#34;: &#34;matching-engine&#34;, &#34;wf-task-queue-name&#34;: &#34;fv-az1041-860:171a4a68-f7bc-4958-b3bd-1cb2a8cfca01&#34;, &#34;wf-task-queue-type&#34;: &#34;Workflow&#34;, &#34;wf-namespace&#34;: &#34;temporal-system&#34;, &#34;worker-build-id&#34;: &#34;_unversioned_&#34;, &#34;lifecycle&#34;: &#34;Started&#34;, &#34;cause&#34;: &#34;Poll&#34;, &#34;logging-call-at&#34;: &#34;/home/runner/work/temporal/temporal/service/matching/physical_task_queue_manager.go:288&#34;}&#xA;2024-10-18T13:42:18.280Z&#x9;info&#x9;Started physicalTaskQueueManager&#x9;{&#34;cluster-name&#34;: &#34;nexus_state_replication_standby&#34;, &#34;host&#34;: &#34;127.0.7.1:7136&#34;, &#34;component&#34;: &#34;matching-engine&#34;, &#34;wf-task-queue-name&#34;: &#34;/_sys/temporal-sys-dlq-activity-tq/1&#34;, &#34;wf-task-queue-type&#34;: &#34;Activity&#34;, &#34;wf-namespace&#34;: &#34;temporal-system&#34;, &#34;worker-build-id&#34;: &#34;_unversioned_&#34;, &#34;lifecycle&#34;: &#34;Started&#34;, &#34;cause&#34;: &#34;Poll&#34;, &#34;logging-call-at&#34;: &#34;/home/runner/work/temporal/temporal/service/matching/physical_task_queue_manager.go:288&#34;}&#xA;2024-10-18T13:42:18.281Z&#x9;info&#x9;Started physicalTaskQueueManager&#x9;{&#34;cluster-name&#34;: &#34;integ_standby&#34;, &#34;host&#34;: &#34;127.0.4.1:7136&#34;, &#34;component&#34;: &#34;matching-engine&#34;, &#34;wf-task-queue-name&#34;: &#34;/_sys/temporal-sys-processor-parent-close-policy/2&#34;, &#34;wf-task-queue-type&#34;: &#34;Workflow&#34;, &#34;wf-namespace&#34;: &#34;temporal-system&#34;, &#34;worker-build-id&#34;: &#34;_unversioned_&#34;, &#34;lifecycle&#34;: &#34;Started&#34;, &#34;cause&#34;: &#34;Poll&#34;, &#34;logging-call-at&#34;: &#34;/home/runner/work/temporal/temporal/service/matching/physical_task_queue_manager.go:288&#34;}&#xA;2024-10-18T13:42:18.283Z&#x9;info&#x9;Started physicalTaskQueueManager&#x9;{&#34;cluster-name&#34;: &#34;nexus_state_replication_standby&#34;, &#34;host&#34;: &#34;127.0.7.1:7136&#34;, &#34;component&#34;: &#34;matching-engine&#34;, &#34;wf-task-queue-name&#34;: &#34;/_sys/temporal-sys-dlq-activity-tq/2&#34;, &#34;wf-task-queue-type&#34;: &#34;Activity&#34;, &#34;wf-namespace&#34;: &#34;temporal-system&#34;, &#34;worker-build-id&#34;: &#34;_unversioned_&#34;, &#34;lifecycle&#34;: &#34;Started&#34;, &#34;cause&#34;: &#34;Poll&#34;, &#34;logging-call-at&#34;: &#34;/home/runner/work/temporal/temporal/service/matching/physical_task_queue_manager.go:288&#34;}&#xA;2024-10-18T13:42:18.287Z&#x9;info&#x9;Started physicalTaskQueueManager&#x9;{&#34;cluster-name&#34;: &#34;integ_standby&#34;, &#34;host&#34;: &#34;127.0.4.1:7136&#34;, &#34;component&#34;: &#34;matching-engine&#34;, &#34;wf-task-queue-name&#34;: &#34;temporal-sys-processor-parent-close-policy&#34;, &#34;wf-task-queue-type&#34;: &#34;Workflow&#34;, &#34;wf-namespace&#34;: &#34;temporal-system&#34;, &#34;worker-build-id&#34;: &#34;_unversioned_&#34;, &#34;lifecycle&#34;: &#34;Started&#34;, &#34;cause&#34;: &#34;UserData&#34;, &#34;logging-call-at&#34;: &#34;/home/runner/work/temporal/temporal/service/matching/physical_task_queue_manager.go:288&#34;}&#xA;2024-10-18T13:42:18.289Z&#x9;info&#x9;Started physicalTaskQueueManager&#x9;{&#34;cluster-name&#34;: &#34;nexus_state_replication_standby&#34;, &#34;host&#34;: &#34;127.0.7.1:7136&#34;, &#34;component&#34;: &#34;matching-engine&#34;, &#34;wf-task-queue-name&#34;: &#34;temporal-sys-dlq-activity-tq&#34;, &#34;wf-task-queue-type&#34;: &#34;Workflow&#34;, &#34;wf-namespace&#34;: &#34;temporal-system&#34;, &#34;worker-build-id&#34;: &#34;_unversioned_&#34;, &#34;lifecycle&#34;: &#34;Started&#34;, &#34;cause&#34;: &#34;UserData&#34;, &#34;logging-call-at&#34;: &#34;/home/runner/work/temporal/temporal/service/matching/physical_task_queue_manager.go:288&#34;}&#xA;2024-10-18T13:42:18.290Z&#x9;info&#x9;Started Worker&#x9;{&#34;cluster-name&#34;: &#34;integ_standby&#34;, &#34;host&#34;: &#34;127.0.4.1:7138&#34;, &#34;Namespace&#34;: &#34;temporal-system&#34;, &#34;TaskQueue&#34;: &#34;temporal-sys-processor-parent-close-policy&#34;, &#34;WorkerID&#34;: &#34;2666@fv-az1041-860@&#34;, &#34;logging-call-at&#34;: &#34;/opt/hostedtoolcache/go/1.22.6/x64/src/sync/oncefunc.go:57&#34;}&#xA;2024-10-18T13:42:18.291Z&#x9;info&#x9;Started Worker&#x9;{&#34;cluster-name&#34;: &#34;nexus_request_forwarding_standby&#34;, &#34;host&#34;: &#34;127.0.6.1:7138&#34;, &#34;Namespace&#34;: &#34;temporal-system&#34;, &#34;TaskQueue&#34;: &#34;temporal-sys-batcher-taskqueue&#34;, &#34;WorkerID&#34;: &#34;2666@fv-az1041-860@&#34;, &#34;logging-call-at&#34;: &#34;/opt/hostedtoolcache/go/1.22.6/x64/src/sync/oncefunc.go:57&#34;}&#xA;2024-10-18T13:42:18.293Z&#x9;info&#x9;loaded user data from db&#x9;{&#34;cluster-name&#34;: &#34;integ_standby&#34;, &#34;host&#34;: &#34;127.0.4.1:7136&#34;, &#34;component&#34;: &#34;matching-engine&#34;, &#34;user-data-version&#34;: 0, &#34;timestamp&#34;: &#34;1970-01-01T00:00:00.000Z&#34;, &#34;logging-call-at&#34;: &#34;/home/runner/work/temporal/temporal/service/matching/user_data_manager.go:551&#34;}&#xA;2024-10-18T13:42:18.307Z&#x9;info&#x9;Started physicalTaskQueueManager&#x9;{&#34;cluster-name&#34;: &#34;nexus_state_replication_standby&#34;, &#34;host&#34;: &#34;127.0.7.1:7136&#34;, &#34;component&#34;: &#34;matching-engine&#34;, &#34;wf-task-queue-name&#34;: &#34;fv-az1041-860:b5d8e581-3ab0-4f26-b7d4-e73b4c87622c&#34;, &#34;wf-task-queue-type&#34;: &#34;Workflow&#34;, &#34;wf-namespace&#34;: &#34;temporal-system&#34;, &#34;worker-build-id&#34;: &#34;_unversioned_&#34;, &#34;lifecycle&#34;: &#34;Started&#34;, &#34;cause&#34;: &#34;Poll&#34;, &#34;logging-call-at&#34;: &#34;/home/runner/work/temporal/temporal/service/matching/physical_task_queue_manager.go:288&#34;}&#xA;2024-10-18T13:42:18.308Z&#x9;info&#x9;Started physicalTaskQueueManager&#x9;{&#34;cluster-name&#34;: &#34;nexus_state_replication_standby&#34;, &#34;host&#34;: &#34;127.0.7.1:7136&#34;, &#34;component&#34;: &#34;matching-engine&#34;, &#34;wf-task-queue-name&#34;: &#34;/_sys/temporal-sys-dlq-activity-tq/2&#34;, &#34;wf-task-queue-type&#34;: &#34;Workflow&#34;, &#34;wf-namespace&#34;: &#34;temporal-system&#34;, &#34;worker-build-id&#34;: &#34;_unversioned_&#34;, &#34;lifecycle&#34;: &#34;Started&#34;, &#34;cause&#34;: &#34;Force&#34;, &#34;logging-call-at&#34;: &#34;/home/runner/work/temporal/temporal/service/matching/physical_task_queue_manager.go:288&#34;}&#xA;2024-10-18T13:42:18.310Z&#x9;info&#x9;Started physicalTaskQueueManager&#x9;{&#34;cluster-name&#34;: &#34;nexus_request_forwarding_standby&#34;, &#34;host&#34;: &#34;127.0.6.1:
[...]
dby&#34;, &#34;host&#34;: &#34;127.0.6.1:7136&#34;, &#34;component&#34;: &#34;matching-engine&#34;, &#34;user-data-version&#34;: 0, &#34;timestamp&#34;: &#34;1970-01-01T00:00:00.000Z&#34;, &#34;logging-call-at&#34;: &#34;/home/runner/work/temporal/temporal/service/matching/user_data_manager.go:551&#34;}&#xA;2024-10-18T13:42:18.556Z&#x9;info&#x9;Started physicalTaskQueueManager&#x9;{&#34;cluster-name&#34;: &#34;integ_standby&#34;, &#34;host&#34;: &#34;127.0.4.1:7136&#34;, &#34;component&#34;: &#34;matching-engine&#34;, &#34;wf-task-queue-name&#34;: &#34;temporal-sys-delete-namespace-activity-tq&#34;, &#34;wf-task-queue-type&#34;: &#34;Activity&#34;, &#34;wf-namespace&#34;: &#34;temporal-system&#34;, &#34;worker-build-id&#34;: &#34;_unversioned_&#34;, &#34;lifecycle&#34;: &#34;Started&#34;, &#34;cause&#34;: &#34;Poll&#34;, &#34;logging-call-at&#34;: &#34;/home/runner/work/temporal/temporal/service/matching/physical_task_queue_manager.go:288&#34;}&#xA;2024-10-18T13:42:18.560Z&#x9;info&#x9;Started physicalTaskQueueManager&#x9;{&#34;cluster-name&#34;: &#34;integ_standby&#34;, &#34;host&#34;: &#34;127.0.4.1:7136&#34;, &#34;component&#34;: &#34;matching-engine&#34;, &#34;wf-task-queue-name&#34;: &#34;temporal-sys-delete-namespace-activity-tq&#34;, &#34;wf-task-queue-type&#34;: &#34;Workflow&#34;, &#34;wf-namespace&#34;: &#34;temporal-system&#34;, &#34;worker-build-id&#34;: &#34;_unversioned_&#34;, &#34;lifecycle&#34;: &#34;Started&#34;, &#34;cause&#34;: &#34;UserData&#34;, &#34;logging-call-at&#34;: &#34;/home/runner/work/temporal/temporal/service/matching/physical_task_queue_manager.go:288&#34;}&#xA;2024-10-18T13:42:18.574Z&#x9;info&#x9;loaded user data from db&#x9;{&#34;cluster-name&#34;: &#34;integ_standby&#34;, &#34;host&#34;: &#34;127.0.4.1:7136&#34;, &#34;component&#34;: &#34;matching-engine&#34;, &#34;user-data-version&#34;: 0, &#34;timestamp&#34;: &#34;1970-01-01T00:00:00.000Z&#34;, &#34;logging-call-at&#34;: &#34;/home/runner/work/temporal/temporal/service/matching/user_data_manager.go:551&#34;}&#xA;2024-10-18T13:42:18.577Z&#x9;info&#x9;Started physicalTaskQueueManager&#x9;{&#34;cluster-name&#34;: &#34;nexus_request_forwarding_standby&#34;, &#34;host&#34;: &#34;127.0.6.1:7136&#34;, &#34;component&#34;: &#34;matching-engine&#34;, &#34;wf-task-queue-name&#34;: &#34;/_sys/temporal-sys-dlq-activity-tq/2&#34;, &#34;wf-task-queue-type&#34;: &#34;Activity&#34;, &#34;wf-namespace&#34;: &#34;temporal-system&#34;, &#34;worker-build-id&#34;: &#34;_unversioned_&#34;, &#34;lifecycle&#34;: &#34;Started&#34;, &#34;cause&#34;: &#34;Force&#34;, &#34;logging-call-at&#34;: &#34;/home/runner/work/temporal/temporal/service/matching/physical_task_queue_manager.go:288&#34;}&#xA;2024-10-18T13:42:18.582Z&#x9;info&#x9;Started physicalTaskQueueManager&#x9;{&#34;cluster-name&#34;: &#34;integ_standby&#34;, &#34;host&#34;: &#34;127.0.4.1:7136&#34;, &#34;component&#34;: &#34;matching-engine&#34;, &#34;wf-task-queue-name&#34;: &#34;fv-az1041-860:72ec0df5-5b08-45d8-8c4a-17bc2446bb87&#34;, &#34;wf-task-queue-type&#34;: &#34;Workflow&#34;, &#34;wf-namespace&#34;: &#34;temporal-system&#34;, &#34;worker-build-id&#34;: &#34;_unversioned_&#34;, &#34;lifecycle&#34;: &#34;Started&#34;, &#34;cause&#34;: &#34;Poll&#34;, &#34;logging-call-at&#34;: &#34;/home/runner/work/temporal/temporal/service/matching/physical_task_queue_manager.go:288&#34;}&#xA;2024-10-18T13:42:18.588Z&#x9;info&#x9;Started physicalTaskQueueManager&#x9;{&#34;cluster-name&#34;: &#34;integ_standby&#34;, &#34;host&#34;: &#34;127.0.4.1:7136&#34;, &#34;component&#34;: &#34;matching-engine&#34;, &#34;wf-task-queue-name&#34;: &#34;temporal-sys-per-ns-tq&#34;, &#34;wf-task-queue-type&#34;: &#34;Workflow&#34;, &#34;wf-namespace&#34;: &#34;temporal-system&#34;, &#34;worker-build-id&#34;: &#34;_unversioned_&#34;, &#34;lifecycle&#34;: &#34;Started&#34;, &#34;cause&#34;: &#34;Poll&#34;, &#34;logging-call-at&#34;: &#34;/home/runner/work/temporal/temporal/service/matching/physical_task_queue_manager.go:288&#34;}&#xA;2024-10-18T13:42:18.591Z&#x9;info&#x9;Started physicalTaskQueueManager&#x9;{&#34;cluster-name&#34;: &#34;nexus_request_forwarding_standby&#34;, &#34;host&#34;: &#34;127.0.6.1:7136&#34;, &#34;component&#34;: &#34;matching-engine&#34;, &#34;wf-task-queue-name&#34;: &#34;temporal-sys-per-ns-tq&#34;, &#34;wf-task-queue-type&#34;: &#34;Workflow&#34;, &#34;wf-namespace&#34;: &#34;temporal-system&#34;, &#34;worker-build-id&#34;: &#34;_unversioned_&#34;, &#34;lifecycle&#34;: &#34;Started&#34;, &#34;cause&#34;: &#34;Poll&#34;, &#34;logging-call-at&#34;: &#34;/home/runner/work/temporal/temporal/service/matching/physical_task_queue_manager.go:288&#34;}&#xA;2024-10-18T13:42:18.594Z&#x9;info&#x9;Started Worker&#x9;{&#34;cluster-name&#34;: &#34;integ_standby&#34;, &#34;host&#34;: &#34;127.0.4.1:7138&#34;, &#34;Namespace&#34;: &#34;temporal-system&#34;, &#34;TaskQueue&#34;: &#34;temporal-sys-per-ns-tq&#34;, &#34;WorkerID&#34;: &#34;server-worker@2666@fv-az1041-860@temporal-system&#34;, &#34;logging-call-at&#34;: &#34;/opt/hostedtoolcache/go/1.22.6/x64/src/sync/oncefunc.go:57&#34;}&#xA;2024-10-18T13:42:18.596Z&#x9;info&#x9;Started Worker&#x9;{&#34;cluster-name&#34;: &#34;nexus_request_forwarding_standby&#34;, &#34;host&#34;: &#34;127.0.6.1:7138&#34;, &#34;Namespace&#34;: &#34;temporal-system&#34;, &#34;TaskQueue&#34;: &#34;temporal-sys-per-ns-tq&#34;, &#34;WorkerID&#34;: &#34;server-worker@2666@fv-az1041-860@temporal-system&#34;, &#34;logging-call-at&#34;: &#34;/opt/hostedtoolcache/go/1.22.6/x64/src/sync/oncefunc.go:57&#34;}&#xA;2024-10-18T13:42:18.598Z&#x9;info&#x9;Started physicalTaskQueueManager&#x9;{&#34;cluster-name&#34;: &#34;nexus_request_forwarding_standby&#34;, &#34;host&#34;: &#34;127.0.6.1:7136&#34;, &#34;component&#34;: &#34;matching-engine&#34;, &#34;wf-task-queue-name&#34;: &#34;fv-az1041-860:ce9fbe8b-9614-4b3a-a74b-5ef6d019de68&#34;, &#34;wf-task-queue-type&#34;: &#34;Workflow&#34;, &#34;wf-namespace&#34;: &#34;temporal-system&#34;, &#34;worker-build-id&#34;: &#34;_unversioned_&#34;, &#34;lifecycle&#34;: &#34;Started&#34;, &#34;cause&#34;: &#34;Poll&#34;, &#34;logging-call-at&#34;: &#34;/home/runner/work/temporal/temporal/service/matching/physical_task_queue_manager.go:288&#34;}&#xA;2024-10-18T13:42:18.600Z&#x9;info&#x9;loaded user data from db&#x9;{&#34;cluster-name&#34;: &#34;integ_standby&#34;, &#34;host&#34;: &#34;127.0.4.1:7136&#34;, &#34;component&#34;: &#34;matching-engine&#34;, &#34;user-data-version&#34;: 0, &#34;timestamp&#34;: &#34;1970-01-01T00:00:00.000Z&#34;, &#34;logging-call-at&#34;: &#34;/home/runner/work/temporal/temporal/service/matching/user_data_manager.go:551&#34;}&#xA;2024-10-18T13:42:18.605Z&#x9;info&#x9;loaded user data from db&#x9;{&#34;cluster-name&#34;: &#34;nexus_request_forwarding_standby&#34;, &#34;host&#34;: &#34;127.0.6.1:7136&#34;, &#34;component&#34;: &#34;matching-engine&#34;, &#34;user-data-version&#34;: 0, &#34;timestamp&#34;: &#34;1970-01-01T00:00:00.000Z&#34;, &#34;logging-call-at&#34;: &#34;/home/runner/work/temporal/temporal/service/matching/user_data_manager.go:551&#34;}&#xA;2024-10-18T13:42:18.607Z&#x9;info&#x9;Started physicalTaskQueueManager&#x9;{&#34;cluster-name&#34;: &#34;nexus_request_forwarding_standby&#34;, &#34;host&#34;: &#34;127.0.6.1:7136&#34;, &#34;component&#34;: &#34;matching-engine&#34;, &#34;wf-task-queue-name&#34;: &#34;temporal-sys-per-ns-tq&#34;, &#34;wf-task-queue-type&#34;: &#34;Activity&#34;, &#34;wf-namespace&#34;: &#34;temporal-system&#34;, &#34;worker-build-id&#34;: &#34;_unversioned_&#34;, &#34;lifecycle&#34;: &#34;Started&#34;, &#34;cause&#34;: &#34;Poll&#34;, &#34;logging-call-at&#34;: &#34;/home/runner/work/temporal/temporal/service/matching/physical_task_queue_manager.go:288&#34;}&#xA;2024-10-18T13:42:18.619Z&#x9;info&#x9;Started physicalTaskQueueManager&#x9;{&#34;cluster-name&#34;: &#34;integ_standby&#34;, &#34;host&#34;: &#34;127.0.4.1:7136&#34;, &#34;component&#34;: &#34;matching-engine&#34;, &#34;wf-task-queue-name&#34;: &#34;temporal-sys-per-ns-tq&#34;, &#34;wf-task-queue-type&#34;: &#34;Activity&#34;, &#34;wf-namespace&#34;: &#34;temporal-system&#34;, &#34;worker-build-id&#34;: &#34;_unversioned_&#34;, &#34;lifecycle&#34;: &#34;Started&#34;, &#34;cause&#34;: &#34;Poll&#34;, &#34;logging-call-at&#34;: &#34;/home/runner/work/temporal/temporal/service/matching/physical_task_queue_manager.go:288&#34;}&#xA;    history_replication_signals_and_updates_test.go:210: flaky test&#xA;--- SKIP: TestHistoryReplicationSignalsAndUpdatesTestSuite/TestAcceptedUpdateCanBeCompletedAfterFailoverAndFailback (8.00s)&#xA;"></skipped>
		</testcase>
		<testcase classname="go.temporal.io/server/tests/xdc" name="TestHistoryReplicationSignalsAndUpdatesTestSuite/TestConflictResolutionDoesNotReapplyAcceptedUpdateWithConflictingId" time="0.000000">
			<skipped message="=== RUN   TestHistoryReplicationSignalsAndUpdatesTestSuite/TestConflictResolutionDoesNotReapplyAcceptedUpdateWithConflictingId&#xA;    history_replication_signals_and_updates_test.go:362: flaky test&#xA;--- SKIP: TestHistoryReplicationSignalsAndUpdatesTestSuite/TestConflictResolutionDoesNotReapplyAcceptedUpdateWithConflictingId (0.00s)&#xA;"></skipped>
		</testcase>
		<testcase classname="go.temporal.io/server/tests/xdc" name="TestNexusStateReplicationTestSuite/TestNexusOperationEventsReplicated" time="0.000000">
			<skipped message="=== RUN   TestNexusStateReplicationTestSuite/TestNexusOperationEventsReplicated&#xA;    nexus_state_replication_test.go:102: flaky test&#xA;--- SKIP: TestNexusStateReplicationTestSuite/TestNexusOperationEventsReplicated (0.00s)&#xA;"></skipped>
		</testcase>
		<testcase classname="go.temporal.io/server/tests/xdc" name="TestFuncClustersTestSuite/TestCronWorkflowCompleteAndFailover" time="0.000000">
			<skipped message="=== RUN   TestFuncClustersTestSuite/TestCronWorkflowCompleteAndFailover&#xA;    failover_test.go:1951: flaky test&#xA;--- SKIP: TestFuncClustersTestSuite/TestCronWorkflowCompleteAndFailover (0.00s)&#xA;"></skipped>
		</testcase>
		<testcase classname="go.temporal.io/server/tests/xdc" name="TestFuncClustersTestSuite/TestCronWorkflowStartAndFailover" time="0.000000">
			<skipped message="=== RUN   TestFuncClustersTestSuite/TestCronWorkflowStartAndFailover&#xA;    failover_test.go:1855: flaky test&#xA;--- SKIP: TestFuncClustersTestSuite/TestCronWorkflowStartAndFailover (0.00s)&#xA;"></skipped>
		</testcase>
		<testcase classname="go.temporal.io/server/tests/xdc" name="TestNexusRequestForwardingTestSuite/TestCancelOperationForwardedFromStandbyToActive/success" time="0.050000"></testcase>
		<testcase classname="go.temporal.io/server/tests/xdc" name="TestNexusRequestForwardingTestSuite/TestCancelOperationForwardedFromStandbyToActive/handler_error" time="0.050000"></testcase>
		<testcase classname="go.temporal.io/server/tests/xdc" name="TestNexusRequestForwardingTestSuite/TestCancelOperationForwardedFromStandbyToActive/redirect_disabled_by_header" time="0.000000"></testcase>
		<testcase classname="go.temporal.io/server/tests/xdc" name="TestNexusRequestForwardingTestSuite/TestCancelOperationForwardedFromStandbyToActive" time="7.610000"></testcase>
		<testcase classname="go.temporal.io/server/tests/xdc" name="TestHistoryReplicationSignalsAndUpdatesTestSuite/TestConflictResolutionDoesNotReapplyAdmittedUpdateWithConflictingId" time="2.430000"></testcase>
		<testcase classname="go.temporal.io/server/tests/xdc" name="TestNexusRequestForwardingTestSuite/TestCompleteOperationForwardedFromStandbyToActive" time="2.280000"></testcase>
		<testcase classname="go.temporal.io/server/tests/xdc" name="TestNexusRequestForwardingTestSuite/TestStartOperationForwardedFromStandbyToActive/success" time="0.020000"></testcase>
		<testcase classname="go.temporal.io/server/tests/xdc" name="TestNexusRequestForwardingTestSuite/TestStartOperationForwardedFromStandbyToActive/operation_error" time="0.020000"></testcase>
		<testcase classname="go.temporal.io/server/tests/xdc" name="TestNexusRequestForwardingTestSuite/TestStartOperationForwardedFromStandbyToActive/handler_error" time="0.020000"></testcase>
		<testcase classname="go.temporal.io/server/tests/xdc" name="TestNexusRequestForwardingTestSuite/TestStartOperationForwardedFromStandbyToActive/redirect_disabled_by_header" time="0.000000"></testcase>
		<testcase classname="go.temporal.io/server/tests/xdc" name="TestNexusRequestForwardingTestSuite/TestStartOperationForwardedFromStandbyToActive" time="1.570000"></testcase>
		<testcase classname="go.temporal.io/server/tests/xdc" name="TestHistoryReplicationSignalsAndUpdatesTestSuite/TestConflictResolutionDoesNotReapplyCompleteUpdateWithConflictingId" time="3.890000"></testcase>
		<testcase classname="go.temporal.io/server/tests/xdc" name="TestHistoryReplicationSignalsAndUpdatesTestSuite/TestConflictResolutionReappliesSignals" time="2.290000"></testcase>
		<testcase classname="go.temporal.io/server/tests/xdc" name="TestNexusRequestForwardingTestSuite" time="26.160000"></testcase>
		<testcase classname="go.temporal.io/server/tests/xdc" name="TestHistoryReplicationSignalsAndUpdatesTestSuite/TestConflictResolutionReappliesUpdates" time="3.870000"></testcase>
		<testcase classname="go.temporal.io/server/tests/xdc" name="TestNexusStateReplicationTestSuite/TestNexusCallbackReplicated" time="22.280000"></testcase>
		<testcase classname="go.temporal.io/server/tests/xdc" name="TestHistoryReplicationSignalsAndUpdatesTestSuite/TestUpdateCompletedAfterFailoverCannotBeCompletedAgainAfterFailback" time="5.390000"></testcase>
		<testcase classname="go.temporal.io/server/tests/xdc" name="TestNexusStateReplicationTestSuite/TestNexusOperationCancelationReplicated" time="3.250000"></testcase>
		<testcase classname="go.temporal.io/server/tests/xdc" name="TestFuncClustersTestSuite/TestActivityHeartbeatFailover" time="27.200000"></testcase>
		<testcase classname="go.temporal.io/server/tests/xdc" name="TestHistoryReplicationSignalsAndUpdatesTestSuite" time="38.310000"></testcase>
		<testcase classname="go.temporal.io/server/tests/xdc" name="TestNexusStateReplicationTestSuite" time="38.810000"></testcase>
		<testcase classname="go.temporal.io/server/tests/xdc" name="TestUserDataReplicationTestSuite/TestApplyReplicationEventRevivesInUseTombstones" time="7.310000"></testcase>
		<testcase classname="go.temporal.io/server/tests/xdc" name="TestHistoryReplicationDLQSuite/QueueV1ReplicationStreamEnabled/TestWorkflowReplicationTaskFailure" time="8.400000"></testcase>
		<testcase classname="go.temporal.io/server/tests/xdc" name="TestAdvVisCrossDCTestSuite/TestSearchAttributes" time="23.660000"></testcase>
		<testcase classname="go.temporal.io/server/tests/xdc" name="TestHistoryReplicationDLQSuite/QueueV1ReplicationStreamEnabled" time="17.640000"></testcase>
		<testcase classname="go.temporal.io/server/tests/xdc" name="TestFuncClustersTestSuite/TestContinueAsNewFailover" time="19.510000"></testcase>
		<testcase classname="go.temporal.io/server/tests/xdc" name="TestAdvVisCrossDCTestSuite" time="31.890000"></testcase>
		<testcase classname="go.temporal.io/server/tests/xdc" name="TestUserDataReplicationTestSuite/TestUserDataEntriesAreReplicatedOnDemand" time="8.330000"></testcase>
		<testcase classname="go.temporal.io/server/tests/xdc" name="TestUserDataReplicationTestSuite/TestUserDataIsReplicatedFromActiveToPassive" time="2.590000"></testcase>
		<testcase classname="go.temporal.io/server/tests/xdc" name="TestUserDataReplicationTestSuite/TestUserDataIsReplicatedFromPassiveToActive" time="7.610000"></testcase>
		<testcase classname="go.temporal.io/server/tests/xdc" name="TestHistoryReplicationDLQSuite/QueueV1ReplicationStreamDisabled/TestWorkflowReplicationTaskFailure" time="10.710000"></testcase>
		<testcase classname="go.temporal.io/server/tests/xdc" name="TestFuncClustersTestSuite/TestForceMigration_ClosedWorkflow" time="18.620000"></testcase>
		<testcase classname="go.temporal.io/server/tests/xdc" name="TestHistoryReplicationDLQSuite/QueueV1ReplicationStreamDisabled" time="19.980000"></testcase>
		<testcase classname="go.temporal.io/server/tests/xdc" name="TestUserDataReplicationTestSuite/TestUserDataTombstonesAreReplicated" time="9.140000"></testcase>
		<testcase classname="go.temporal.io/server/tests/xdc" name="TestStreamBasedReplicationTestSuite/TestForceReplicateResetWorkflow_BaseWorkflowNotFound" time="15.420000"></testcase>
		<testcase classname="go.temporal.io/server/tests/xdc" name="TestUserDataReplicationTestSuite" time="44.960000"></testcase>
		<testcase classname="go.temporal.io/server/tests/xdc" name="TestFuncClustersTestSuite/TestForceMigration_ResetWorkflow" time="12.720000"></testcase>
		<testcase classname="go.temporal.io/server/tests/xdc" name="TestHistoryReplicationDLQSuite/QueueV2ReplicationStreamEnabled/TestWorkflowReplicationTaskFailure" time="8.610000"></testcase>
		<testcase classname="go.temporal.io/server/tests/xdc" name="TestHistoryReplicationDLQSuite/QueueV2ReplicationStreamEnabled" time="16.230000"></testcase>
		<testcase classname="go.temporal.io/server/tests/xdc" name="TestStreamBasedReplicationTestSuite/TestReplicateHistoryEvents_ForceReplicationScenario" time="17.240000"></testcase>
		<testcase classname="go.temporal.io/server/tests/xdc" name="TestStreamBasedReplicationTestSuite/TestResetWorkflow_SyncWorkflowState" time="10.390000"></testcase>
		<testcase classname="go.temporal.io/server/tests/xdc" name="TestHistoryReplicationDLQSuite/QueueV2ReplicationStreamDisabled/TestWorkflowReplicationTaskFailure" time="12.810000"></testcase>
		<testcase classname="go.temporal.io/server/tests/xdc" name="TestStreamBasedReplicationTestSuite" time="52.400000"></testcase>
		<testcase classname="go.temporal.io/server/tests/xdc" name="TestHistoryReplicationDLQSuite/QueueV2ReplicationStreamDisabled" time="20.360000"></testcase>
		<testcase classname="go.temporal.io/server/tests/xdc" name="TestHistoryReplicationDLQSuite" time="74.200000"></testcase>
		<testcase classname="go.temporal.io/server/tests/xdc" name="TestFuncClustersTestSuite/TestForceWorkflowTaskClose_WithClusterReconnect" time="34.240000"></testcase>
		<testcase classname="go.temporal.io/server/tests/xdc" name="TestFuncClustersTestSuite/TestLocalNamespaceMigration" time="25.160000"></testcase>
		<testcase classname="go.temporal.io/server/tests/xdc" name="TestFuncClustersTestSuite/TestNamespaceFailover" time="16.050000"></testcase>
		<testcase classname="go.temporal.io/server/tests/xdc" name="TestFuncClustersTestSuite/TestResetWorkflowFailover" time="22.180000"></testcase>
		<testcase classname="go.temporal.io/server/tests/xdc" name="TestFuncClustersTestSuite/TestSignalFailover" time="16.250000"></testcase>
		<testcase classname="go.temporal.io/server/tests/xdc" name="TestFuncClustersTestSuite/TestSimpleWorkflowFailover" time="22.800000"></testcase>
		<testcase classname="go.temporal.io/server/tests/xdc" name="TestFuncClustersTestSuite/TestStartWorkflowExecution_Failover_WorkflowIDReusePolicy" time="16.170000"></testcase>
		<testcase classname="go.temporal.io/server/tests/xdc" name="TestFuncClustersTestSuite/TestStickyWorkflowTaskFailover" time="26.600000"></testcase>
		<testcase classname="go.temporal.io/server/tests/xdc" name="TestFuncClustersTestSuite/TestTerminateFailover" time="16.129000"></testcase>
		<testcase classname="go.temporal.io/server/tests/xdc" name="TestFuncClustersTestSuite/TestTransientWorkflowTaskFailover" time="16.170000"></testcase>
		<testcase classname="go.temporal.io/server/tests/xdc" name="TestFuncClustersTestSuite/TestUserTimerFailover" time="17.150000"></testcase>
		<testcase classname="go.temporal.io/server/tests/xdc" name="TestFuncClustersTestSuite/TestWorkflowRetryFailAndFailover" time="17.090000"></testcase>
		<testcase classname="go.temporal.io/server/tests/xdc" name="TestFuncClustersTestSuite/TestWorkflowRetryStartAndFailover" time="18.090000"></testcase>
		<testcase classname="go.temporal.io/server/tests/xdc" name="TestFuncClustersTestSuite" time="355.840000"></testcase>
	</testsuite>
</testsuites>