<?xml version="1.0" encoding="UTF-8"?>
<testsuites tests="64" failures="0" errors="0" time="391.361744">
	<testsuite tests="64" failures="0" time="385.440000" name="go.temporal.io/server/tests/xdc" timestamp="2024-10-18T13:42:11Z">
		<properties>
			<property name="go.version" value="go1.22.6 linux/amd64"></property>
		</properties>
		<testcase classname="go.temporal.io/server/tests/xdc" name="TestHistoryReplicationSignalsAndUpdatesTestSuite/TestAcceptedUpdateCanBeCompletedAfterFailoverAndFailback" time="7.000000">
			<skipped message="=== RUN   TestHistoryReplicationSignalsAndUpdatesTestSuite/TestAcceptedUpdateCanBeCompletedAfterFailoverAndFailback&#xA;2024-10-18T13:42:20.066Z&#x9;info&#x9;wait for clusters to be synced&#x9;{&#34;xdc-source-cluster&#34;: &#34;cluster1&#34;, &#34;xdc-target-cluster&#34;: &#34;cluster2&#34;, &#34;logging-call-at&#34;: &#34;/home/runner/work/temporal/temporal/tests/xdc/base.go:170&#34;}&#xA;2024-10-18T13:42:21.060Z&#x9;info&#x9;check if clusters are synced&#x9;{&#34;xdc-source-cluster&#34;: &#34;nexus_state_replication_active&#34;, &#34;xdc-target-cluster&#34;: &#34;nexus_state_replication_standby&#34;, &#34;logging-call-at&#34;: &#34;/home/runner/work/temporal/temporal/tests/xdc/base.go:172&#34;}&#xA;2024-10-18T13:42:21.066Z&#x9;info&#x9;check if clusters are synced&#x9;{&#34;xdc-source-cluster&#34;: &#34;cluster1&#34;, &#34;xdc-target-cluster&#34;: &#34;cluster2&#34;, &#34;logging-call-at&#34;: &#34;/home/runner/work/temporal/temporal/tests/xdc/base.go:172&#34;}&#xA;2024-10-18T13:42:22.060Z&#x9;info&#x9;check if clusters are synced&#x9;{&#34;xdc-source-cluster&#34;: &#34;nexus_state_replication_active&#34;, &#34;xdc-target-cluster&#34;: &#34;nexus_state_replication_standby&#34;, &#34;logging-call-at&#34;: &#34;/home/runner/work/temporal/temporal/tests/xdc/base.go:172&#34;}&#xA;2024-10-18T13:42:22.066Z&#x9;info&#x9;check if clusters are synced&#x9;{&#34;xdc-source-cluster&#34;: &#34;cluster1&#34;, &#34;xdc-target-cluster&#34;: &#34;cluster2&#34;, &#34;logging-call-at&#34;: &#34;/home/runner/work/temporal/temporal/tests/xdc/base.go:172&#34;}&#xA;2024-10-18T13:42:22.676Z&#x9;info&#x9;StreamReceiver started.&#x9;{&#34;cluster-name&#34;: &#34;nexus_state_replication_active&#34;, &#34;host&#34;: &#34;127.0.0.1:7132&#34;, &#34;xdc-source-cluster&#34;: &#34;nexus_state_replication_standby&#34;, &#34;xdc-source-shard-id&#34;: 1, &#34;shard-id&#34;: 1, &#34;logging-call-at&#34;: &#34;/home/runner/work/temporal/temporal/service/history/replication/stream_receiver.go:148&#34;}&#xA;2024-10-18T13:42:22.678Z&#x9;info&#x9;AdminStreamReplicationMessages started.&#x9;{&#34;cluster-name&#34;: &#34;nexus_state_replication_standby&#34;, &#34;host&#34;: &#34;127.0.3.1:7134&#34;, &#34;service&#34;: &#34;frontend&#34;, &#34;shard-id&#34;: 1, &#34;logging-call-at&#34;: &#34;/home/runner/work/temporal/temporal/service/frontend/admin_handler.go:1835&#34;}&#xA;2024-10-18T13:42:22.679Z&#x9;error&#x9;service failures&#x9;{&#34;cluster-name&#34;: &#34;nexus_state_replication_standby&#34;, &#34;host&#34;: &#34;127.0.3.1:7132&#34;, &#34;operation&#34;: &#34;StreamWorkflowReplicationMessages&#34;, &#34;hash&#34;: &#34;371000be&#34;, &#34;grpc_code&#34;: &#34;Internal&#34;, &#34;error&#34;: &#34;unknown cluster ID: 1&#34;, &#34;logging-call-at&#34;: &#34;/home/runner/work/temporal/temporal/common/rpc/interceptor/telemetry.go:408&#34;}&#xA;go.temporal.io/server/common/log.(*zapLogger).Error&#xA;&#x9;/home/runner/work/temporal/temporal/common/log/zap_logger.go:154&#xA;go.temporal.io/server/common/rpc/interceptor.(*TelemetryInterceptor).logErrors&#xA;&#x9;/home/runner/work/temporal/temporal/common/rpc/interceptor/telemetry.go:408&#xA;go.temporal.io/server/common/rpc/interceptor.(*TelemetryInterceptor).HandleError&#xA;&#x9;/home/runner/work/temporal/temporal/common/rpc/interceptor/telemetry.go:378&#xA;go.temporal.io/server/common/rpc/interceptor.(*TelemetryInterceptor).StreamIntercept&#xA;&#x9;/home/runner/work/temporal/temporal/common/rpc/interceptor/telemetry.go:235&#xA;google.golang.org/grpc.(*Server).processStreamingRPC&#xA;&#x9;/home/runner/go/pkg/mod/google.golang.org/grpc@v1.66.0/server.go:1694&#xA;google.golang.org/grpc.(*Server).handleStream&#xA;&#x9;/home/runner/go/pkg/mod/google.golang.org/grpc@v1.66.0/server.go:1808&#xA;google.golang.org/grpc.(*Server).serveStreams.func2.1&#xA;&#x9;/home/runner/go/pkg/mod/google.golang.org/grpc@v1.66.0/server.go:1029&#xA;2024-10-18T13:42:22.679Z&#x9;info&#x9;AdminStreamReplicationMessages server -&gt; client encountered error&#x9;{&#34;cluster-name&#34;: &#34;nexus_state_replication_standby&#34;, &#34;host&#34;: &#34;127.0.3.1:7134&#34;, &#34;service&#34;: &#34;frontend&#34;, &#34;shard-id&#34;: 1, &#34;error&#34;: &#34;unknown cluster ID: 1&#34;, &#34;logging-call-at&#34;: &#34;/home/runner/work/temporal/temporal/service/frontend/admin_handler.go:1887&#34;}&#xA;2024-10-18T13:42:22.679Z&#x9;info&#x9;AdminStreamReplicationMessages stopped.&#x9;{&#34;cluster-name&#34;: &#34;nexus_state_replication_standby&#34;, &#34;host&#34;: &#34;127.0.3.1:7134&#34;, &#34;service&#34;: &#34;frontend&#34;, &#34;shard-id&#34;: 1, &#34;logging-call-at&#34;: &#34;/home/runner/work/temporal/temporal/service/frontend/admin_handler.go:1912&#34;}&#xA;2024-10-18T13:42:22.680Z&#x9;info&#x9;AdminStreamReplicationMessages client -&gt; server encountered error&#x9;{&#34;cluster-name&#34;: &#34;nexus_state_replication_standby&#34;, &#34;host&#34;: &#34;127.0.3.1:7134&#34;, &#34;service&#34;: &#34;frontend&#34;, &#34;shard-id&#34;: 1, &#34;error&#34;: &#34;rpc error: code = Canceled desc = context canceled&#34;, &#34;logging-call-at&#34;: &#34;/home/runner/work/temporal/temporal/service/frontend/admin_handler.go:1860&#34;}&#xA;2024-10-18T13:42:22.680Z&#x9;error&#x9;StreamReceiver encountered channel close&#x9;{&#34;cluster-name&#34;: &#34;nexus_state_replication_active&#34;, &#34;host&#34;: &#34;127.0.0.1:7132&#34;, &#34;xdc-source-cluster&#34;: &#34;nexus_state_replication_standby&#34;, &#34;xdc-source-shard-id&#34;: 1, &#34;shard-id&#34;: 1, &#34;logging-call-at&#34;: &#34;/home/runner/work/temporal/temporal/service/history/replication/stream_receiver.go:375&#34;}&#xA;go.temporal.io/server/common/log.(*zapLogger).Error&#xA;&#x9;/home/runner/work/temporal/temporal/common/log/zap_logger.go:154&#xA;go.temporal.io/server/service/history/replication.(*StreamReceiverImpl).processMessages&#xA;&#x9;/home/runner/work/temporal/temporal/service/history/replication/stream_receiver.go:375&#xA;go.temporal.io/server/service/history/replication.(*StreamReceiverImpl).recvEventLoop&#xA;&#x9;/home/runner/work/temporal/temporal/service/history/replication/stream_receiver.go:226&#xA;go.temporal.io/server/service/history/replication.WrapEventLoop&#xA;&#x9;/home/runner/work/temporal/temporal/service/history/replication/stream.go:76&#xA;2024-10-18T13:42:22.680Z&#x9;info&#x9;StreamReceiver shutting down.&#x9;{&#34;cluster-name&#34;: &#34;nexus_state_replication_active&#34;, &#34;host&#34;: &#34;127.0.0.1:7132&#34;, &#34;xdc-source-cluster&#34;: &#34;nexus_state_replication_standby&#34;, &#34;xdc-source-shard-id&#34;: 1, &#34;shard-id&#34;: 1, &#34;logging-call-at&#34;: &#34;/home/runner/work/temporal/temporal/service/history/replication/stream_receiver.go:166&#34;}&#xA;2024-10-18T13:42:22.733Z&#x9;info&#x9;StreamReceiver started.&#x9;{&#34;cluster-name&#34;: &#34;cluster1&#34;, &#34;host&#34;: &#34;127.0.1.1:7132&#34;, &#34;xdc-source-cluster&#34;: &#34;cluster2&#34;, &#34;xdc-source-shard-id&#34;: 1, &#34;shard-id&#34;: 1, &#34;logging-call-at&#34;: &#34;/home/runner/work/temporal/temporal/service/history/replication/stream_receiver.go:148&#34;}&#xA;2024-10-18T13:42:22.735Z&#x9;info&#x9;AdminStreamReplicationMessages started.&#x9;{&#34;cluster-name&#34;: &#34;cluster2&#34;, &#34;host&#34;: &#34;127.0.2.1:7134&#34;, &#34;service&#34;: &#34;frontend&#34;, &#34;shard-id&#34;: 1, &#34;logging-call-at&#34;: &#34;/home/runner/work/temporal/temporal/service/frontend/admin_handler.go:1835&#34;}&#xA;2024-10-18T13:42:22.736Z&#x9;error&#x9;service failures&#x9;{&#34;cluster-name&#34;: &#34;cluster2&#34;, &#34;host&#34;: &#34;127.0.2.1:7132&#34;, &#34;operation&#34;: &#34;StreamWorkflowReplicationMessages&#34;, &#34;hash&#34;: &#34;371000be&#34;, &#34;grpc_code&#34;: &#34;Internal&#34;, &#34;error&#34;: &#34;unknown cluster ID: 1&#34;, &#34;logging-call-at&#34;: &#34;/home/runner/work/temporal/temporal/common/rpc/interceptor/telemetry.go:408&#34;}&#xA;go.temporal.io/server/common/log.(*zapLogger).Error&#xA;&#x9;/home/runner/work/temporal/temporal/common/log/zap_logger.go:154&#xA;go.temporal.io/server/common/rpc/interceptor.(*TelemetryInterceptor).logErrors&#xA;&#x9;/home/runner/work/temporal/temporal/common/rpc/interceptor/telemetry.go:408&#xA;go.temporal.io/server/common/rpc/interceptor.(*TelemetryInterceptor).HandleError&#xA;&#x9;/home/runner/work/temporal/temporal/common/rpc/interceptor/telemetry.go:378&#xA;go.temporal.io/server/common/rpc/interceptor.(*TelemetryInterceptor).StreamIntercept&#xA;&#x9;/home/runner/work/temporal/temporal/common/rpc/interceptor/telemetry.go:235&#xA;google.golang.org/grpc.(*Server).processStreamingRPC&#xA;&#x9;/home/runner/go/pkg/mod/google.golang.org/grpc@v1.66.0/server.go:1694&#xA;google.golang.org/grpc.(*Server).handleStream&#xA;&#x9;/home/runner/go/pkg/mod/google.golang.org/grpc@v1.66.0/server.go:1808&#xA;google.golang.org/grpc.(*Server).serveStreams.func2.1&#xA;&#x9;/home/runner/go/pkg/mod/google.golang.org/grpc@v1.66.0/server.go:1029&#xA;2024-10-18T13:42:22.736Z&#x9;info&#x9;AdminStreamReplicationMessages server -&gt; client encountered error&#x9;{&#34;cluster-name&#34;: &#34;cluster2&#34;, &#34;host&#34;: &#34;127.0.2.1:7134&#34;, &#34;service&#34;: &#34;frontend&#34;, &#34;shard-id&#34;: 1, &#34;error&#34;: &#34;unknown cluster ID: 1&#34;, &#34;logging-call-at&#34;: &#34;/home/runner/work/temporal/temporal/service/frontend/admin_handler.go:1887&#34;}&#xA;2024-10-18T13:42:22.737Z&#x9;info&#x9;AdminStreamReplicationMessages stopped.&#x9;{&#34;cluster-name&#34;: &#34;cluster2&#34;, &#34;host&#34;: &#34;127.0.2.1:7134&#34;, &#34;service&#34;: &#34;frontend&#34;, &#34;shard-id&#34;: 1, &#34;logging-call-at&#34;: &#34;/home/runner/work/temporal/temporal/service/frontend/admin_handler.go:1912&#34;}&#xA;2024-10-18T13:42:22.737Z&#x9;info&#x9;AdminStreamReplicationMessages client -&gt; server encountered error&#x9;{&#34;cluster-name&#34;: &#34;cluster2&#34;, &#34;host&#34;: &#34;127.0.2.1:7134&#34;, &#34;service&#34;: &#34;frontend&#34;, &#34;shard-id&#34;: 1, &#34;error&#34;: &#34;rpc error: code = Canceled desc = context canceled&#34;, &#34;logging-call-at&#34;: &#34;/home/runner/work/temporal/temporal/service/frontend/admin_handler.go:1860&#34;}&#xA;2024-10-18T13:42:22.737Z&#x9;error&#x9;StreamReceiver encountered channel close&#x9;{&#34;cluster-name&#34;: &#34;cluster1&#34;, &#34;host&#34;: &#34;127.0.1.1:7132&#34;, &#34;xdc-source-cluster&#34;: &#34;cluster2&#34;, &#34;xdc-source-shard-id&#34;: 1, &#34;shard-id&#34;: 1, &#34;logging-call-at&#34;: &#34;/home/runner/work/temporal/temporal/service/history/replication/stream_receiver.go:375&#34;}&#xA;go.temporal.io/server/common/log.(*zapLogger).Error&#xA;&#x9;/home/runner/work/temporal/temporal/common/log/zap_logger.go:154&#xA;go.temporal.io/server/service/history/replication.(*StreamReceiverImpl).processMessages&#xA;&#x9;/home/runner/work/temporal/temporal/service/history/replication/stream_receiver.go:375&#xA;go.temporal.io/server/service/history/replication.(*StreamReceiverImpl).recvEventLoop&#xA;&#x9;/home/runner/work/temporal/temporal/service/history/replication/stream_receiver.go:226&#xA;go.temporal.io/server/service/history/replication.WrapEventLoop&#xA;&#x9;/home/runner/work/temporal/temporal/service/history/replication/stream.go:76&#xA;2024-10-18T13:42:22.737Z&#x9;info&#x9;StreamReceiver shutting down.&#x9;{&#34;cluster-name&#34;: &#34;cluster1&#34;, &#34;host&#34;: &#34;127.0.1.1:7132&#34;, &#34;xdc-source-cluster&#34;: &#34;cluster2&#34;, &#34;xdc-source-shard-id&#34;: 1, &#34;shard-id&#34;: 1, &#34;logging-call-at&#34;: &#34;/home/runner/work/temporal/temporal/service/history/replication/stream_receiver.go:166&#34;}&#xA;2024-10-18T13:42:23.060Z&#x9;info&#x9;check if clusters are synced&#x9;{&#34;xdc-source-cluster&#34;: &#34;nexus_state_replication_active&#34;, &#34;xdc-target-cluster&#34;: &#34;nexus_state_replication_standby&#34;, &#34;logging-call-at&#34;: &#34;/home/runner/work/temporal/temporal/tests/xdc/base.go:172&#34;}&#xA;2024-10-18T13:42:23.067Z&#x9;info&#x9;check if clusters are synced&#x9;{&#34;xdc-source-cluster&#34;: &#34;cluster1&#34;, &#34;xdc-target-cluster&#34;: &#34;cluster2&#34;, &#34;logging-call-at&#34;: &#34;/home/runner/work/temporal/temporal/tests/xdc/base.go:172&#34;}&#xA;2024-10-18T13:42:23.684Z&#x9;info&#x9;StreamReceiver started.&#x9;{&#34;cluster-name&#34;: &#34;nexus_state_replication_active&#34;, &#34;host&#34;: &#34;127.0.0.1:7132&#34;, &#34;xdc-source-cluster&#34;: &#34;nexus_state_replication_standby&#34;, &#34;xdc-source-shard-id&#34;: 1, &#34;shard-id&#34;: 1, &#34;logging-call-at&#34;: &#34;/home/runner/work/temporal/temporal/service/history/replication/stream_receiver.go:148&#34;}&#xA;2024-10-18T13:42:23.684Z&#x9;info&#x9;AdminStreamReplicationMessages started.&#x9;{&#34;cluster-name&#34;: &#34;nexus_state_replication_standby&#34;, &#34;host&#34;: &#34;127.0.3.1:7134&#34;, &#34;service&#34;: &#34;frontend&#34;, &#34;shard-id&#34;: 1, &#34;logging-call-at&#34;: &#34;/home/runner/work/temporal/temporal/service/frontend/admin_handler.go:1835&#34;}&#xA;2024-10-18T13:42:23.685Z&#x9;error&#x9;service failures&#x9;{&#34;cluster-name&#34;: &#34;nexus_state_replication_standby&#34;, &#34;host&#34;: &#34;127.0.3.1:7132&#34;, &#34;operation&#34;: &#34;StreamWorkflowReplicationMessages&#34;, &#34;hash&#34;: &#34;371000be&#34;, &#34;grpc_code&#34;: &#34;Internal&#34;, &#34;error&#34;: &#34;unknown cluster ID: 1&#34;, &#34;logging-call-at&#34;: &#34;/home/runner/work/temporal/temporal/common/rpc/interceptor/telemetry.go:408&#34;}&#xA;go.temporal.io/server/common/log.(*zapLogger).Error&#xA;&#x9;/home/runner/work/temporal/temporal/common/log/zap_logger.go:154&#xA;go.temporal.io/server/common/rpc/interceptor.(*TelemetryInterceptor).logErrors&#xA;&#x9;/home/runner/work/temporal/temporal/common/rpc/interceptor/telemetry.go:408&#xA;go.temporal.io/server/common/rpc/interceptor.(*TelemetryInterceptor).HandleError&#xA;&#x9;/home/runner/work/temporal/temporal/common/rpc/interceptor/telemetry.go:378&#xA;go.temporal.io/server/common/rpc/interceptor.(*TelemetryInterceptor).StreamIntercept&#xA;&#x9;/home/runner/work/temporal/temporal/common/rpc/interceptor/telemetry.go:235&#xA;google.golang.org/grpc.(*Server).processStreamingRPC&#xA;&#x9;/home/runner/go/pkg/mod/google.golang.org/grpc@v1.66.0/server.go:1694&#xA;google.golang.org/grpc.(*Server).handleStream&#xA;&#x9;/home/runner/go/pkg/mod/google.golang.org/grpc@v1.66.0/server.go:1808&#xA;google.golang.org/grpc.(*Server).serveStreams.func2.1&#xA;&#x9;/home/runner/go/pkg/mod/google.golang.org/grpc@v1.66.0/server.go:1029&#xA;2024-10-18T13:42:23.685Z&#x9;info&#x9;AdminStreamReplicationMessages server -&gt; client encountered error&#x9;{&#34;cluster-name&#34;: &#34;nexus_state_replication_standby&#34;, &#34;host&#34;: &#34;127.0.3.1:7134&#34;, &#34;service&#34;: &#34;frontend&#34;, &#34;shard-id&#34;: 1, &#34;error&#34;: &#34;unknown cluster ID: 1&#34;, &#34;logging-call-at&#34;: &#34;/home/runner/work/temporal/temporal/service/frontend/admin_handler.go:1887&#34;}&#xA;2024-10-18T13:42:23.685Z&#x9;info&#x9;AdminStreamReplicationMessages stopped.&#x9;{&#34;cluster-name&#34;: &#34;nexus_state_replication_standby&#34;, &#34;host&#34;: &#34;127.0.3.1:7134&#34;, &#34;service&#34;: &#34;frontend&#34;, &#34;shard-id&#34;: 1, &#34;logging-call-at&#34;: &#34;/home/runner/work/temporal/temporal/service/frontend/admin_handler.go:1912&#34;}&#xA;2024-10-18T13:42:23.685Z&#x9;info&#x9;AdminStreamReplicationMessages client -&gt; server encountered error&#x9;{&#34;cluster-name&#34;: &#34;nexus_state_replication_standby&#34;, &#34;host&#34;: &#34;127.0.3.1:7134&#34;, &#34;service&#34;: &#34;frontend&#34;, &#34;shard-id&#34;: 1, &#34;error&#34;: &#34;rpc error: code = Canceled desc = context canceled&#34;, &#34;logging-call-at&#34;: &#34;/home/runner/work/temporal/temporal/service/frontend/admin_handler.go:1860&#34;}&#xA;2024-10-18T13:42:23.685Z&#x9;error&#x9;StreamReceiver encountered channel close&#x9;{&#34;cluster-name&#34;: &#34;nexus_state_replication_active&#34;, &#34;host&#34;: &#34;127.0.0.1:7132&#34;, &#34;xdc-source-cluster&#34;: &#34;nexus_state_replication_standby&#34;, &#34;xdc-source-shard-id&#34;: 1, &#34;shard-id&#34;: 1, &#34;logging-call-at&#34;: &#34;/home/runner/work/temporal/temporal/service/history/replication/stream_receiver.go:375&#34;}&#xA;go.temporal.io/server/common/log.(*zapLogger).Error&#xA;&#x9;/home/runner/work/temporal/temporal/common/log/zap_logger.go:154&#xA;go.temporal.io/server/service/history/replication.(*StreamReceiverImpl).processMessages&#xA;&#x9;/home/runner/work/temporal/temporal/service/history/replication/stream_receiver.go:375&#xA;go.temporal.io/server/service/history/replication.(*StreamReceiverImpl).recvEventLoop&#xA;&#x9;/home/runner/work/temporal/temporal/service/history/replication/stream_receiver.go:226&#xA;go.temporal.io/server/service/history/replication.WrapEventLoop&#xA;&#x9;/home/runner/work/temporal/temporal/service/history/replication/stream.go:76&#xA;2024-10-18T13:42:23.685Z&#x9;info&#x9;StreamReceiver shutting down.&#x9;{&#34;cluster-name&#34;: &#34;nexus_state_replication_active&#34;, &#34;host&#34;: &#34;127.0.0.1:7132&#34;, &#34;xdc-source-cluster&#34;: &#34;nexus_state_replication_standby&#34;, &#34;xdc-source-shard-id&#34;: 1, &#34;shard-id&#34;: 1, &#34;logging-call-at&#34;: &#34;/home/runner/work/temporal/temporal/service/history/replication/stream_receiver.go:166&#34;}&#xA;2024-10-18T13:42:23.739Z&#x9;info&#x9;StreamReceiver started.&#x9;{&#34;cluster-name&#34;: &#34;cluster1&#34;, &#34;host&#34;: &#34;127.0.1.1:7132&#34;, &#34;xdc-source-cluster&#34;: &#34;cluster2&#34;, &#34;xdc-source-shard-id&#34;: 1, &#34;shard-id&#34;: 1, &#34;logging-call-at&#34;: &#34;/home/runner/work/temporal/temporal/service/history/replication/stream_receiver.go:148&#34;}&#xA;2024-10-18T13:42:23.739Z&#x9;info&#x9;AdminStreamReplicationMessages started.&#x9;{&#34;cluster-name&#34;: &#34;cluster2&#34;, &#34;host&#34;: &#34;127.0.2.1:7134&#34;, &#34;service&#34;: &#34;frontend&#34;, &#34;shard-id&#34;: 1, &#34;logging-call-at&#34;: &#34;/home/runner/work/temporal/temporal/service/frontend/admin_handler.go:1835&#34;}&#xA;2024-10-18T13:42:23.740Z&#x9;error&#x9;service failures&#x9;{&#34;cluster-name&#34;: &#34;cluster2&#34;, &#34;host&#34;: &#34;127.0.2.1:7132&#34;, &#34;operation&#34;: &#34;StreamWorkflowReplicationMessages&#34;, &#34;hash&#34;: &#34;371000be&#34;, &#34;grpc_code&#34;: &#34;Internal&#34;, &#34;error&#34;: &#34;unknown cluster ID: 1&#34;, &#34;logging-call-at&#34;: &#34;/home/runner/work/temporal/temporal/common/rpc/interceptor/telemetry.go:408&#34;}&#xA;go.temporal.io/server/common/log.(*zapLogger).Error&#xA;&#x9;/home/runner/work/temporal/temporal/common/log/zap_logger.go:154&#xA;go.temporal.io/server/common/rpc/interceptor.(*TelemetryInterceptor).logErrors&#xA;&#x9;/home/runner/work/temporal/temporal/common/rpc/interceptor/telemetry.go:408&#xA;go.temporal.io/server/common/rpc/interceptor.(*TelemetryInterceptor).HandleError&#xA;&#x9;/home/runner/work/temporal/temporal/common/rpc/interceptor/telemetry.go:378&#xA;go.temporal.io/server/common/rpc/interceptor.(*TelemetryInterceptor).StreamIntercept&#xA;&#x9;/home/runner/work/temporal/temporal/common/rpc/interceptor/telemetry.go:235&#xA;google.golang.org/grpc.(*Server).processStreamingRPC&#xA;&#x9;/home/runner/go/pkg/mod/google.golang.org/grpc@v1.66.0/server.go:1694&#xA;google.golang.org/grpc.(*Server).handleStream&#xA;&#x9;/home/runner/go/pkg/mod/google.golang.org/grpc@v1.66.0/server.go:1808&#xA;google.golang.org/grpc.(*Server).serveStreams.func2.1&#xA;&#x9;/home/runner/go/pkg/mod/google.golang.org/grpc@v1.66.0/server.go:1029&#xA;2024-10-18T13:42:23.740Z&#x9;info&#x9;AdminStreamReplicationMessages server -&gt; client encountered error&#x9;{&#34;cluster-name&#34;: &#34;cluster2&#34;, &#34;host&#34;: &#34;127.0.2.1:7134&#34;, &#34;service&#34;: &#34;frontend&#34;, &#34;shard-id&#34;: 1, &#34;error&#34;: &#34;unknown cluster ID: 1&#34;, &#34;logging-call-at&#34;: &#34;/home/runner/work/temporal/temporal/service/frontend/admin_handler.go:1887&#34;}&#xA;2024-10-18T13:42:23.740Z&#x9;info&#x9;AdminStreamReplicationMessages stopped.&#x9;{&#34;cluster-name&#34;: &#34;cluster2&#34;, &#34;host&#34;: &#34;127.0.2.1:7134&#34;, &#34;service&#34;: &#34;frontend&#34;, &#34;shard-id&#34;: 1, &#34;logging-call-at&#34;: &#34;/home/runner/work/temporal/temporal/service/frontend/admin_handler.go:1912&#34;}&#xA;2024-10-18T13:42:23.741Z&#x9;info&#x9;AdminStreamReplicationMessages client -&gt; server encountered error&#x9;{&#34;cluster-name&#34;: &#34;cluster2&#34;, &#34;host&#34;: &#34;127.0.2.1:7134&#34;, &#34;service&#34;: &#34;frontend&#34;, &#34;shard-id&#34;: 1, &#34;error&#34;: &#34;rpc error: code = Canceled desc = context canceled&#34;, &#34;logging-call-at&#34;: &#34;/home/runner/work/temporal/temporal/service/frontend/admin_handler.go:1860&#34;}&#xA;2024-10-18T13:42:23.741Z&#x9;error&#x9;StreamReceiver encountered channel close&#x9;{&#34;cluster-name&#34;: &#34;cluster1&#34;, &#34;host&#34;: &#34;127.0.1.1:7132&#34;, &#34;xdc-source-cluster&#34;: &#34;cluster2&#34;, &#34;xdc-source-shard-id&#34;: 1, &#34;shard-id&#34;: 1, &#34;logging-call-at&#34;: &#34;/home/runner/work/temporal/temporal/service/history/replication/stream_receiver.go:375&#34;}&#xA;go.temporal.io/server/common/log.(*zapLogger).Error&#xA;&#x9;/home/runner/work/temporal/temporal/common/log/zap_logger.go:154&#xA;go.temporal.io/server/service/history/replication.(*StreamReceiverImpl).processMessages&#xA;&#x9;/home/runner/work/temporal/temporal/service/history/replication/stream_receiver.go:375&#xA;go.temporal.io/server/service/history/replication.(*StreamReceiverImpl).recvEventLoop&#xA;&#x9;/home/runner/work/temporal/temporal/service/history/replication/stream_receiver.go:226&#xA;go.temporal.io/server/service/history/replication.WrapEventLoop&#xA;&#x9;/home/runner/work/temporal/temporal/service/history/replication/stream.go:76&#xA;2024-10-18T13:42:23.741Z&#x9;info&#x9;StreamReceiver shutting down.&#x9;{&#34;cluster-name&#34;: &#34;cluster1&#34;, &#34;host&#34;: &#34;127.0.1.1:7132&#34;, &#34;xdc-source-cluster&#34;: &#34;cluster2&#34;, &#34;xdc-source-shard-id&#34;: 1, &#34;shard-id&#34;: 1, &#34;logging-call-at&#34;: &#34;/home/runner/work/temporal/temporal/service/history/replication/stream_receiver.go:166&#34;}&#xA;2024-10-18T13:42:24.021Z&#x9;info&#x9;StreamReceiver started.&#x9;{&#34;cluster-name&#34;: &#34;nexus_state_replication_standby&#34;, &#34;host&#34;: &#34;127.0.3.1:7132&#34;, &#34;xdc-source-cluster&#34;: &#34;nexus_state_replication_active&#34;, &#34;xdc-source-shard-id&#34;: 1, &#34;shard-id&#34;: 1, &#34;logging-call-at&#34;: &#34;/home/runner/work/temporal/temporal/service/history/replication/stream_receiver.go:148&#34;}&#xA;2024-10-18T13:42:24.021Z&#x9;info&#x9;StreamReceiver started.&#x9;{&#34;cluster-name&#34;: &#34;cluster2&#34;, &#34;host&#34;: &#34;127.0.2.1:7132&#34;, &#34;xdc-source-cluster&#34;: &#34;cluster1&#34;, &#34;xdc-source-shard-id&#34;: 1, &#34;shard-id&#34;: 1, &#34;logging-call-at&#34;: &#34;/home/runner/work/temporal/temporal/service/history/replication/stream_receiver.go:148&#34;}&#xA;2024-10-18T13:42:24.023Z&#x9;info&#x9;AdminStreamReplicationMessages started.&#x9;{&#34;cluster-name&#34;: &#34;cluster1&#34;, &#34;host&#34;: &#34;127.0.1.1:7134&#34;, &#34;service&#34;: &#34;frontend&#34;, &#34;shard-id&#34;: 1, &#34;logging-call-at&#34;: &#34;/home/runner/work/temporal/temporal/service/frontend/admin_handler.go:1835&#34;}&#xA;2024-10-18T13:42:24.023Z&#x9;info&#x9;AdminStreamReplicationMessages started.&#x9;{&#34;cluster-name&#34;: &#34;nexus_state_replication_active&#34;, &#34;host&#34;: &#34;127.0.0.1:7134&#34;, &#34;service&#34;: &#34;frontend&#34;, &#34;shard-id&#34;: 1, &#34;logging-call-at&#34;: &#34;/home/runner/work/temporal/temporal/service/frontend/admin_handler.go:1835&#34;}&#xA;2024-10-18T13:42:24.024Z&#x9;info&#x9;StreamSender started.&#x9;{&#34;cluster-name&#34;: &#34;nexus_state_replication_active&#34;, &#34;host&#34;: &#34;127.0.0.1:7132&#34;, &#34;shard-id&#34;: 1, &#34;address&#34;: &#34;127.0.0.1:7132&#34;, &#34;xdc-target-cluster&#34;: &#34;nexus_state_replication_standby&#34;, &#34;xdc-target-shard-id&#34;: 1, &#34;shard-id&#34;: 1, &#34;logging-call-at&#34;: &#34;/home/runner/work/temporal/temporal/service/history/replication/stream_sender.go:146&#34;}&#xA;2024-10-18T13:42:24.024Z&#x9;info&#x9;StreamSender started.&#x9;{&#34;cluster-name&#34;: &#34;cluster1&#34;, &#34;host&#34;: &#34;127.0.1.1:7132&#34;, &#34;shard-id&#34;: 1, &#34;address&#34;: &#34;127.0.1.1:7132&#34;, &#34;xdc-target-cluster&#34;: &#34;cluster2&#34;, &#34;xdc-target-shard-id&#34;: 1, &#34;shard-id&#34;: 1, &#34;logging-call-at&#34;: &#34;/home/runner/work/temporal/temporal/service/history/replication/stream_sender.go:146&#34;}&#xA;2024-10-18T13:42:24.060Z&#x9;info&#x9;check if clusters are synced&#x9;{&#34;xdc-source-cluster&#34;: &#34;nexus_state_replication_active&#34;, &#34;xdc-target-cluster&#34;: &#34;nexus_state_replication_standby&#34;, &#34;logging-call-at&#34;: &#34;/home/runner/work/temporal/temporal/tests/xdc/base.go:172&#34;}&#xA;2024-10-18T13:42:24.066Z&#x9;info&#x9;check if clusters are synced&#x9;{&#34;xdc-source-cluster&#34;: &#34;cluster1&#34;, &#34;xdc-target-cluster&#34;: &#34;cluster2&#34;, &#34;logging-call-at&#34;: &#34;/home/runner/work/temporal/temporal/tests/xdc/base.go:172&#34;}&#xA;2024-10-18T13:42:25.060Z&#x9;info&#x9;check if clusters are synced&#x9;{&#34;xdc-source-cluster&#34;: &#34;nexus_state_replication_active&#34;, &#34;xdc-target-cluster&#34;: &#34;nexus_state_replication_standby&#34;, &#34;logging-call-at&#34;: &#34;/home/runner/work/temporal/temporal/tests/xdc/base.go:172&#34;}&#xA;2024-10-18T13:42:25.061Z&#x9;info&#x9;clusters synced&#x9;{&#34;xdc-source-cluster&#34;: &#34;nexus_state_replication_active&#34;, &#34;xdc-target-cluster&#34;: &#34;nexus_state_replication_standby&#34;, &#34;logging-call-at&#34;: &#34;/home/runner/work/temporal/temporal/tests/xdc/base.go:196&#34;}&#xA;2024-10-18T13:42:25.061Z&#x9;info&#x9;wait for clusters to be synced&#x9;{&#34;xdc-source-cluster&#34;: &#34;nexus_state_replication_standby&#34;, &#34;xdc-target-cluster&#34;: &#34;nexus_state_replication_active&#34;, &#34;logging-call-at&#34;: &#34;/home/runner/work/temporal/temporal/tests/xdc/base.go:170&#34;}&#xA;2024-10-18T13:42:25.066Z&#x9;info&#x9;check if clusters are synced&#x9;{&#34;xdc-source-cluster&#34;: &#34;cluster1&#34;, &#34;xdc-target-cluster&#34;: &#34;cluster2&#34;, &#34;logging-call-at&#34;: &#34;/home/runner/work/temporal/temporal/tests/xdc/base.go:172&#34;}&#xA;2024-10-18T13:42:25.067Z&#x9;info&#x9;clusters synced&#x9;{&#34;xdc-source-cluster&#34;: &#34;cluster1&#34;, &#34;xdc-target-cluster&#34;: &#34;cluster2&#34;, &#34;logging-call-at&#34;: &#34;/home/runner/work/temporal/temporal/tests/xdc/base.go:196&#34;}&#xA;2024-10-18T13:42:25.067Z&#x9;info&#x9;wait for clusters to be synced&#x9;{&#34;xdc-source-cluster&#34;: &#34;cluster2&#34;, &#34;xdc-target-cluster&#34;: &#34;cluster1&#34;, &#34;logging-call-at&#34;: &#34;/home/runner/work/temporal/temporal/tests/xdc/base.go:170&#34;}&#xA;2024-10-18T13:42:25.684Z&#x9;info&#x9;StreamReceiver started.&#x9;{&#34;cluster-name&#34;: &#34;nexus_state_replication_active&#34;, &#34;host&#34;: &#34;127.0.0.1:7132&#34;, &#34;xdc-source-cluster&#34;: &#34;nexus_state_replication_standby&#34;, &#34;xdc-source-shard-id&#34;: 1, &#34;shard-id&#34;: 1, &#34;logging-call-at&#34;: &#34;/home/runner/work/temporal/temporal/service/history/replication/stream_receiver.go:148&#34;}&#xA;2024-10-18T13:42:25.687Z&#x9;info&#x9;AdminStreamReplicationMessages started.&#x9;{&#34;cluster-name&#34;: &#34;nexus_state_replication_standby&#34;, &#34;host&#34;: &#34;127.0.3.1:7134&#34;, &#34;service&#34;: &#34;frontend&#34;, &#34;shard-id&#34;: 1, &#34;logging-call-at&#34;: &#34;/home/runner/work/temporal/temporal/service/frontend/admin_handler.go:1835&#34;}&#xA;2024-10-18T13:42:25.688Z&#x9;info&#x9;StreamSender started.&#x9;{&#34;cluster-name&#34;: &#34;nexus_state_replication_standby&#34;, &#34;host&#34;: &#34;127.0.3.1:7132&#34;, &#34;shard-id&#34;: 1, &#34;address&#34;: &#34;127.0.3.1:7132&#34;, &#34;xdc-target-cluster&#34;: &#34;nexus_state_replication_active&#34;, &#34;xdc-target-shard-id&#34;: 1, &#34;shard-id&#34;: 1, &#34;logging-call-at&#34;: &#34;/home/runner/work/temporal/temporal/service/history/replication/stream_sender.go:146&#34;}&#xA;2024-10-18T13:42:25.740Z&#x9;info&#x9;StreamReceiver started.&#x9;{&#34;cluster-name&#34;: &#34;cluster1&#34;, &#34;host&#34;: &#34;127.0.1.1:7132&#34;, &#34;xdc-source-cluster&#34;: &#34;cluster2&#34;, &#34;xdc-source-shard-id&#34;: 1, &#34;shard-id&#34;: 1, &#34;logging-call-at&#34;: &#34;/home/runner/work/temporal/temporal/service/history/replication/stream_receiver.go:148&#34;}&#xA;2024-10-18T13:42:25.740Z&#x9;info&#x9;AdminStreamReplicationMessages started.&#x9;{&#34;cluster-name&#34;: &#34;cluster2&#34;, &#34;host&#34;: &#34;127.0.2.1:7134&#34;, &#34;service&#34;: &#34;frontend&#34;, &#34;shard-id&#34;: 1, &#34;logging-call-at&#34;: &#34;/home/runner/work/temporal/temporal/service/frontend/admin_handler.go:1835&#34;}&#xA;2024-10-18T13:42:25.741Z&#x9;info&#x9;StreamSender started.&#x9;{&#34;cluster-name&#34;: &#34;cluster2&#34;, &#34;host&#34;: &#34;127.0.2.1:7132&#34;, &#34;shard-id&#34;: 1, &#34;address&#34;: &#34;127.0.2.1:7132&#34;, &#34;xdc-target-cluster&#34;: &#34;cluster1&#34;, &#34;xdc-target-shard-id&#34;: 1, &#34;shard-id&#34;: 1, &#34;logging-call-at&#34;: &#34;/home/runner/work/temporal/temporal/service/history/replication/stream_sender.go:146&#34;}&#xA;2024-10-18T13:42:26.062Z&#x9;info&#x9;check if clusters are synced&#x9;{&#34;xdc-source-cluster&#34;: &#34;nexus_state_replication_standby&#34;, &#34;xdc-target-cluster&#34;: &#34;nexus_state_replication_active&#34;, &#34;logging-call-at&#34;: &#34;/home/runner/work/temporal/temporal/tests/xdc/base.go:172&#34;}&#xA;2024-10-18T13:42:26.068Z&#x9;info&#x9;check if clusters are synced&#x9;{&#34;xdc-source-cluster&#34;: &#34;cluster2&#34;, &#34;xdc-target-cluster&#34;: &#34;cluster1&#34;, &#34;logging-call-at&#34;: &#34;/home/runner/work/temporal/temporal/tests/xdc/base.go:172&#34;}&#xA;2024-10-18T13:42:27.062Z&#x9;info&#x9;check if clusters are synced&#x9;{&#34;xdc-source-cluster&#34;: &#34;nexus_state_replication_standby&#34;, &#34;xdc-target-cluster&#34;: &#34;nexus_state_replication_active&#34;, &#34;logging-call-at&#34;: &#34;/home/runner/work/temporal/temporal/tests/xdc/base.go:172&#34;}&#xA;2024-10-18T13:42:27.063Z&#x9;info&#x9;clusters synced&#x9;{&#34;xdc-source-cluster&#34;: &#34;nexus_state_replication_standby&#34;, &#34;xdc-target-cluster&#34;: &#34;nexus_state_replication_active&#34;, &#34;logging-call-at&#34;: &#34;/home/runner/work/temporal/temporal/tests/xdc/base.go:196&#34;}&#xA;2024-10-18T13:42:27.065Z&#x9;info&#x9;Quota changed&#x9;{&#34;cluster-name&#34;: &#34;nexus_state_replication_active&#34;, &#34;host&#34;: &#34;127.0.0.1:7134&#34;, &#34;service&#34;: &#34;frontend&#34;, &#34;component&#34;: &#34;rpc-handler&#34;, &#34;scope&#34;: &#34;namespace&#34;, &#34;wf-namespace&#34;: &#34;test-namespace-9add3c56-b835-4628-8d99-35896823349c&#34;, &#34;current-quota&#34;: null, &#34;new-quota&#34;: 2400, &#34;logging-call-at&#34;: &#34;/home/runner/work/temporal/temporal/common/quotas/calculator/logged_calculator.go:124&#34;}&#xA;2024-10-18T13:42:27.065Z&#x9;info&#x9;Quota changed&#x9;{&#34;cluster-name&#34;: &#34;nexus_state_replication_active&#34;, &#34;host&#34;: &#34;127.0.0.1:7134&#34;, &#34;service&#34;: &#34;frontend&#34;, &#34;component&#34;: &#34;visibility-handler&#34;, &#34;scope&#34;: &#34;namespace&#34;, &#34;wf-namespace&#34;: &#34;test-namespace-9add3c56-b835-4628-8d99-35896823349c&#34;, &#34;current-quota&#34;: null, &#34;new-quota&#34;: 50, &#34;logging-call-at&#34;: &#34;/home/runner/work/temporal/temporal/common/quotas/calculator/logged_calculator.go:124&#34;}&#xA;2024-10-18T13:42:27.066Z&#x9;info&#x9;Quota changed&#x9;{&#34;cluster-name&#34;: &#34;nexus_state_replication_active&#34;, &#34;host&#34;: &#34;127.0.0.1:7134&#34;, &#34;service&#34;: &#34;frontend&#34;, &#34;component&#34;: &#34;namespace-replication&#34;, &#34;scope&#34;: &#34;namespace&#34;, &#34;wf-namespace&#34;: &#34;test-namespace-9add3c56-b835-4628-8d99-35896823349c&#34;, &#34;current-quota&#34;: null, &#34;new-quota&#34;: 1000, &#34;logging-call-at&#34;: &#34;/home/runner/work/temporal/temporal/common/quotas/calculator/logged_calculator.go:124&#34;}&#xA;2024-10-18T13:42:27.066Z&#x9;info&#x9;Quota changed&#x9;{&#34;cluster-name&#34;: &#34;nexus_state_replication_active&#34;, &#34;host&#34;: &#34;127.0.0.1:7134&#34;, &#34;service&#34;: &#34;frontend&#34;, &#34;component&#34;: &#34;persistence&#34;, &#34;scope&#34;: &#34;namespace&#34;, &#34;wf-namespace&#34;: &#34;test-namespace-9add3c56-b835-4628-8d99-35896823349c&#34;, &#34;current-quota&#34;: null, &#34;new-quota&#34;: 0, &#34;logging-call-at&#34;: &#34;/home/runner/work/temporal/temporal/common/quotas/calculator/logged_calculator.go:124&#34;}&#xA;2024-10-18T13:42:27.067Z&#x9;info&#x9;check if clusters are synced&#x9;{&#34;xdc-source-cluster&#34;: &#34;cluster2&#34;, &#34;xdc-target-cluster&#34;: &#34;cluster1&#34;, &#34;logging-call-at&#34;: &#34;/home/runner/work/temporal/temporal/tests/xdc/base.go:172&#34;}&#xA;2024-10-18T13:42:27.069Z&#x9;info&#x9;clusters synced&#x9;{&#34;xdc-source-cluster&#34;: &#34;cluster2&#34;, &#34;xdc-target-cluster&#34;: &#34;cluster1&#34;, &#34;logging-call-at&#34;: &#34;/home/runner/work/temporal/temporal/tests/xdc/base.go:196&#34;}&#xA;    history_replication_signals_and_updates_test.go:210: flaky test&#xA;--- SKIP: TestHistoryReplicationSignalsAndUpdatesTestSuite/TestAcceptedUpdateCanBeCompletedAfterFailoverAndFailback (7.00s)&#xA;"></skipped>
		</testcase>
		<testcase classname="go.temporal.io/server/tests/xdc" name="TestHistoryReplicationSignalsAndUpdatesTestSuite/TestConflictResolutionDoesNotReapplyAcceptedUpdateWithConflictingId" time="0.000000">
			<skipped message="=== RUN   TestHistoryReplicationSignalsAndUpdatesTestSuite/TestConflictResolutionDoesNotReapplyAcceptedUpdateWithConflictingId&#xA;    history_replication_signals_and_updates_test.go:362: flaky test&#xA;--- SKIP: TestHistoryReplicationSignalsAndUpdatesTestSuite/TestConflictResolutionDoesNotReapplyAcceptedUpdateWithConflictingId (0.00s)&#xA;"></skipped>
		</testcase>
		<testcase classname="go.temporal.io/server/tests/xdc" name="TestNexusStateReplicationTestSuite/TestNexusOperationEventsReplicated" time="0.000000">
			<skipped message="=== RUN   TestNexusStateReplicationTestSuite/TestNexusOperationEventsReplicated&#xA;    nexus_state_replication_test.go:102: flaky test&#xA;--- SKIP: TestNexusStateReplicationTestSuite/TestNexusOperationEventsReplicated (0.00s)&#xA;"></skipped>
		</testcase>
		<testcase classname="go.temporal.io/server/tests/xdc" name="TestFuncClustersTestSuite/TestCronWorkflowCompleteAndFailover" time="0.000000">
			<skipped message="=== RUN   TestFuncClustersTestSuite/TestCronWorkflowCompleteAndFailover&#xA;    failover_test.go:1951: flaky test&#xA;--- SKIP: TestFuncClustersTestSuite/TestCronWorkflowCompleteAndFailover (0.00s)&#xA;"></skipped>
		</testcase>
		<testcase classname="go.temporal.io/server/tests/xdc" name="TestFuncClustersTestSuite/TestCronWorkflowStartAndFailover" time="0.000000">
			<skipped message="=== RUN   TestFuncClustersTestSuite/TestCronWorkflowStartAndFailover&#xA;    failover_test.go:1855: flaky test&#xA;--- SKIP: TestFuncClustersTestSuite/TestCronWorkflowStartAndFailover (0.00s)&#xA;"></skipped>
		</testcase>
		<testcase classname="go.temporal.io/server/tests/xdc" name="TestHistoryReplicationSignalsAndUpdatesTestSuite/TestConflictResolutionDoesNotReapplyAdmittedUpdateWithConflictingId" time="3.280000"></testcase>
		<testcase classname="go.temporal.io/server/tests/xdc" name="TestHistoryReplicationSignalsAndUpdatesTestSuite/TestConflictResolutionDoesNotReapplyCompleteUpdateWithConflictingId" time="1.830000"></testcase>
		<testcase classname="go.temporal.io/server/tests/xdc" name="TestHistoryReplicationSignalsAndUpdatesTestSuite/TestConflictResolutionReappliesSignals" time="2.200000"></testcase>
		<testcase classname="go.temporal.io/server/tests/xdc" name="TestHistoryReplicationSignalsAndUpdatesTestSuite/TestConflictResolutionReappliesUpdates" time="3.840000"></testcase>
		<testcase classname="go.temporal.io/server/tests/xdc" name="TestNexusStateReplicationTestSuite/TestNexusCallbackReplicated" time="21.610000"></testcase>
		<testcase classname="go.temporal.io/server/tests/xdc" name="TestHistoryReplicationSignalsAndUpdatesTestSuite/TestUpdateCompletedAfterFailoverCannotBeCompletedAgainAfterFailback" time="5.500000"></testcase>
		<testcase classname="go.temporal.io/server/tests/xdc" name="TestNexusStateReplicationTestSuite/TestNexusOperationCancelationReplicated" time="3.200000"></testcase>
		<testcase classname="go.temporal.io/server/tests/xdc" name="TestHistoryReplicationSignalsAndUpdatesTestSuite" time="29.840000"></testcase>
		<testcase classname="go.temporal.io/server/tests/xdc" name="TestNexusStateReplicationTestSuite" time="30.210000"></testcase>
		<testcase classname="go.temporal.io/server/tests/xdc" name="TestNexusRequestForwardingTestSuite/TestCancelOperationForwardedFromStandbyToActive/success" time="0.020000"></testcase>
		<testcase classname="go.temporal.io/server/tests/xdc" name="TestNexusRequestForwardingTestSuite/TestCancelOperationForwardedFromStandbyToActive/handler_error" time="0.030000"></testcase>
		<testcase classname="go.temporal.io/server/tests/xdc" name="TestNexusRequestForwardingTestSuite/TestCancelOperationForwardedFromStandbyToActive/redirect_disabled_by_header" time="0.000000"></testcase>
		<testcase classname="go.temporal.io/server/tests/xdc" name="TestNexusRequestForwardingTestSuite/TestCancelOperationForwardedFromStandbyToActive" time="8.560000"></testcase>
		<testcase classname="go.temporal.io/server/tests/xdc" name="TestNexusRequestForwardingTestSuite/TestCompleteOperationForwardedFromStandbyToActive" time="1.730000"></testcase>
		<testcase classname="go.temporal.io/server/tests/xdc" name="TestNexusRequestForwardingTestSuite/TestStartOperationForwardedFromStandbyToActive/success" time="0.030000"></testcase>
		<testcase classname="go.temporal.io/server/tests/xdc" name="TestNexusRequestForwardingTestSuite/TestStartOperationForwardedFromStandbyToActive/operation_error" time="0.030000"></testcase>
		<testcase classname="go.temporal.io/server/tests/xdc" name="TestNexusRequestForwardingTestSuite/TestStartOperationForwardedFromStandbyToActive/handler_error" time="0.020000"></testcase>
		<testcase classname="go.temporal.io/server/tests/xdc" name="TestNexusRequestForwardingTestSuite/TestStartOperationForwardedFromStandbyToActive/redirect_disabled_by_header" time="0.000000"></testcase>
		<testcase classname="go.temporal.io/server/tests/xdc" name="TestNexusRequestForwardingTestSuite/TestStartOperationForwardedFromStandbyToActive" time="1.590000"></testcase>
		<testcase classname="go.temporal.io/server/tests/xdc" name="TestNexusRequestForwardingTestSuite" time="16.680000"></testcase>
		<testcase classname="go.temporal.io/server/tests/xdc" name="TestHistoryReplicationDLQSuite/QueueV1ReplicationStreamEnabled/TestWorkflowReplicationTaskFailure" time="8.440000"></testcase>
		<testcase classname="go.temporal.io/server/tests/xdc" name="TestHistoryReplicationDLQSuite/QueueV1ReplicationStreamEnabled" time="12.810000"></testcase>
		<testcase classname="go.temporal.io/server/tests/xdc" name="TestFuncClustersTestSuite/TestActivityHeartbeatFailover" time="28.310000"></testcase>
		<testcase classname="go.temporal.io/server/tests/xdc" name="TestHistoryReplicationDLQSuite/QueueV1ReplicationStreamDisabled/TestWorkflowReplicationTaskFailure" time="10.770000"></testcase>
		<testcase classname="go.temporal.io/server/tests/xdc" name="TestHistoryReplicationDLQSuite/QueueV1ReplicationStreamDisabled" time="15.050000"></testcase>
		<testcase classname="go.temporal.io/server/tests/xdc" name="TestFuncClustersTestSuite/TestContinueAsNewFailover" time="20.320000"></testcase>
		<testcase classname="go.temporal.io/server/tests/xdc" name="TestHistoryReplicationDLQSuite/QueueV2ReplicationStreamEnabled/TestWorkflowReplicationTaskFailure" time="8.650000"></testcase>
		<testcase classname="go.temporal.io/server/tests/xdc" name="TestHistoryReplicationDLQSuite/QueueV2ReplicationStreamEnabled" time="12.900000"></testcase>
		<testcase classname="go.temporal.io/server/tests/xdc" name="TestHistoryReplicationDLQSuite/QueueV2ReplicationStreamDisabled/TestWorkflowReplicationTaskFailure" time="10.960000"></testcase>
		<testcase classname="go.temporal.io/server/tests/xdc" name="TestFuncClustersTestSuite/TestForceMigration_ClosedWorkflow" time="18.800000"></testcase>
		<testcase classname="go.temporal.io/server/tests/xdc" name="TestHistoryReplicationDLQSuite/QueueV2ReplicationStreamDisabled" time="15.290000"></testcase>
		<testcase classname="go.temporal.io/server/tests/xdc" name="TestHistoryReplicationDLQSuite" time="56.060000"></testcase>
		<testcase classname="go.temporal.io/server/tests/xdc" name="TestFuncClustersTestSuite/TestForceMigration_ResetWorkflow" time="12.700000"></testcase>
		<testcase classname="go.temporal.io/server/tests/xdc" name="TestAdvVisCrossDCTestSuite/TestSearchAttributes" time="22.580000"></testcase>
		<testcase classname="go.temporal.io/server/tests/xdc" name="TestAdvVisCrossDCTestSuite" time="26.960000"></testcase>
		<testcase classname="go.temporal.io/server/tests/xdc" name="TestStreamBasedReplicationTestSuite/TestForceReplicateResetWorkflow_BaseWorkflowNotFound" time="15.330000"></testcase>
		<testcase classname="go.temporal.io/server/tests/xdc" name="TestFuncClustersTestSuite/TestForceWorkflowTaskClose_WithClusterReconnect" time="34.130000"></testcase>
		<testcase classname="go.temporal.io/server/tests/xdc" name="TestStreamBasedReplicationTestSuite/TestReplicateHistoryEvents_ForceReplicationScenario" time="13.270000"></testcase>
		<testcase classname="go.temporal.io/server/tests/xdc" name="TestStreamBasedReplicationTestSuite/TestResetWorkflow_SyncWorkflowState" time="10.340000"></testcase>
		<testcase classname="go.temporal.io/server/tests/xdc" name="TestStreamBasedReplicationTestSuite" time="43.340000"></testcase>
		<testcase classname="go.temporal.io/server/tests/xdc" name="TestFuncClustersTestSuite/TestLocalNamespaceMigration" time="27.310000"></testcase>
		<testcase classname="go.temporal.io/server/tests/xdc" name="TestUserDataReplicationTestSuite/TestApplyReplicationEventRevivesInUseTombstones" time="7.290000"></testcase>
		<testcase classname="go.temporal.io/server/tests/xdc" name="TestUserDataReplicationTestSuite/TestUserDataEntriesAreReplicatedOnDemand" time="7.820000"></testcase>
		<testcase classname="go.temporal.io/server/tests/xdc" name="TestFuncClustersTestSuite/TestNamespaceFailover" time="16.040000"></testcase>
		<testcase classname="go.temporal.io/server/tests/xdc" name="TestUserDataReplicationTestSuite/TestUserDataIsReplicatedFromActiveToPassive" time="2.050000"></testcase>
		<testcase classname="go.temporal.io/server/tests/xdc" name="TestUserDataReplicationTestSuite/TestUserDataIsReplicatedFromPassiveToActive" time="7.530000"></testcase>
		<testcase classname="go.temporal.io/server/tests/xdc" name="TestUserDataReplicationTestSuite/TestUserDataTombstonesAreReplicated" time="8.720000"></testcase>
		<testcase classname="go.temporal.io/server/tests/xdc" name="TestUserDataReplicationTestSuite" time="38.540000"></testcase>
		<testcase classname="go.temporal.io/server/tests/xdc" name="TestFuncClustersTestSuite/TestResetWorkflowFailover" time="22.190000"></testcase>
		<testcase classname="go.temporal.io/server/tests/xdc" name="TestFuncClustersTestSuite/TestSignalFailover" time="16.219000"></testcase>
		<testcase classname="go.temporal.io/server/tests/xdc" name="TestFuncClustersTestSuite/TestSimpleWorkflowFailover" time="21.260000"></testcase>
		<testcase classname="go.temporal.io/server/tests/xdc" name="TestFuncClustersTestSuite/TestStartWorkflowExecution_Failover_WorkflowIDReusePolicy" time="16.170000"></testcase>
		<testcase classname="go.temporal.io/server/tests/xdc" name="TestFuncClustersTestSuite/TestStickyWorkflowTaskFailover" time="28.720000"></testcase>
		<testcase classname="go.temporal.io/server/tests/xdc" name="TestFuncClustersTestSuite/TestTerminateFailover" time="16.120000"></testcase>
		<testcase classname="go.temporal.io/server/tests/xdc" name="TestFuncClustersTestSuite/TestTransientWorkflowTaskFailover" time="16.990000"></testcase>
		<testcase classname="go.temporal.io/server/tests/xdc" name="TestFuncClustersTestSuite/TestUserTimerFailover" time="17.140000"></testcase>
		<testcase classname="go.temporal.io/server/tests/xdc" name="TestFuncClustersTestSuite/TestWorkflowRetryFailAndFailover" time="16.990000"></testcase>
		<testcase classname="go.temporal.io/server/tests/xdc" name="TestFuncClustersTestSuite/TestWorkflowRetryStartAndFailover" time="18.080000"></testcase>
		<testcase classname="go.temporal.io/server/tests/xdc" name="TestFuncClustersTestSuite" time="352.960000"></testcase>
	</testsuite>
</testsuites>