<?xml version="1.0" encoding="UTF-8"?>
<testsuites tests="587" failures="0" errors="0" time="644.036060">
	<testsuite tests="587" failures="0" time="640.264000" name="go.temporal.io/server/tests" timestamp="2024-10-18T13:42:24Z">
		<properties>
			<property name="go.version" value="go1.22.6 linux/amd64"></property>
		</properties>
		<testcase classname="go.temporal.io/server/tests" name="TestLinksTestSuite/TestRequestCancelWorkflow_LinksAttachedToEvent" time="0.000000">
			<skipped message="=== RUN   TestLinksTestSuite/TestRequestCancelWorkflow_LinksAttachedToEvent&#xA;    functional_test_base.go:232: Skipping TestLinksTestSuite/TestRequestCancelWorkflow_LinksAttachedToEvent in test shard 1/3 (it runs in 3)&#xA;--- SKIP: TestLinksTestSuite/TestRequestCancelWorkflow_LinksAttachedToEvent (0.00s)&#xA;"></skipped>
		</testcase>
		<testcase classname="go.temporal.io/server/tests" name="TestLinksTestSuite/TestSignalWithStartWorkflowExecution_LinksAttachedToRelevantEvents" time="0.000000">
			<skipped message="=== RUN   TestLinksTestSuite/TestSignalWithStartWorkflowExecution_LinksAttachedToRelevantEvents&#xA;    functional_test_base.go:232: Skipping TestLinksTestSuite/TestSignalWithStartWorkflowExecution_LinksAttachedToRelevantEvents in test shard 1/3 (it runs in 3)&#xA;--- SKIP: TestLinksTestSuite/TestSignalWithStartWorkflowExecution_LinksAttachedToRelevantEvents (0.00s)&#xA;"></skipped>
		</testcase>
		<testcase classname="go.temporal.io/server/tests" name="TestLinksTestSuite/TestSignalWorkflowExecution_LinksAttachedToEvent" time="0.000000">
			<skipped message="=== RUN   TestLinksTestSuite/TestSignalWorkflowExecution_LinksAttachedToEvent&#xA;    functional_test_base.go:232: Skipping TestLinksTestSuite/TestSignalWorkflowExecution_LinksAttachedToEvent in test shard 1/3 (it runs in 3)&#xA;--- SKIP: TestLinksTestSuite/TestSignalWorkflowExecution_LinksAttachedToEvent (0.00s)&#xA;"></skipped>
		</testcase>
		<testcase classname="go.temporal.io/server/tests" name="TestLinksTestSuite/TestTerminateWorkflow_LinksAttachedToEvent" time="0.000000">
			<skipped message="=== RUN   TestLinksTestSuite/TestTerminateWorkflow_LinksAttachedToEvent&#xA;    functional_test_base.go:232: Skipping TestLinksTestSuite/TestTerminateWorkflow_LinksAttachedToEvent in test shard 1/3 (it runs in 2)&#xA;--- SKIP: TestLinksTestSuite/TestTerminateWorkflow_LinksAttachedToEvent (0.00s)&#xA;"></skipped>
		</testcase>
		<testcase classname="go.temporal.io/server/tests" name="TestNamespaceSuite/Test_NamespaceDelete_Empty" time="0.000000">
			<skipped message="=== RUN   TestNamespaceSuite/Test_NamespaceDelete_Empty&#xA;2024-10-18T13:42:36.136Z&#x9;info&#x9;Started physicalTaskQueueManager&#x9;{&#34;host&#34;: &#34;127.0.1.1:7136&#34;, &#34;component&#34;: &#34;matching-engine&#34;, &#34;wf-task-queue-name&#34;: &#34;temporal-sys-add-search-attributes-activity-tq&#34;, &#34;wf-task-queue-type&#34;: &#34;Workflow&#34;, &#34;wf-namespace&#34;: &#34;temporal-system&#34;, &#34;worker-build-id&#34;: &#34;_unversioned_&#34;, &#34;lifecycle&#34;: &#34;Started&#34;, &#34;cause&#34;: &#34;UserData&#34;, &#34;logging-call-at&#34;: &#34;/home/runner/work/temporal/temporal/service/matching/physical_task_queue_manager.go:288&#34;}&#xA;    namespace_delete_test.go:544: Skipping TestNamespaceSuite/Test_NamespaceDelete_Empty in test shard 1/3 (it runs in 2)&#xA;--- SKIP: TestNamespaceSuite/Test_NamespaceDelete_Empty (0.00s)&#xA;"></skipped>
		</testcase>
		<testcase classname="go.temporal.io/server/tests" name="TestNamespaceSuite/Test_NamespaceDelete_WithMissingWorkflows" time="0.000000">
			<skipped message="=== RUN   TestNamespaceSuite/Test_NamespaceDelete_WithMissingWorkflows&#xA;    namespace_delete_test.go:544: Skipping TestNamespaceSuite/Test_NamespaceDelete_WithMissingWorkflows in test shard 1/3 (it runs in 2)&#xA;--- SKIP: TestNamespaceSuite/Test_NamespaceDelete_WithMissingWorkflows (0.00s)&#xA;"></skipped>
		</testcase>
		<testcase classname="go.temporal.io/server/tests" name="TestNamespaceSuite/Test_NamespaceDelete_WithNameAndID" time="0.000000">
			<skipped message="=== RUN   TestNamespaceSuite/Test_NamespaceDelete_WithNameAndID&#xA;    namespace_delete_test.go:544: Skipping TestNamespaceSuite/Test_NamespaceDelete_WithNameAndID in test shard 1/3 (it runs in 2)&#xA;--- SKIP: TestNamespaceSuite/Test_NamespaceDelete_WithNameAndID (0.00s)&#xA;"></skipped>
		</testcase>
		<testcase classname="go.temporal.io/server/tests" name="TestArchivalSuite/TestArchival_ArchiverWorker" time="0.000000">
			<skipped message="=== RUN   TestArchivalSuite/TestArchival_ArchiverWorker&#xA;    functional_test_base.go:234: Running TestArchivalSuite/TestArchival_ArchiverWorker in test shard 1/3&#xA;--- SKIP: TestArchivalSuite/TestArchival_ArchiverWorker (0.00s)&#xA;"></skipped>
		</testcase>
		<testcase classname="go.temporal.io/server/tests" name="TestArchivalSuite/TestArchival_TimerQueueProcessor" time="0.000000">
			<skipped message="=== RUN   TestArchivalSuite/TestArchival_TimerQueueProcessor&#xA;    functional_test_base.go:232: Skipping TestArchivalSuite/TestArchival_TimerQueueProcessor in test shard 1/3 (it runs in 3)&#xA;--- SKIP: TestArchivalSuite/TestArchival_TimerQueueProcessor (0.00s)&#xA;"></skipped>
		</testcase>
		<testcase classname="go.temporal.io/server/tests" name="TestArchivalSuite/TestVisibilityArchival" time="0.000000">
			<skipped message="=== RUN   TestArchivalSuite/TestVisibilityArchival&#xA;    functional_test_base.go:232: Skipping TestArchivalSuite/TestVisibilityArchival in test shard 1/3 (it runs in 3)&#xA;--- SKIP: TestArchivalSuite/TestVisibilityArchival (0.00s)&#xA;"></skipped>
		</testcase>
		<testcase classname="go.temporal.io/server/tests" name="TestUpdateWorkflowSdkSuite/TestUpdateWorkflow_ContinueAsNewAfterUpdateAdmitted" time="0.000000">
			<skipped message="=== RUN   TestUpdateWorkflowSdkSuite/TestUpdateWorkflow_ContinueAsNewAfterUpdateAdmitted&#xA;    functional_test_base.go:232: Skipping TestUpdateWorkflowSdkSuite/TestUpdateWorkflow_ContinueAsNewAfterUpdateAdmitted in test shard 1/3 (it runs in 2)&#xA;--- SKIP: TestUpdateWorkflowSdkSuite/TestUpdateWorkflow_ContinueAsNewAfterUpdateAdmitted (0.00s)&#xA;"></skipped>
		</testcase>
		<testcase classname="go.temporal.io/server/tests" name="TestUpdateWorkflowSdkSuite/TestUpdateWorkflow_TerminateWorkflowAfterUpdateAccepted" time="0.000000">
			<skipped message="=== RUN   TestUpdateWorkflowSdkSuite/TestUpdateWorkflow_TerminateWorkflowAfterUpdateAccepted&#xA;    functional_test_base.go:232: Skipping TestUpdateWorkflowSdkSuite/TestUpdateWorkflow_TerminateWorkflowAfterUpdateAccepted in test shard 1/3 (it runs in 2)&#xA;--- SKIP: TestUpdateWorkflowSdkSuite/TestUpdateWorkflow_TerminateWorkflowAfterUpdateAccepted (0.00s)&#xA;2024/10/18 13:43:48 WARN  Failed to process workflow task. Namespace functional-test-namespace-6ab50026-f196-4402-acd9-596f4b8797e0 TaskQueue tq-623fc302-f339-4d80-a82e-35a16106155e WorkerID 3261@fv-az576-698@ WorkflowType func1 WorkflowID test-query-after-terminate RunID f42924ad-2ec6-4653-ad6a-4daa27770170 Attempt 1 Error unable to find workflow type: func1. Supported types: []&#xA;2024-10-18T13:43:48.296Z&#x9;info&#x9;loaded user data from db&#x9;{&#34;host&#34;: &#34;127.0.4.1:7136&#34;, &#34;component&#34;: &#34;matching-engine&#34;, &#34;user-data-version&#34;: 0, &#34;timestamp&#34;: &#34;1970-01-01T00:00:00.000Z&#34;, &#34;logging-call-at&#34;: &#34;/home/runner/work/temporal/temporal/service/matching/user_data_manager.go:551&#34;}&#xA;"></skipped>
		</testcase>
		<testcase classname="go.temporal.io/server/tests" name="TestUpdateWorkflowSdkSuite/TestUpdateWorkflow_TerminateWorkflowAfterUpdateAdmitted" time="0.000000">
			<skipped message="=== RUN   TestUpdateWorkflowSdkSuite/TestUpdateWorkflow_TerminateWorkflowAfterUpdateAdmitted&#xA;    functional_test_base.go:232: Skipping TestUpdateWorkflowSdkSuite/TestUpdateWorkflow_TerminateWorkflowAfterUpdateAdmitted in test shard 1/3 (it runs in 3)&#xA;--- SKIP: TestUpdateWorkflowSdkSuite/TestUpdateWorkflow_TerminateWorkflowAfterUpdateAdmitted (0.00s)&#xA;"></skipped>
		</testcase>
		<testcase classname="go.temporal.io/server/tests" name="TestUpdateWorkflowSdkSuite/TestUpdateWorkflow_TimeoutWithRetryAfterUpdateAdmitted" time="0.000000">
			<skipped message="=== RUN   TestUpdateWorkflowSdkSuite/TestUpdateWorkflow_TimeoutWithRetryAfterUpdateAdmitted&#xA;    functional_test_base.go:232: Skipping TestUpdateWorkflowSdkSuite/TestUpdateWorkflow_TimeoutWithRetryAfterUpdateAdmitted in test shard 1/3 (it runs in 3)&#xA;--- SKIP: TestUpdateWorkflowSdkSuite/TestUpdateWorkflow_TimeoutWithRetryAfterUpdateAdmitted (0.00s)&#xA;"></skipped>
		</testcase>
		<testcase classname="go.temporal.io/server/tests" name="TestUpdateWorkflowSdkSuite/TestUpdateWorkflow_TimeoutWorkflowAfterUpdateAccepted" time="0.000000">
			<skipped message="=== RUN   TestUpdateWorkflowSdkSuite/TestUpdateWorkflow_TimeoutWorkflowAfterUpdateAccepted&#xA;    functional_test_base.go:232: Skipping TestUpdateWorkflowSdkSuite/TestUpdateWorkflow_TimeoutWorkflowAfterUpdateAccepted in test shard 1/3 (it runs in 2)&#xA;--- SKIP: TestUpdateWorkflowSdkSuite/TestUpdateWorkflow_TimeoutWorkflowAfterUpdateAccepted (0.00s)&#xA;"></skipped>
		</testcase>
		<testcase classname="go.temporal.io/server/tests" name="TestQueryWorkflowSuite/TestQueryWorkflow_Consistent_PiggybackQuery" time="0.000000">
			<skipped message="=== RUN   TestQueryWorkflowSuite/TestQueryWorkflow_Consistent_PiggybackQuery&#xA;    functional_test_base.go:232: Skipping TestQueryWorkflowSuite/TestQueryWorkflow_Consistent_PiggybackQuery in test shard 1/3 (it runs in 3)&#xA;--- SKIP: TestQueryWorkflowSuite/TestQueryWorkflow_Consistent_PiggybackQuery (0.00s)&#xA;"></skipped>
		</testcase>
		<testcase classname="go.temporal.io/server/tests" name="TestQueryWorkflowSuite/TestQueryWorkflow_QueryFailedWorkflowTask" time="0.000000">
			<skipped message="=== RUN   TestQueryWorkflowSuite/TestQueryWorkflow_QueryFailedWorkflowTask&#xA;    functional_test_base.go:232: Skipping TestQueryWorkflowSuite/TestQueryWorkflow_QueryFailedWorkflowTask in test shard 1/3 (it runs in 3)&#xA;--- SKIP: TestQueryWorkflowSuite/TestQueryWorkflow_QueryFailedWorkflowTask (0.00s)&#xA;2024/10/18 13:43:50 WARN  Failed to poll for task. Namespace functional-test-namespace-6ab50026-f196-4402-acd9-596f4b8797e0 TaskQueue tq-8d6abc61-81f9-4824-8f33-df1f8079f000 WorkerID 3261@fv-az576-698@ WorkerType WorkflowWorker Error grpc: the client connection is closing&#xA;"></skipped>
		</testcase>
		<testcase classname="go.temporal.io/server/tests" name="TestQueryWorkflowSuite/TestQueryWorkflow_QueryWhileBackoff" time="0.000000">
			<skipped message="=== RUN   TestQueryWorkflowSuite/TestQueryWorkflow_QueryWhileBackoff&#xA;    functional_test_base.go:232: Skipping TestQueryWorkflowSuite/TestQueryWorkflow_QueryWhileBackoff in test shard 1/3 (it runs in 2)&#xA;--- SKIP: TestQueryWorkflowSuite/TestQueryWorkflow_QueryWhileBackoff (0.00s)&#xA;"></skipped>
		</testcase>
		<testcase classname="go.temporal.io/server/tests" name="TestQueryWorkflowSuite/TestQueryWorkflow_Sticky" time="0.000000">
			<skipped message="=== RUN   TestQueryWorkflowSuite/TestQueryWorkflow_Sticky&#xA;    functional_test_base.go:232: Skipping TestQueryWorkflowSuite/TestQueryWorkflow_Sticky in test shard 1/3 (it runs in 2)&#xA;--- SKIP: TestQueryWorkflowSuite/TestQueryWorkflow_Sticky (0.00s)&#xA;"></skipped>
		</testcase>
		<testcase classname="go.temporal.io/server/tests" name="TestCallbacksSuite/TestWorkflowCallbacks_InvalidArgument" time="0.000000">
			<skipped message="=== RUN   TestCallbacksSuite/TestWorkflowCallbacks_InvalidArgument&#xA;    functional_test_base.go:232: Skipping TestCallbacksSuite/TestWorkflowCallbacks_InvalidArgument in test shard 1/3 (it runs in 2)&#xA;--- SKIP: TestCallbacksSuite/TestWorkflowCallbacks_InvalidArgument (0.00s)&#xA;"></skipped>
		</testcase>
		<testcase classname="go.temporal.io/server/tests" name="TestCallbacksSuite/TestWorkflowNexusCallbacks_CarriedOver" time="0.000000">
			<skipped message="=== RUN   TestCallbacksSuite/TestWorkflowNexusCallbacks_CarriedOver&#xA;    functional_test_base.go:232: Skipping TestCallbacksSuite/TestWorkflowNexusCallbacks_CarriedOver in test shard 1/3 (it runs in 3)&#xA;--- SKIP: TestCallbacksSuite/TestWorkflowNexusCallbacks_CarriedOver (0.00s)&#xA;"></skipped>
		</testcase>
		<testcase classname="go.temporal.io/server/tests" name="TestDescribeTaskQueueSuite/TestAddNoTasks_ValidateStats" time="0.000000">
			<skipped message="=== RUN   TestDescribeTaskQueueSuite/TestAddNoTasks_ValidateStats&#xA;    functional_test_base.go:232: Skipping TestDescribeTaskQueueSuite/TestAddNoTasks_ValidateStats in test shard 1/3 (it runs in 2)&#xA;--- SKIP: TestDescribeTaskQueueSuite/TestAddNoTasks_ValidateStats (0.00s)&#xA;"></skipped>
		</testcase>
		<testcase classname="go.temporal.io/server/tests" name="TestNexusWorkflowTestSuite/TestNexusAsyncOperationWithNilIO" time="0.000000">
			<skipped message="=== RUN   TestNexusWorkflowTestSuite/TestNexusAsyncOperationWithNilIO&#xA;    functional_test_base.go:232: Skipping TestNexusWorkflowTestSuite/TestNexusAsyncOperationWithNilIO in test shard 1/3 (it runs in 3)&#xA;2024-10-18T13:43:59.604Z&#x9;info&#x9;interleaved weighted round robin task scheduler stopped&#x9;{&#34;host&#34;: &#34;127.0.7.1:7132&#34;, &#34;service&#34;: &#34;history&#34;, &#34;logging-call-at&#34;: &#34;/home/runner/work/temporal/temporal/common/tasks/interleaved_weighted_round_robin.go:152&#34;}&#xA;--- SKIP: TestNexusWorkflowTestSuite/TestNexusAsyncOperationWithNilIO (0.00s)&#xA;"></skipped>
		</testcase>
		<testcase classname="go.temporal.io/server/tests" name="TestNexusWorkflowTestSuite/TestNexusOperationAsyncCompletion" time="0.000000">
			<skipped message="=== RUN   TestNexusWorkflowTestSuite/TestNexusOperationAsyncCompletion&#xA;    functional_test_base.go:232: Skipping TestNexusWorkflowTestSuite/TestNexusOperationAsyncCompletion in test shard 1/3 (it runs in 2)&#xA;--- SKIP: TestNexusWorkflowTestSuite/TestNexusOperationAsyncCompletion (0.00s)&#xA;"></skipped>
		</testcase>
		<testcase classname="go.temporal.io/server/tests" name="TestDescribeTaskQueueSuite/TestAddSingleTask_ValidateStats" time="0.000000">
			<skipped message="=== RUN   TestDescribeTaskQueueSuite/TestAddSingleTask_ValidateStats&#xA;    functional_test_base.go:232: Skipping TestDescribeTaskQueueSuite/TestAddSingleTask_ValidateStats in test shard 1/3 (it runs in 2)&#xA;--- SKIP: TestDescribeTaskQueueSuite/TestAddSingleTask_ValidateStats (0.00s)&#xA;"></skipped>
		</testcase>
		<testcase classname="go.temporal.io/server/tests" name="TestContinueAsNewTestSuite/TestChildWorkflowWithContinueAsNew" time="0.000000">
			<skipped message="=== RUN   TestContinueAsNewTestSuite/TestChildWorkflowWithContinueAsNew&#xA;    functional_test_base.go:232: Skipping TestContinueAsNewTestSuite/TestChildWorkflowWithContinueAsNew in test shard 1/3 (it runs in 2)&#xA;--- SKIP: TestContinueAsNewTestSuite/TestChildWorkflowWithContinueAsNew (0.00s)&#xA;"></skipped>
		</testcase>
		<testcase classname="go.temporal.io/server/tests" name="TestContinueAsNewTestSuite/TestChildWorkflowWithContinueAsNewParentTerminate" time="0.000000">
			<skipped message="=== RUN   TestContinueAsNewTestSuite/TestChildWorkflowWithContinueAsNewParentTerminate&#xA;    functional_test_base.go:232: Skipping TestContinueAsNewTestSuite/TestChildWorkflowWithContinueAsNewParentTerminate in test shard 1/3 (it runs in 2)&#xA;--- SKIP: TestContinueAsNewTestSuite/TestChildWorkflowWithContinueAsNewParentTerminate (0.00s)&#xA;"></skipped>
		</testcase>
		<testcase classname="go.temporal.io/server/tests" name="TestNexusWorkflowTestSuite/TestNexusOperationAsyncCompletionInternalAuth" time="0.000000">
			<skipped message="=== RUN   TestNexusWorkflowTestSuite/TestNexusOperationAsyncCompletionInternalAuth&#xA;    functional_test_base.go:232: Skipping TestNexusWorkflowTestSuite/TestNexusOperationAsyncCompletionInternalAuth in test shard 1/3 (it runs in 2)&#xA;--- SKIP: TestNexusWorkflowTestSuite/TestNexusOperationAsyncCompletionInternalAuth (0.00s)&#xA;"></skipped>
		</testcase>
		<testcase classname="go.temporal.io/server/tests" name="TestNexusWorkflowTestSuite/TestNexusOperationCancelation" time="0.000000">
			<skipped message="=== RUN   TestNexusWorkflowTestSuite/TestNexusOperationCancelation&#xA;    functional_test_base.go:232: Skipping TestNexusWorkflowTestSuite/TestNexusOperationCancelation in test shard 1/3 (it runs in 3)&#xA;--- SKIP: TestNexusWorkflowTestSuite/TestNexusOperationCancelation (0.00s)&#xA;"></skipped>
		</testcase>
		<testcase classname="go.temporal.io/server/tests" name="TestNexusWorkflowTestSuite/TestNexusOperationSyncCompletion" time="0.000000">
			<skipped message="=== RUN   TestNexusWorkflowTestSuite/TestNexusOperationSyncCompletion&#xA;    functional_test_base.go:232: Skipping TestNexusWorkflowTestSuite/TestNexusOperationSyncCompletion in test shard 1/3 (it runs in 3)&#xA;--- SKIP: TestNexusWorkflowTestSuite/TestNexusOperationSyncCompletion (0.00s)&#xA;"></skipped>
		</testcase>
		<testcase classname="go.temporal.io/server/tests" name="TestNexusWorkflowTestSuite/TestNexusOperationSyncCompletion_LargePayload" time="0.000000">
			<skipped message="=== RUN   TestNexusWorkflowTestSuite/TestNexusOperationSyncCompletion_LargePayload&#xA;    functional_test_base.go:232: Skipping TestNexusWorkflowTestSuite/TestNexusOperationSyncCompletion_LargePayload in test shard 1/3 (it runs in 3)&#xA;--- SKIP: TestNexusWorkflowTestSuite/TestNexusOperationSyncCompletion_LargePayload (0.00s)&#xA;"></skipped>
		</testcase>
		<testcase classname="go.temporal.io/server/tests" name="TestContinueAsNewTestSuite/TestContinueAsNewRunTimeout" time="0.000000">
			<skipped message="=== RUN   TestContinueAsNewTestSuite/TestContinueAsNewRunTimeout&#xA;    functional_test_base.go:232: Skipping TestContinueAsNewTestSuite/TestContinueAsNewRunTimeout in test shard 1/3 (it runs in 2)&#xA;--- SKIP: TestContinueAsNewTestSuite/TestContinueAsNewRunTimeout (0.00s)&#xA;"></skipped>
		</testcase>
		<testcase classname="go.temporal.io/server/tests" name="TestResetWorkflowTestSuite/TestBufferedSignalIsDroppedOnReset" time="0.000000">
			<skipped message="=== RUN   TestResetWorkflowTestSuite/TestBufferedSignalIsDroppedOnReset&#xA;    functional_test_base.go:232: Skipping TestResetWorkflowTestSuite/TestBufferedSignalIsDroppedOnReset in test shard 1/3 (it runs in 2)&#xA;--- SKIP: TestResetWorkflowTestSuite/TestBufferedSignalIsDroppedOnReset (0.00s)&#xA;"></skipped>
		</testcase>
		<testcase classname="go.temporal.io/server/tests" name="TestResetWorkflowTestSuite/TestBufferedSignalIsReappliedOnReset" time="0.000000">
			<skipped message="=== RUN   TestResetWorkflowTestSuite/TestBufferedSignalIsReappliedOnReset&#xA;    functional_test_base.go:232: Skipping TestResetWorkflowTestSuite/TestBufferedSignalIsReappliedOnReset in test shard 1/3 (it runs in 3)&#xA;--- SKIP: TestResetWorkflowTestSuite/TestBufferedSignalIsReappliedOnReset (0.00s)&#xA;"></skipped>
		</testcase>
		<testcase classname="go.temporal.io/server/tests" name="TestResetWorkflowTestSuite/TestResetWorkflowAfterTimeout" time="0.000000">
			<skipped message="=== RUN   TestResetWorkflowTestSuite/TestResetWorkflowAfterTimeout&#xA;2024-10-18T13:44:08.393Z&#x9;info&#x9;PollAndProcessWorkflowTask&#x9;{&#34;logging-call-at&#34;: &#34;/home/runner/work/temporal/temporal/tests/continue_as_new_test.go:160&#34;}&#xA;    functional_test_base.go:232: Skipping TestResetWorkflowTestSuite/TestResetWorkflowAfterTimeout in test shard 1/3 (it runs in 3)&#xA;--- SKIP: TestResetWorkflowTestSuite/TestResetWorkflowAfterTimeout (0.00s)&#xA;"></skipped>
		</testcase>
		<testcase classname="go.temporal.io/server/tests" name="TestResetWorkflowTestSuite/TestResetWorkflow_ExcludeNoneReapplyAll" time="0.000000">
			<skipped message="=== RUN   TestResetWorkflowTestSuite/TestResetWorkflow_ExcludeNoneReapplyAll&#xA;    functional_test_base.go:232: Skipping TestResetWorkflowTestSuite/TestResetWorkflow_ExcludeNoneReapplyAll in test shard 1/3 (it runs in 3)&#xA;--- SKIP: TestResetWorkflowTestSuite/TestResetWorkflow_ExcludeNoneReapplyAll (0.00s)&#xA;"></skipped>
		</testcase>
		<testcase classname="go.temporal.io/server/tests" name="TestResetWorkflowTestSuite/TestResetWorkflow_ExcludeNoneReapplyDefault" time="0.000000">
			<skipped message="=== RUN   TestResetWorkflowTestSuite/TestResetWorkflow_ExcludeNoneReapplyDefault&#xA;    functional_test_base.go:232: Skipping TestResetWorkflowTestSuite/TestResetWorkflow_ExcludeNoneReapplyDefault in test shard 1/3 (it runs in 3)&#xA;--- SKIP: TestResetWorkflowTestSuite/TestResetWorkflow_ExcludeNoneReapplyDefault (0.00s)&#xA;"></skipped>
		</testcase>
		<testcase classname="go.temporal.io/server/tests" name="TestResetWorkflowTestSuite/TestResetWorkflow_ExcludeNoneReapplyNone" time="0.000000">
			<skipped message="=== RUN   TestResetWorkflowTestSuite/TestResetWorkflow_ExcludeNoneReapplyNone&#xA;    functional_test_base.go:232: Skipping TestResetWorkflowTestSuite/TestResetWorkflow_ExcludeNoneReapplyNone in test shard 1/3 (it runs in 3)&#xA;--- SKIP: TestResetWorkflowTestSuite/TestResetWorkflow_ExcludeNoneReapplyNone (0.00s)&#xA;"></skipped>
		</testcase>
		<testcase classname="go.temporal.io/server/tests" name="TestResetWorkflowTestSuite/TestResetWorkflow_ExcludeNoneReapplySignal" time="0.000000">
			<skipped message="=== RUN   TestResetWorkflowTestSuite/TestResetWorkflow_ExcludeNoneReapplySignal&#xA;    functional_test_base.go:232: Skipping TestResetWorkflowTestSuite/TestResetWorkflow_ExcludeNoneReapplySignal in test shard 1/3 (it runs in 2)&#xA;--- SKIP: TestResetWorkflowTestSuite/TestResetWorkflow_ExcludeNoneReapplySignal (0.00s)&#xA;"></skipped>
		</testcase>
		<testcase classname="go.temporal.io/server/tests" name="TestResetWorkflowTestSuite/TestResetWorkflow_ExcludeSignalReapplyAll" time="0.000000">
			<skipped message="=== RUN   TestResetWorkflowTestSuite/TestResetWorkflow_ExcludeSignalReapplyAll&#xA;    functional_test_base.go:232: Skipping TestResetWorkflowTestSuite/TestResetWorkflow_ExcludeSignalReapplyAll in test shard 1/3 (it runs in 2)&#xA;--- SKIP: TestResetWorkflowTestSuite/TestResetWorkflow_ExcludeSignalReapplyAll (0.00s)&#xA;"></skipped>
		</testcase>
		<testcase classname="go.temporal.io/server/tests" name="TestResetWorkflowTestSuite/TestResetWorkflow_ExcludeSignalReapplyNone" time="0.000000">
			<skipped message="=== RUN   TestResetWorkflowTestSuite/TestResetWorkflow_ExcludeSignalReapplyNone&#xA;    functional_test_base.go:232: Skipping TestResetWorkflowTestSuite/TestResetWorkflow_ExcludeSignalReapplyNone in test shard 1/3 (it runs in 3)&#xA;--- SKIP: TestResetWorkflowTestSuite/TestResetWorkflow_ExcludeSignalReapplyNone (0.00s)&#xA;"></skipped>
		</testcase>
		<testcase classname="go.temporal.io/server/tests" name="TestResetWorkflowTestSuite/TestResetWorkflow_ExcludeSignalReapplySignal" time="0.000000">
			<skipped message="=== RUN   TestResetWorkflowTestSuite/TestResetWorkflow_ExcludeSignalReapplySignal&#xA;    functional_test_base.go:232: Skipping TestResetWorkflowTestSuite/TestResetWorkflow_ExcludeSignalReapplySignal in test shard 1/3 (it runs in 3)&#xA;--- SKIP: TestResetWorkflowTestSuite/TestResetWorkflow_ExcludeSignalReapplySignal (0.00s)&#xA;"></skipped>
		</testcase>
		<testcase classname="go.temporal.io/server/tests" name="TestChildWorkflowSuite/TestChildWorkflowExecution" time="0.000000">
			<skipped message="=== RUN   TestChildWorkflowSuite/TestChildWorkflowExecution&#xA;    functional_test_base.go:232: Skipping TestChildWorkflowSuite/TestChildWorkflowExecution in test shard 1/3 (it runs in 2)&#xA;--- SKIP: TestChildWorkflowSuite/TestChildWorkflowExecution (0.00s)&#xA;"></skipped>
		</testcase>
		<testcase classname="go.temporal.io/server/tests" name="TestChildWorkflowSuite/TestCronChildWorkflowExecution" time="0.000000">
			<skipped message="=== RUN   TestChildWorkflowSuite/TestCronChildWorkflowExecution&#xA;    functional_test_base.go:232: Skipping TestChildWorkflowSuite/TestCronChildWorkflowExecution in test shard 1/3 (it runs in 2)&#xA;--- SKIP: TestChildWorkflowSuite/TestCronChildWorkflowExecution (0.00s)&#xA;"></skipped>
		</testcase>
		<testcase classname="go.temporal.io/server/tests" name="TestResetWorkflowTestSuite/TestResetWorkflow_WorkflowTask_Schedule" time="0.000000">
			<skipped message="=== RUN   TestResetWorkflowTestSuite/TestResetWorkflow_WorkflowTask_Schedule&#xA;    functional_test_base.go:232: Skipping TestResetWorkflowTestSuite/TestResetWorkflow_WorkflowTask_Schedule in test shard 1/3 (it runs in 2)&#xA;--- SKIP: TestResetWorkflowTestSuite/TestResetWorkflow_WorkflowTask_Schedule (0.00s)&#xA;"></skipped>
		</testcase>
		<testcase classname="go.temporal.io/server/tests" name="TestResetWorkflowTestSuite/TestResetWorkflow_WorkflowTask_Start" time="0.000000">
			<skipped message="=== RUN   TestResetWorkflowTestSuite/TestResetWorkflow_WorkflowTask_Start&#xA;    functional_test_base.go:232: Skipping TestResetWorkflowTestSuite/TestResetWorkflow_WorkflowTask_Start in test shard 1/3 (it runs in 2)&#xA;--- SKIP: TestResetWorkflowTestSuite/TestResetWorkflow_WorkflowTask_Start (0.00s)&#xA;"></skipped>
		</testcase>
		<testcase classname="go.temporal.io/server/tests" name="TestChildWorkflowSuite/TestRetryFailChildWorkflowExecution" time="0.000000">
			<skipped message="=== RUN   TestChildWorkflowSuite/TestRetryFailChildWorkflowExecution&#xA;    functional_test_base.go:232: Skipping TestChildWorkflowSuite/TestRetryFailChildWorkflowExecution in test shard 1/3 (it runs in 3)&#xA;--- SKIP: TestChildWorkflowSuite/TestRetryFailChildWorkflowExecution (0.00s)&#xA;"></skipped>
		</testcase>
		<testcase classname="go.temporal.io/server/tests" name="TestNexusEndpointsFunctionalSuite/Common/TestListOrdering" time="0.000000">
			<skipped message="=== RUN   TestNexusEndpointsFunctionalSuite/Common/TestListOrdering&#xA;    functional_test_base.go:232: Skipping TestNexusEndpointsFunctionalSuite/Common/TestListOrdering in test shard 1/3 (it runs in 3)&#xA;--- SKIP: TestNexusEndpointsFunctionalSuite/Common/TestListOrdering (0.00s)&#xA;"></skipped>
		</testcase>
		<testcase classname="go.temporal.io/server/tests" name="TestRelayTaskTestSuite/TestRelayWorkflowTaskTimeout" time="0.000000">
			<skipped message="=== RUN   TestRelayTaskTestSuite/TestRelayWorkflowTaskTimeout&#xA;    functional_test_base.go:232: Skipping TestRelayTaskTestSuite/TestRelayWorkflowTaskTimeout in test shard 1/3 (it runs in 2)&#xA;--- SKIP: TestRelayTaskTestSuite/TestRelayWorkflowTaskTimeout (0.00s)&#xA;"></skipped>
		</testcase>
		<testcase classname="go.temporal.io/server/tests" name="TestAcquireShard_EventualSuccess/TestEventuallySucceeds" time="0.000000">
			<skipped message="=== RUN   TestAcquireShard_EventualSuccess/TestEventuallySucceeds&#xA;    functional_test_base.go:232: Skipping TestAcquireShard_EventualSuccess/TestEventuallySucceeds in test shard 1/3 (it runs in 3)&#xA;--- SKIP: TestAcquireShard_EventualSuccess/TestEventuallySucceeds (0.00s)&#xA;"></skipped>
		</testcase>
		<testcase classname="go.temporal.io/server/tests" name="TestNexusEndpointsFunctionalSuite/Matching/TestDelete" time="0.000000">
			<skipped message="=== RUN   TestNexusEndpointsFunctionalSuite/Matching/TestDelete&#xA;    functional_test_base.go:232: Skipping TestNexusEndpointsFunctionalSuite/Matching/TestDelete in test shard 1/3 (it runs in 2)&#xA;--- SKIP: TestNexusEndpointsFunctionalSuite/Matching/TestDelete (0.00s)&#xA;"></skipped>
		</testcase>
		<testcase classname="go.temporal.io/server/tests" name="TestNexusEndpointsFunctionalSuite/Matching/TestList" time="0.000000">
			<skipped message="=== RUN   TestNexusEndpointsFunctionalSuite/Matching/TestList&#xA;    functional_test_base.go:232: Skipping TestNexusEndpointsFunctionalSuite/Matching/TestList in test shard 1/3 (it runs in 2)&#xA;--- SKIP: TestNexusEndpointsFunctionalSuite/Matching/TestList (0.00s)&#xA;"></skipped>
		</testcase>
		<testcase classname="go.temporal.io/server/tests" name="TestNexusEndpointsFunctionalSuite/Operator/TestCreate" time="0.000000">
			<skipped message="=== RUN   TestNexusEndpointsFunctionalSuite/Operator/TestCreate&#xA;    functional_test_base.go:232: Skipping TestNexusEndpointsFunctionalSuite/Operator/TestCreate in test shard 1/3 (it runs in 3)&#xA;--- SKIP: TestNexusEndpointsFunctionalSuite/Operator/TestCreate (0.00s)&#xA;"></skipped>
		</testcase>
		<testcase classname="go.temporal.io/server/tests" name="TestNexusEndpointsFunctionalSuite/Operator/TestGet" time="0.000000">
			<skipped message="=== RUN   TestNexusEndpointsFunctionalSuite/Operator/TestGet&#xA;    functional_test_base.go:232: Skipping TestNexusEndpointsFunctionalSuite/Operator/TestGet in test shard 1/3 (it runs in 2)&#xA;--- SKIP: TestNexusEndpointsFunctionalSuite/Operator/TestGet (0.00s)&#xA;"></skipped>
		</testcase>
		<testcase classname="go.temporal.io/server/tests" name="TestAddTasksSuite/TestAddTasks_ErrGetShardByID" time="0.000000">
			<skipped message="=== RUN   TestAddTasksSuite/TestAddTasks_ErrGetShardByID&#xA;    functional_test_base.go:232: Skipping TestAddTasksSuite/TestAddTasks_ErrGetShardByID in test shard 1/3 (it runs in 2)&#xA;--- SKIP: TestAddTasksSuite/TestAddTasks_ErrGetShardByID (0.00s)&#xA;"></skipped>
		</testcase>
		<testcase classname="go.temporal.io/server/tests" name="TestAddTasksSuite/TestAddTasks_GetEngineErr" time="0.000000">
			<skipped message="=== RUN   TestAddTasksSuite/TestAddTasks_GetEngineErr&#xA;    functional_test_base.go:232: Skipping TestAddTasksSuite/TestAddTasks_GetEngineErr in test shard 1/3 (it runs in 3)&#xA;--- SKIP: TestAddTasksSuite/TestAddTasks_GetEngineErr (0.00s)&#xA;"></skipped>
		</testcase>
		<testcase classname="go.temporal.io/server/tests" name="TestAddTasksSuite/TestAddTasks_Ok" time="0.000000">
			<skipped message="=== RUN   TestAddTasksSuite/TestAddTasks_Ok&#xA;    functional_test_base.go:232: Skipping TestAddTasksSuite/TestAddTasks_Ok in test shard 1/3 (it runs in 3)&#xA;--- SKIP: TestAddTasksSuite/TestAddTasks_Ok (0.00s)&#xA;"></skipped>
		</testcase>
		<testcase classname="go.temporal.io/server/tests" name="TestWorkflowTimerTestSuite/TestCancelTimer" time="0.000000">
			<skipped message="=== RUN   TestWorkflowTimerTestSuite/TestCancelTimer&#xA;    functional_test_base.go:232: Skipping TestWorkflowTimerTestSuite/TestCancelTimer in test shard 1/3 (it runs in 3)&#xA;--- SKIP: TestWorkflowTimerTestSuite/TestCancelTimer (0.00s)&#xA;2024-10-18T13:44:33.622Z&#x9;info&#x9;Started Worker&#x9;{&#34;host&#34;: &#34;127.0.21.1:7138&#34;, &#34;Namespace&#34;: &#34;temporal-system&#34;, &#34;TaskQueue&#34;: &#34;temporal-sys-add-search-attributes-activity-tq&#34;, &#34;WorkerID&#34;: &#34;3261@fv-az576-698@&#34;, &#34;logging-call-at&#34;: &#34;/opt/hostedtoolcache/go/1.22.6/x64/src/sync/oncefunc.go:57&#34;}&#xA;2024-10-18T13:44:33.630Z&#x9;info&#x9;none&#x9;{&#34;host&#34;: &#34;127.0.21.1:7138&#34;, &#34;component&#34;: &#34;worker-manager&#34;, &#34;lifecycle&#34;: &#34;Started&#34;, &#34;logging-call-at&#34;: &#34;/home/runner/work/temporal/temporal/service/worker/worker.go:117&#34;}&#xA;2024-10-18T13:44:33.630Z&#x9;info&#x9;none&#x9;{&#34;host&#34;: &#34;127.0.21.1:7138&#34;, &#34;component&#34;: &#34;perns-worker-manager&#34;, &#34;lifecycle&#34;: &#34;Starting&#34;, &#34;logging-call-at&#34;: &#34;/home/runner/work/temporal/temporal/service/worker/pernamespaceworker.go:167&#34;}&#xA;2024-10-18T13:44:33.630Z&#x9;info&#x9;none&#x9;{&#34;host&#34;: &#34;127.0.21.1:7138&#34;, &#34;component&#34;: &#34;perns-worker-manager&#34;, &#34;lifecycle&#34;: &#34;Started&#34;, &#34;logging-call-at&#34;: &#34;/home/runner/work/temporal/temporal/service/worker/pernamespaceworker.go:178&#34;}&#xA;2024-10-18T13:44:33.630Z&#x9;info&#x9;worker service started&#x9;{&#34;host&#34;: &#34;127.0.21.1:7138&#34;, &#34;service&#34;: &#34;worker&#34;, &#34;component&#34;: &#34;worker&#34;, &#34;address&#34;: &#34;127.0.21.1:7138&#34;, &#34;logging-call-at&#34;: &#34;/home/runner/work/temporal/temporal/service/worker/service.go:273&#34;}&#xA;"></skipped>
		</testcase>
		<testcase classname="go.temporal.io/server/tests" name="TestWorkflowTimerTestSuite/TestCancelTimer_CancelFiredAndBuffered" time="0.000000">
			<skipped message="=== RUN   TestWorkflowTimerTestSuite/TestCancelTimer_CancelFiredAndBuffered&#xA;    functional_test_base.go:232: Skipping TestWorkflowTimerTestSuite/TestCancelTimer_CancelFiredAndBuffered in test shard 1/3 (it runs in 3)&#xA;--- SKIP: TestWorkflowTimerTestSuite/TestCancelTimer_CancelFiredAndBuffered (0.00s)&#xA;"></skipped>
		</testcase>
		<testcase classname="go.temporal.io/server/tests" name="TestTransientTaskSuite/TestTransientWorkflowTaskHistorySize" time="0.000000">
			<skipped message="=== RUN   TestTransientTaskSuite/TestTransientWorkflowTaskHistorySize&#xA;    functional_test_base.go:232: Skipping TestTransientTaskSuite/TestTransientWorkflowTaskHistorySize in test shard 1/3 (it runs in 2)&#xA;--- SKIP: TestTransientTaskSuite/TestTransientWorkflowTaskHistorySize (0.00s)&#xA;2024-10-18T13:44:40.116Z&#x9;info&#x9;Started physicalTaskQueueManager&#x9;{&#34;host&#34;: &#34;127.0.24.1:7136&#34;, &#34;component&#34;: &#34;matching-engine&#34;, &#34;wf-task-queue-name&#34;: &#34;temporal-sys-build-id-scavenger-taskqueue-0&#34;, &#34;wf-task-queue-type&#34;: &#34;Workflow&#34;, &#34;wf-namespace&#34;: &#34;temporal-system&#34;, &#34;worker-build-id&#34;: &#34;_unversioned_&#34;, &#34;lifecycle&#34;: &#34;Started&#34;, &#34;cause&#34;: &#34;Poll&#34;, &#34;logging-call-at&#34;: &#34;/home/runner/work/temporal/temporal/service/matching/physical_task_queue_manager.go:288&#34;}&#xA;"></skipped>
		</testcase>
		<testcase classname="go.temporal.io/server/tests" name="TestAdvancedVisibilitySuite/TestBuildIdScavenger_DeletesUnusedBuildId" time="0.000000">
			<skipped message="=== RUN   TestAdvancedVisibilitySuite/TestBuildIdScavenger_DeletesUnusedBuildId&#xA;    functional_test_base.go:232: Skipping TestAdvancedVisibilitySuite/TestBuildIdScavenger_DeletesUnusedBuildId in test shard 1/3 (it runs in 2)&#xA;--- SKIP: TestAdvancedVisibilitySuite/TestBuildIdScavenger_DeletesUnusedBuildId (0.00s)&#xA;"></skipped>
		</testcase>
		<testcase classname="go.temporal.io/server/tests" name="TestAdvancedVisibilitySuite/TestChildWorkflow_ParentWorkflow" time="0.000000">
			<skipped message="=== RUN   TestAdvancedVisibilitySuite/TestChildWorkflow_ParentWorkflow&#xA;    functional_test_base.go:232: Skipping TestAdvancedVisibilitySuite/TestChildWorkflow_ParentWorkflow in test shard 1/3 (it runs in 2)&#xA;--- SKIP: TestAdvancedVisibilitySuite/TestChildWorkflow_ParentWorkflow (0.00s)&#xA;"></skipped>
		</testcase>
		<testcase classname="go.temporal.io/server/tests" name="TestWorkflowBufferedEventsTestSuite/TestBufferedEventsOutOfOrder" time="0.000000">
			<skipped message="=== RUN   TestWorkflowBufferedEventsTestSuite/TestBufferedEventsOutOfOrder&#xA;    functional_test_base.go:232: Skipping TestWorkflowBufferedEventsTestSuite/TestBufferedEventsOutOfOrder in test shard 1/3 (it runs in 2)&#xA;--- SKIP: TestWorkflowBufferedEventsTestSuite/TestBufferedEventsOutOfOrder (0.00s)&#xA;"></skipped>
		</testcase>
		<testcase classname="go.temporal.io/server/tests" name="TestWorkflowBufferedEventsTestSuite/TestRateLimitBufferedEvents" time="0.000000">
			<skipped message="=== RUN   TestWorkflowBufferedEventsTestSuite/TestRateLimitBufferedEvents&#xA;    functional_test_base.go:232: Skipping TestWorkflowBufferedEventsTestSuite/TestRateLimitBufferedEvents in test shard 1/3 (it runs in 2)&#xA;--- SKIP: TestWorkflowBufferedEventsTestSuite/TestRateLimitBufferedEvents (0.00s)&#xA;"></skipped>
		</testcase>
		<testcase classname="go.temporal.io/server/tests" name="TestAdvancedVisibilitySuite/TestCountWorkflow" time="0.000000">
			<skipped message="=== RUN   TestAdvancedVisibilitySuite/TestCountWorkflow&#xA;    functional_test_base.go:232: Skipping TestAdvancedVisibilitySuite/TestCountWorkflow in test shard 1/3 (it runs in 3)&#xA;--- SKIP: TestAdvancedVisibilitySuite/TestCountWorkflow (0.00s)&#xA;"></skipped>
		</testcase>
		<testcase classname="go.temporal.io/server/tests" name="TestAdvancedVisibilitySuite/TestListWorkflow" time="0.000000">
			<skipped message="=== RUN   TestAdvancedVisibilitySuite/TestListWorkflow&#xA;    functional_test_base.go:232: Skipping TestAdvancedVisibilitySuite/TestListWorkflow in test shard 1/3 (it runs in 2)&#xA;--- SKIP: TestAdvancedVisibilitySuite/TestListWorkflow (0.00s)&#xA;"></skipped>
		</testcase>
		<testcase classname="go.temporal.io/server/tests" name="TestAdvancedVisibilitySuite/TestListWorkflow_KeywordQuery" time="0.000000">
			<skipped message="=== RUN   TestAdvancedVisibilitySuite/TestListWorkflow_KeywordQuery&#xA;    functional_test_base.go:232: Skipping TestAdvancedVisibilitySuite/TestListWorkflow_KeywordQuery in test shard 1/3 (it runs in 2)&#xA;--- SKIP: TestAdvancedVisibilitySuite/TestListWorkflow_KeywordQuery (0.00s)&#xA;"></skipped>
		</testcase>
		<testcase classname="go.temporal.io/server/tests" name="TestAdvancedVisibilitySuite/TestListWorkflow_MaxWindowSize" time="0.000000">
			<skipped message="=== RUN   TestAdvancedVisibilitySuite/TestListWorkflow_MaxWindowSize&#xA;    functional_test_base.go:232: Skipping TestAdvancedVisibilitySuite/TestListWorkflow_MaxWindowSize in test shard 1/3 (it runs in 3)&#xA;--- SKIP: TestAdvancedVisibilitySuite/TestListWorkflow_MaxWindowSize (0.00s)&#xA;"></skipped>
		</testcase>
		<testcase classname="go.temporal.io/server/tests" name="TestAdvancedVisibilitySuite/TestListWorkflow_OrQuery" time="0.000000">
			<skipped message="=== RUN   TestAdvancedVisibilitySuite/TestListWorkflow_OrQuery&#xA;    functional_test_base.go:232: Skipping TestAdvancedVisibilitySuite/TestListWorkflow_OrQuery in test shard 1/3 (it runs in 2)&#xA;--- SKIP: TestAdvancedVisibilitySuite/TestListWorkflow_OrQuery (0.00s)&#xA;"></skipped>
		</testcase>
		<testcase classname="go.temporal.io/server/tests" name="TestAdvancedVisibilitySuite/TestListWorkflow_OrderBy" time="0.000000">
			<skipped message="=== RUN   TestAdvancedVisibilitySuite/TestListWorkflow_OrderBy&#xA;    functional_test_base.go:232: Skipping TestAdvancedVisibilitySuite/TestListWorkflow_OrderBy in test shard 1/3 (it runs in 3)&#xA;--- SKIP: TestAdvancedVisibilitySuite/TestListWorkflow_OrderBy (0.00s)&#xA;"></skipped>
		</testcase>
		<testcase classname="go.temporal.io/server/tests" name="TestAdvancedVisibilitySuite/TestListWorkflow_PageToken" time="0.000000">
			<skipped message="=== RUN   TestAdvancedVisibilitySuite/TestListWorkflow_PageToken&#xA;    functional_test_base.go:232: Skipping TestAdvancedVisibilitySuite/TestListWorkflow_PageToken in test shard 1/3 (it runs in 2)&#xA;--- SKIP: TestAdvancedVisibilitySuite/TestListWorkflow_PageToken (0.00s)&#xA;"></skipped>
		</testcase>
		<testcase classname="go.temporal.io/server/tests" name="TestAdvancedVisibilitySuite/TestListWorkflow_SearchAfter" time="0.000000">
			<skipped message="=== RUN   TestAdvancedVisibilitySuite/TestListWorkflow_SearchAfter&#xA;    functional_test_base.go:232: Skipping TestAdvancedVisibilitySuite/TestListWorkflow_SearchAfter in test shard 1/3 (it runs in 3)&#xA;--- SKIP: TestAdvancedVisibilitySuite/TestListWorkflow_SearchAfter (0.00s)&#xA;"></skipped>
		</testcase>
		<testcase classname="go.temporal.io/server/tests" name="TestAdvancedVisibilitySuite/TestListWorkflow_SearchAttribute" time="0.000000">
			<skipped message="=== RUN   TestAdvancedVisibilitySuite/TestListWorkflow_SearchAttribute&#xA;    functional_test_base.go:232: Skipping TestAdvancedVisibilitySuite/TestListWorkflow_SearchAttribute in test shard 1/3 (it runs in 2)&#xA;--- SKIP: TestAdvancedVisibilitySuite/TestListWorkflow_SearchAttribute (0.00s)&#xA;"></skipped>
		</testcase>
		<testcase classname="go.temporal.io/server/tests" name="TestAdvancedVisibilitySuite/TestListWorkflow_StringQuery" time="0.000000">
			<skipped message="=== RUN   TestAdvancedVisibilitySuite/TestListWorkflow_StringQuery&#xA;    functional_test_base.go:232: Skipping TestAdvancedVisibilitySuite/TestListWorkflow_StringQuery in test shard 1/3 (it runs in 2)&#xA;--- SKIP: TestAdvancedVisibilitySuite/TestListWorkflow_StringQuery (0.00s)&#xA;"></skipped>
		</testcase>
		<testcase classname="go.temporal.io/server/tests" name="TestAdvancedVisibilitySuite/TestModifyWorkflowExecutionProperties" time="0.000000">
			<skipped message="=== RUN   TestAdvancedVisibilitySuite/TestModifyWorkflowExecutionProperties&#xA;    functional_test_base.go:232: Skipping TestAdvancedVisibilitySuite/TestModifyWorkflowExecutionProperties in test shard 1/3 (it runs in 2)&#xA;--- SKIP: TestAdvancedVisibilitySuite/TestModifyWorkflowExecutionProperties (0.00s)&#xA;"></skipped>
		</testcase>
		<testcase classname="go.temporal.io/server/tests" name="TestAdvancedVisibilitySuite/TestScanWorkflow" time="0.000000">
			<skipped message="=== RUN   TestAdvancedVisibilitySuite/TestScanWorkflow&#xA;    functional_test_base.go:232: Skipping TestAdvancedVisibilitySuite/TestScanWorkflow in test shard 1/3 (it runs in 3)&#xA;--- SKIP: TestAdvancedVisibilitySuite/TestScanWorkflow (0.00s)&#xA;"></skipped>
		</testcase>
		<testcase classname="go.temporal.io/server/tests" name="TestAdvancedVisibilitySuite/TestScanWorkflow_PageToken" time="0.000000">
			<skipped message="=== RUN   TestAdvancedVisibilitySuite/TestScanWorkflow_PageToken&#xA;    functional_test_base.go:232: Skipping TestAdvancedVisibilitySuite/TestScanWorkflow_PageToken in test shard 1/3 (it runs in 3)&#xA;--- SKIP: TestAdvancedVisibilitySuite/TestScanWorkflow_PageToken (0.00s)&#xA;"></skipped>
		</testcase>
		<testcase classname="go.temporal.io/server/tests" name="TestAdvancedVisibilitySuite/TestScanWorkflow_SearchAttribute" time="0.000000">
			<skipped message="=== RUN   TestAdvancedVisibilitySuite/TestScanWorkflow_SearchAttribute&#xA;    functional_test_base.go:232: Skipping TestAdvancedVisibilitySuite/TestScanWorkflow_SearchAttribute in test shard 1/3 (it runs in 2)&#xA;--- SKIP: TestAdvancedVisibilitySuite/TestScanWorkflow_SearchAttribute (0.00s)&#xA;"></skipped>
		</testcase>
		<testcase classname="go.temporal.io/server/tests" name="TestAdvancedVisibilitySuite/TestScheduleListingWithSearchAttributes" time="0.000000">
			<skipped message="=== RUN   TestAdvancedVisibilitySuite/TestScheduleListingWithSearchAttributes&#xA;    functional_test_base.go:232: Skipping TestAdvancedVisibilitySuite/TestScheduleListingWithSearchAttributes in test shard 1/3 (it runs in 3)&#xA;--- SKIP: TestAdvancedVisibilitySuite/TestScheduleListingWithSearchAttributes (0.00s)&#xA;"></skipped>
		</testcase>
		<testcase classname="go.temporal.io/server/tests" name="TestAdvancedVisibilitySuite/TestUpsertWorkflowExecutionSearchAttributes" time="0.000000">
			<skipped message="=== RUN   TestAdvancedVisibilitySuite/TestUpsertWorkflowExecutionSearchAttributes&#xA;    functional_test_base.go:232: Skipping TestAdvancedVisibilitySuite/TestUpsertWorkflowExecutionSearchAttributes in test shard 1/3 (it runs in 3)&#xA;--- SKIP: TestAdvancedVisibilitySuite/TestUpsertWorkflowExecutionSearchAttributes (0.00s)&#xA;"></skipped>
		</testcase>
		<testcase classname="go.temporal.io/server/tests" name="TestNexusApiTestSuite/TestNexusStartOperation_Forbidden" time="0.000000">
			<skipped message="=== RUN   TestNexusApiTestSuite/TestNexusStartOperation_Forbidden&#xA;    functional_test_base.go:232: Skipping TestNexusApiTestSuite/TestNexusStartOperation_Forbidden in test shard 1/3 (it runs in 3)&#xA;--- SKIP: TestNexusApiTestSuite/TestNexusStartOperation_Forbidden (0.00s)&#xA;"></skipped>
		</testcase>
		<testcase classname="go.temporal.io/server/tests" name="TestNexusApiTestSuite/TestNexusStartOperation_Outcomes" time="0.000000">
			<skipped message="=== RUN   TestNexusApiTestSuite/TestNexusStartOperation_Outcomes&#xA;    functional_test_base.go:232: Skipping TestNexusApiTestSuite/TestNexusStartOperation_Outcomes in test shard 1/3 (it runs in 3)&#xA;--- SKIP: TestNexusApiTestSuite/TestNexusStartOperation_Outcomes (0.00s)&#xA;"></skipped>
		</testcase>
		<testcase classname="go.temporal.io/server/tests" name="TestNexusApiTestSuite/TestNexusStartOperation_PayloadSizeLimit" time="0.000000">
			<skipped message="=== RUN   TestNexusApiTestSuite/TestNexusStartOperation_PayloadSizeLimit&#xA;    functional_test_base.go:232: Skipping TestNexusApiTestSuite/TestNexusStartOperation_PayloadSizeLimit in test shard 1/3 (it runs in 2)&#xA;--- SKIP: TestNexusApiTestSuite/TestNexusStartOperation_PayloadSizeLimit (0.00s)&#xA;"></skipped>
		</testcase>
		<testcase classname="go.temporal.io/server/tests" name="TestNexusApiTestSuite/TestNexusStartOperation_WithNamespaceAndTaskQueue_NamespaceNotFound" time="0.000000">
			<skipped message="=== RUN   TestNexusApiTestSuite/TestNexusStartOperation_WithNamespaceAndTaskQueue_NamespaceNotFound&#xA;    functional_test_base.go:232: Skipping TestNexusApiTestSuite/TestNexusStartOperation_WithNamespaceAndTaskQueue_NamespaceNotFound in test shard 1/3 (it runs in 2)&#xA;--- SKIP: TestNexusApiTestSuite/TestNexusStartOperation_WithNamespaceAndTaskQueue_NamespaceNotFound (0.00s)&#xA;"></skipped>
		</testcase>
		<testcase classname="go.temporal.io/server/tests" name="TestNexusApiTestSuite/TestNexusStartOperation_WithNamespaceAndTaskQueue_NamespaceTooLong" time="0.000000">
			<skipped message="=== RUN   TestNexusApiTestSuite/TestNexusStartOperation_WithNamespaceAndTaskQueue_NamespaceTooLong&#xA;    functional_test_base.go:232: Skipping TestNexusApiTestSuite/TestNexusStartOperation_WithNamespaceAndTaskQueue_NamespaceTooLong in test shard 1/3 (it runs in 3)&#xA;--- SKIP: TestNexusApiTestSuite/TestNexusStartOperation_WithNamespaceAndTaskQueue_NamespaceTooLong (0.00s)&#xA;"></skipped>
		</testcase>
		<testcase classname="go.temporal.io/server/tests" name="TestNexusApiTestSuite/TestNexusStartOperation_WithNamespaceAndTaskQueue_SupportsVersioning" time="0.000000">
			<skipped message="=== RUN   TestNexusApiTestSuite/TestNexusStartOperation_WithNamespaceAndTaskQueue_SupportsVersioning&#xA;    functional_test_base.go:232: Skipping TestNexusApiTestSuite/TestNexusStartOperation_WithNamespaceAndTaskQueue_SupportsVersioning in test shard 1/3 (it runs in 3)&#xA;--- SKIP: TestNexusApiTestSuite/TestNexusStartOperation_WithNamespaceAndTaskQueue_SupportsVersioning (0.00s)&#xA;"></skipped>
		</testcase>
		<testcase classname="go.temporal.io/server/tests" name="TestSignalWorkflowTestSuite/TestSignalExternalWorkflowCommand" time="0.000000">
			<skipped message="=== RUN   TestSignalWorkflowTestSuite/TestSignalExternalWorkflowCommand&#xA;2024-10-18T13:44:48.425Z&#x9;info&#x9;returning user data&#x9;{&#34;host&#34;: &#34;127.0.24.1:7136&#34;, &#34;component&#34;: &#34;matching-engine&#34;, &#34;long-poll&#34;: false, &#34;request-known-version&#34;: 0, &#34;user-data-version&#34;: 2, &#34;logging-call-at&#34;: &#34;/home/runner/work/temporal/temporal/service/matching/user_data_manager.go:516&#34;}&#xA;2024-10-18T13:44:48.413Z&#x9;info&#x9;Started Worker&#x9;{&#34;host&#34;: &#34;127.0.26.1:7138&#34;, &#34;Namespace&#34;: &#34;temporal-system&#34;, &#34;TaskQueue&#34;: &#34;temporal-sys-dlq-activity-tq&#34;, &#34;WorkerID&#34;: &#34;3261@fv-az576-698@&#34;, &#34;logging-call-at&#34;: &#34;/home/runner/work/temporal/temporal/tests/acquire_shard_test.go:86&#34;}&#xA;    functional_test_base.go:232: Skipping TestSignalWorkflowTestSuite/TestSignalExternalWorkflowCommand in test shard 1/3 (it runs in 2)&#xA;--- SKIP: TestSignalWorkflowTestSuite/TestSignalExternalWorkflowCommand (0.00s)&#xA;2024-10-18T13:44:48.428Z&#x9;info&#x9;Stopped physicalTaskQueueManager&#x9;{&#34;host&#34;: &#34;127.0.21.1:7136&#34;, &#34;component&#34;: &#34;matching-engine&#34;, &#34;wf-task-queue-name&#34;: &#34;/_sys/task-queue-cfa29f1b-65ad-4042-9412-01f9545ab10f/1&#34;, &#34;wf-task-queue-type&#34;: &#34;Workflow&#34;, &#34;wf-namespace&#34;: &#34;functional-test-namespace-73a8b19c-5cc9-40f5-ac89-d2d2327e9ea3&#34;, &#34;worker-build-id&#34;: &#34;_unversioned_&#34;, &#34;lifecycle&#34;: &#34;Stopped&#34;, &#34;cause&#34;: &#34;ShuttingDown&#34;, &#34;logging-call-at&#34;: &#34;/home/runner/work/temporal/temporal/service/matching/physical_task_queue_manager.go:306&#34;}&#xA;"></skipped>
		</testcase>
		<testcase classname="go.temporal.io/server/tests" name="TestSignalWorkflowTestSuite/TestSignalExternalWorkflowCommand_SignalSelf" time="0.000000">
			<skipped message="=== RUN   TestSignalWorkflowTestSuite/TestSignalExternalWorkflowCommand_SignalSelf&#xA;    functional_test_base.go:232: Skipping TestSignalWorkflowTestSuite/TestSignalExternalWorkflowCommand_SignalSelf in test shard 1/3 (it runs in 3)&#xA;--- SKIP: TestSignalWorkflowTestSuite/TestSignalExternalWorkflowCommand_SignalSelf (0.00s)&#xA;"></skipped>
		</testcase>
		<testcase classname="go.temporal.io/server/tests" name="TestSignalWorkflowTestSuite/TestSignalExternalWorkflowCommand_UnKnownTarget" time="0.000000">
			<skipped message="=== RUN   TestSignalWorkflowTestSuite/TestSignalExternalWorkflowCommand_UnKnownTarget&#xA;2024-10-18T13:44:48.429Z&#x9;info&#x9;Started physicalTaskQueueManager&#x9;{&#34;host&#34;: &#34;127.0.26.1:7136&#34;, &#34;component&#34;: &#34;matching-engine&#34;, &#34;wf-task-queue-name&#34;: &#34;temporal-sys-dlq-activity-tq&#34;, &#34;wf-task-queue-type&#34;: &#34;Activity&#34;, &#34;wf-namespace&#34;: &#34;temporal-system&#34;, &#34;worker-build-id&#34;: &#34;_unversioned_&#34;, &#34;lifecycle&#34;: &#34;Started&#34;, &#34;cause&#34;: &#34;Poll&#34;, &#34;logging-call-at&#34;: &#34;/home/runner/work/temporal/temporal/tests/acquire_shard_test.go:86&#34;}&#xA;    functional_test_base.go:232: Skipping TestSignalWorkflowTestSuite/TestSignalExternalWorkflowCommand_UnKnownTarget in test shard 1/3 (it runs in 2)&#xA;--- SKIP: TestSignalWorkflowTestSuite/TestSignalExternalWorkflowCommand_UnKnownTarget (0.00s)&#xA;2024-10-18T13:44:48.432Z&#x9;info&#x9;Started physicalTaskQueueManager&#x9;{&#34;host&#34;: &#34;127.0.26.1:7136&#34;, &#34;component&#34;: &#34;matching-engine&#34;, &#34;wf-task-queue-name&#34;: &#34;/_sys/temporal-sys-dlq-activity-tq/3&#34;, &#34;wf-task-queue-type&#34;: &#34;Activity&#34;, &#34;wf-namespace&#34;: &#34;temporal-system&#34;, &#34;worker-build-id&#34;: &#34;_unversioned_&#34;, &#34;lifecycle&#34;: &#34;Started&#34;, &#34;cause&#34;: &#34;Poll&#34;, &#34;logging-call-at&#34;: &#34;/home/runner/work/temporal/temporal/tests/acquire_shard_test.go:86&#34;}&#xA;2024-10-18T13:44:48.432Z&#x9;info&#x9;Started physicalTaskQueueManager&#x9;{&#34;host&#34;: &#34;127.0.26.1:7136&#34;, &#34;component&#34;: &#34;matching-engine&#34;, &#34;wf-task-queue-name&#34;: &#34;default-worker-tq&#34;, &#34;wf-task-queue-type&#34;: &#34;Activity&#34;, &#34;wf-namespace&#34;: &#34;temporal-system&#34;, &#34;worker-build-id&#34;: &#34;_unversioned_&#34;, &#34;lifecycle&#34;: &#34;Started&#34;, &#34;cause&#34;: &#34;Poll&#34;, &#34;logging-call-at&#34;: &#34;/home/runner/work/temporal/temporal/tests/acquire_shard_test.go:86&#34;}&#xA;2024-10-18T13:44:48.434Z&#x9;info&#x9;Started physicalTaskQueueManager&#x9;{&#34;host&#34;: &#34;127.0.26.1:7136&#34;, &#34;component&#34;: &#34;matching-engine&#34;, &#34;wf-task-queue-name&#34;: &#34;/_sys/default-worker-tq/1&#34;, &#34;wf-task-queue-type&#34;: &#34;Activity&#34;, &#34;wf-namespace&#34;: &#34;temporal-system&#34;, &#34;worker-build-id&#34;: &#34;_unversioned_&#34;, &#34;lifecycle&#34;: &#34;Started&#34;, &#34;cause&#34;: &#34;Poll&#34;, &#34;logging-call-at&#34;: &#34;/home/runner/work/temporal/temporal/tests/acquire_shard_test.go:86&#34;}&#xA;2024-10-18T13:44:48.432Z&#x9;info&#x9;Stopped physicalTaskQueueManager&#x9;{&#34;host&#34;: &#34;127.0.21.1:7136&#34;, &#34;component&#34;: &#34;matching-engine&#34;, &#34;wf-task-queue-name&#34;: &#34;/_sys/tq-fa5a80da-4373-49f3-b83e-a691448dc66a/2&#34;, &#34;wf-task-queue-type&#34;: &#34;Workflow&#34;, &#34;wf-namespace&#34;: &#34;functional-test-namespace-73a8b19c-5cc9-40f5-ac89-d2d2327e9ea3&#34;, &#34;worker-build-id&#34;: &#34;_unversioned_&#34;, &#34;lifecycle&#34;: &#34;Stopped&#34;, &#34;cause&#34;: &#34;ShuttingDown&#34;, &#34;logging-call-at&#34;: &#34;/home/runner/work/temporal/temporal/service/matching/physical_task_queue_manager.go:306&#34;}&#xA;"></skipped>
		</testcase>
		<testcase classname="go.temporal.io/server/tests" name="TestSignalWorkflowTestSuite/TestSignalExternalWorkflowCommand_WithoutRunID" time="0.000000">
			<skipped message="=== RUN   TestSignalWorkflowTestSuite/TestSignalExternalWorkflowCommand_WithoutRunID&#xA;2024-10-18T13:44:48.443Z&#x9;info&#x9;Started physicalTaskQueueManager&#x9;{&#34;host&#34;: &#34;127.0.26.1:7136&#34;, &#34;component&#34;: &#34;matching-engine&#34;, &#34;wf-task-queue-name&#34;: &#34;temporal-sys-dlq-activity-tq&#34;, &#34;wf-task-queue-type&#34;: &#34;Workflow&#34;, &#34;wf-namespace&#34;: &#34;temporal-system&#34;, &#34;worker-build-id&#34;: &#34;_unversioned_&#34;, &#34;lifecycle&#34;: &#34;Started&#34;, &#34;cause&#34;: &#34;UserData&#34;, &#34;logging-call-at&#34;: &#34;/home/runner/work/temporal/temporal/tests/acquire_shard_test.go:86&#34;}&#xA;    functional_test_base.go:232: Skipping TestSignalWorkflowTestSuite/TestSignalExternalWorkflowCommand_WithoutRunID in test shard 1/3 (it runs in 2)&#xA;--- SKIP: TestSignalWorkflowTestSuite/TestSignalExternalWorkflowCommand_WithoutRunID (0.00s)&#xA;"></skipped>
		</testcase>
		<testcase classname="go.temporal.io/server/tests" name="TestAdvancedVisibilitySuite/TestWorkerTaskReachability_ByBuildId_NotInNamespace" time="0.000000">
			<skipped message="=== RUN   TestAdvancedVisibilitySuite/TestWorkerTaskReachability_ByBuildId_NotInNamespace&#xA;    functional_test_base.go:232: Skipping TestAdvancedVisibilitySuite/TestWorkerTaskReachability_ByBuildId_NotInNamespace in test shard 1/3 (it runs in 2)&#xA;--- SKIP: TestAdvancedVisibilitySuite/TestWorkerTaskReachability_ByBuildId_NotInNamespace (0.00s)&#xA;"></skipped>
		</testcase>
		<testcase classname="go.temporal.io/server/tests" name="TestAdvancedVisibilitySuite/TestWorkerTaskReachability_EmptyBuildIds" time="0.000000">
			<skipped message="=== RUN   TestAdvancedVisibilitySuite/TestWorkerTaskReachability_EmptyBuildIds&#xA;    functional_test_base.go:232: Skipping TestAdvancedVisibilitySuite/TestWorkerTaskReachability_EmptyBuildIds in test shard 1/3 (it runs in 2)&#xA;--- SKIP: TestAdvancedVisibilitySuite/TestWorkerTaskReachability_EmptyBuildIds (0.00s)&#xA;"></skipped>
		</testcase>
		<testcase classname="go.temporal.io/server/tests" name="TestAdvancedVisibilitySuite/TestWorkerTaskReachability_TooManyBuildIds" time="0.000000">
			<skipped message="=== RUN   TestAdvancedVisibilitySuite/TestWorkerTaskReachability_TooManyBuildIds&#xA;    functional_test_base.go:232: Skipping TestAdvancedVisibilitySuite/TestWorkerTaskReachability_TooManyBuildIds in test shard 1/3 (it runs in 2)&#xA;--- SKIP: TestAdvancedVisibilitySuite/TestWorkerTaskReachability_TooManyBuildIds (0.00s)&#xA;"></skipped>
		</testcase>
		<testcase classname="go.temporal.io/server/tests" name="TestAdvancedVisibilitySuite/TestWorkerTaskReachability_Unversioned_InNamespace" time="0.000000">
			<skipped message="=== RUN   TestAdvancedVisibilitySuite/TestWorkerTaskReachability_Unversioned_InNamespace&#xA;    functional_test_base.go:232: Skipping TestAdvancedVisibilitySuite/TestWorkerTaskReachability_Unversioned_InNamespace in test shard 1/3 (it runs in 2)&#xA;--- SKIP: TestAdvancedVisibilitySuite/TestWorkerTaskReachability_Unversioned_InNamespace (0.00s)&#xA;"></skipped>
		</testcase>
		<testcase classname="go.temporal.io/server/tests" name="TestAdvancedVisibilitySuite/TestWorkerTaskReachability_Unversioned_InTaskQueue" time="0.000000">
			<skipped message="=== RUN   TestAdvancedVisibilitySuite/TestWorkerTaskReachability_Unversioned_InTaskQueue&#xA;    functional_test_base.go:232: Skipping TestAdvancedVisibilitySuite/TestWorkerTaskReachability_Unversioned_InTaskQueue in test shard 1/3 (it runs in 3)&#xA;--- SKIP: TestAdvancedVisibilitySuite/TestWorkerTaskReachability_Unversioned_InTaskQueue (0.00s)&#xA;"></skipped>
		</testcase>
		<testcase classname="go.temporal.io/server/tests" name="TestAdvancedVisibilitySuite/Test_BuildIdIndexedOnCompletion_UnversionedWorker" time="0.000000">
			<skipped message="=== RUN   TestAdvancedVisibilitySuite/Test_BuildIdIndexedOnCompletion_UnversionedWorker&#xA;    functional_test_base.go:232: Skipping TestAdvancedVisibilitySuite/Test_BuildIdIndexedOnCompletion_UnversionedWorker in test shard 1/3 (it runs in 2)&#xA;--- SKIP: TestAdvancedVisibilitySuite/Test_BuildIdIndexedOnCompletion_UnversionedWorker (0.00s)&#xA;"></skipped>
		</testcase>
		<testcase classname="go.temporal.io/server/tests" name="TestAdvancedVisibilitySuite/Test_BuildIdIndexedOnCompletion_VersionedWorker" time="0.000000">
			<skipped message="=== RUN   TestAdvancedVisibilitySuite/Test_BuildIdIndexedOnCompletion_VersionedWorker&#xA;    functional_test_base.go:232: Skipping TestAdvancedVisibilitySuite/Test_BuildIdIndexedOnCompletion_VersionedWorker in test shard 1/3 (it runs in 2)&#xA;--- SKIP: TestAdvancedVisibilitySuite/Test_BuildIdIndexedOnCompletion_VersionedWorker (0.00s)&#xA;"></skipped>
		</testcase>
		<testcase classname="go.temporal.io/server/tests" name="TestAdvancedVisibilitySuite/Test_BuildIdIndexedOnReset" time="0.000000">
			<skipped message="=== RUN   TestAdvancedVisibilitySuite/Test_BuildIdIndexedOnReset&#xA;    functional_test_base.go:232: Skipping TestAdvancedVisibilitySuite/Test_BuildIdIndexedOnReset in test shard 1/3 (it runs in 2)&#xA;--- SKIP: TestAdvancedVisibilitySuite/Test_BuildIdIndexedOnReset (0.00s)&#xA;"></skipped>
		</testcase>
		<testcase classname="go.temporal.io/server/tests" name="TestAdvancedVisibilitySuite/Test_BuildIdIndexedOnRetry" time="0.000000">
			<skipped message="=== RUN   TestAdvancedVisibilitySuite/Test_BuildIdIndexedOnRetry&#xA;    functional_test_base.go:232: Skipping TestAdvancedVisibilitySuite/Test_BuildIdIndexedOnRetry in test shard 1/3 (it runs in 3)&#xA;--- SKIP: TestAdvancedVisibilitySuite/Test_BuildIdIndexedOnRetry (0.00s)&#xA;"></skipped>
		</testcase>
		<testcase classname="go.temporal.io/server/tests" name="TestSignalWorkflowTestSuite/TestSignalWithStartWorkflow_ResolveIDDeduplication" time="0.000000">
			<skipped message="=== RUN   TestSignalWorkflowTestSuite/TestSignalWithStartWorkflow_ResolveIDDeduplication&#xA;    functional_test_base.go:232: Skipping TestSignalWorkflowTestSuite/TestSignalWithStartWorkflow_ResolveIDDeduplication in test shard 1/3 (it runs in 2)&#xA;--- SKIP: TestSignalWorkflowTestSuite/TestSignalWithStartWorkflow_ResolveIDDeduplication (0.00s)&#xA;"></skipped>
		</testcase>
		<testcase classname="go.temporal.io/server/tests" name="TestUpdateWorkflowSuite/TestUpdateWorkflow_1stAccept_2ndAccept_2ndComplete_1stComplete" time="0.000000">
			<skipped message="=== RUN   TestUpdateWorkflowSuite/TestUpdateWorkflow_1stAccept_2ndAccept_2ndComplete_1stComplete&#xA;    functional_test_base.go:232: Skipping TestUpdateWorkflowSuite/TestUpdateWorkflow_1stAccept_2ndAccept_2ndComplete_1stComplete in test shard 1/3 (it runs in 2)&#xA;--- SKIP: TestUpdateWorkflowSuite/TestUpdateWorkflow_1stAccept_2ndAccept_2ndComplete_1stComplete (0.00s)&#xA;2024-10-18T13:44:52.459Z&#x9;info&#x9;queue reader stopped&#x9;{&#34;host&#34;: &#34;127.0.24.1:7132&#34;, &#34;shard-id&#34;: 1, &#34;address&#34;: &#34;127.0.24.1:7132&#34;, &#34;component&#34;: &#34;outbound-queue-processor&#34;, &#34;queue-reader-id&#34;: 0, &#34;lifecycle&#34;: &#34;Stopped&#34;, &#34;logging-call-at&#34;: &#34;/home/runner/work/temporal/temporal/service/history/queues/reader.go:202&#34;}&#xA;2024-10-18T13:44:52.460Z&#x9;info&#x9;Task rescheduler stopped.&#x9;{&#34;host&#34;: &#34;127.0.24.1:7132&#34;, &#34;shard-id&#34;: 1, &#34;address&#34;: &#34;127.0.24.1:7132&#34;, &#34;component&#34;: &#34;outbound-queue-processor&#34;, &#34;lifecycle&#34;: &#34;Stopped&#34;, &#34;logging-call-at&#34;: &#34;/home/runner/work/temporal/temporal/service/history/queues/rescheduler.go:142&#34;}&#xA;2024-10-18T13:44:52.460Z&#x9;info&#x9;none&#x9;{&#34;host&#34;: &#34;127.0.24.1:7132&#34;, &#34;shard-id&#34;: 1, &#34;address&#34;: &#34;127.0.24.1:7132&#34;, &#34;component&#34;: &#34;outbound-queue-processor&#34;, &#34;lifecycle&#34;: &#34;Stopped&#34;, &#34;logging-call-at&#34;: &#34;/home/runner/work/temporal/temporal/service/history/queues/queue_immediate.go:139&#34;}&#xA;2024-10-18T13:44:52.460Z&#x9;info&#x9;none&#x9;{&#34;host&#34;: &#34;127.0.24.1:7132&#34;, &#34;shard-id&#34;: 1, &#34;address&#34;: &#34;127.0.24.1:7132&#34;, &#34;component&#34;: &#34;archival-queue-processor&#34;, &#34;lifecycle&#34;: &#34;Stopping&#34;, &#34;logging-call-at&#34;: &#34;/home/runner/work/temporal/temporal/service/history/queues/queue_scheduled.go:169&#34;}&#xA;"></skipped>
		</testcase>
		<testcase classname="go.temporal.io/server/tests" name="TestUpdateWorkflowSuite/TestUpdateWorkflow_1stAccept_2ndReject_1stComplete" time="0.000000">
			<skipped message="=== RUN   TestUpdateWorkflowSuite/TestUpdateWorkflow_1stAccept_2ndReject_1stComplete&#xA;    functional_test_base.go:232: Skipping TestUpdateWorkflowSuite/TestUpdateWorkflow_1stAccept_2ndReject_1stComplete in test shard 1/3 (it runs in 2)&#xA;--- SKIP: TestUpdateWorkflowSuite/TestUpdateWorkflow_1stAccept_2ndReject_1stComplete (0.00s)&#xA;"></skipped>
		</testcase>
		<testcase classname="go.temporal.io/server/tests" name="TestUpdateWorkflowSuite/TestUpdateWorkflow_CompleteWorkflow_AbortUpdates" time="0.000000">
			<skipped message="=== RUN   TestUpdateWorkflowSuite/TestUpdateWorkflow_CompleteWorkflow_AbortUpdates&#xA;    functional_test_base.go:232: Skipping TestUpdateWorkflowSuite/TestUpdateWorkflow_CompleteWorkflow_AbortUpdates in test shard 1/3 (it runs in 2)&#xA;--- SKIP: TestUpdateWorkflowSuite/TestUpdateWorkflow_CompleteWorkflow_AbortUpdates (0.00s)&#xA;"></skipped>
		</testcase>
		<testcase classname="go.temporal.io/server/tests" name="TestSignalWorkflowTestSuite/TestSignalWorkflow" time="0.000000">
			<skipped message="=== RUN   TestSignalWorkflowTestSuite/TestSignalWorkflow&#xA;    functional_test_base.go:232: Skipping TestSignalWorkflowTestSuite/TestSignalWorkflow in test shard 1/3 (it runs in 2)&#xA;--- SKIP: TestSignalWorkflowTestSuite/TestSignalWorkflow (0.00s)&#xA;"></skipped>
		</testcase>
		<testcase classname="go.temporal.io/server/tests" name="TestSignalWorkflowTestSuite/TestSignalWorkflow_Cron_NoWorkflowTaskCreated" time="0.000000">
			<skipped message="=== RUN   TestSignalWorkflowTestSuite/TestSignalWorkflow_Cron_NoWorkflowTaskCreated&#xA;    functional_test_base.go:232: Skipping TestSignalWorkflowTestSuite/TestSignalWorkflow_Cron_NoWorkflowTaskCreated in test shard 1/3 (it runs in 3)&#xA;--- SKIP: TestSignalWorkflowTestSuite/TestSignalWorkflow_Cron_NoWorkflowTaskCreated (0.00s)&#xA;"></skipped>
		</testcase>
		<testcase classname="go.temporal.io/server/tests" name="TestSignalWorkflowTestSuite/TestSignalWorkflow_DuplicateRequest" time="0.000000">
			<skipped message="=== RUN   TestSignalWorkflowTestSuite/TestSignalWorkflow_DuplicateRequest&#xA;    functional_test_base.go:232: Skipping TestSignalWorkflowTestSuite/TestSignalWorkflow_DuplicateRequest in test shard 1/3 (it runs in 2)&#xA;--- SKIP: TestSignalWorkflowTestSuite/TestSignalWorkflow_DuplicateRequest (0.00s)&#xA;"></skipped>
		</testcase>
		<testcase classname="go.temporal.io/server/tests" name="TestSignalWorkflowTestSuite/TestSignalWorkflow_NoWorkflowTaskCreated" time="0.000000">
			<skipped message="=== RUN   TestSignalWorkflowTestSuite/TestSignalWorkflow_NoWorkflowTaskCreated&#xA;    functional_test_base.go:232: Skipping TestSignalWorkflowTestSuite/TestSignalWorkflow_NoWorkflowTaskCreated in test shard 1/3 (it runs in 2)&#xA;--- SKIP: TestSignalWorkflowTestSuite/TestSignalWorkflow_NoWorkflowTaskCreated (0.00s)&#xA;"></skipped>
		</testcase>
		<testcase classname="go.temporal.io/server/tests" name="TestDescribeTestSuite/TestDescribeTaskQueue" time="0.000000">
			<skipped message="=== RUN   TestDescribeTestSuite/TestDescribeTaskQueue&#xA;    functional_test_base.go:232: Skipping TestDescribeTestSuite/TestDescribeTaskQueue in test shard 1/3 (it runs in 2)&#xA;--- SKIP: TestDescribeTestSuite/TestDescribeTaskQueue (0.00s)&#xA;"></skipped>
		</testcase>
		<testcase classname="go.temporal.io/server/tests" name="TestDescribeTestSuite/TestDescribeWorkflowExecution" time="0.000000">
			<skipped message="=== RUN   TestDescribeTestSuite/TestDescribeWorkflowExecution&#xA;    functional_test_base.go:232: Skipping TestDescribeTestSuite/TestDescribeWorkflowExecution in test shard 1/3 (it runs in 3)&#xA;--- SKIP: TestDescribeTestSuite/TestDescribeWorkflowExecution (0.00s)&#xA;"></skipped>
		</testcase>
		<testcase classname="go.temporal.io/server/tests" name="TestUpdateWorkflowSuite/TestUpdateWorkflow_CompletedWorkflow" time="0.000000">
			<skipped message="=== RUN   TestUpdateWorkflowSuite/TestUpdateWorkflow_CompletedWorkflow&#xA;    functional_test_base.go:232: Skipping TestUpdateWorkflowSuite/TestUpdateWorkflow_CompletedWorkflow in test shard 1/3 (it runs in 2)&#xA;--- SKIP: TestUpdateWorkflowSuite/TestUpdateWorkflow_CompletedWorkflow (0.00s)&#xA;"></skipped>
		</testcase>
		<testcase classname="go.temporal.io/server/tests" name="TestUpdateWorkflowSuite/TestUpdateWorkflow_EmptySpeculativeWorkflowTask_Reject" time="0.000000">
			<skipped message="=== RUN   TestUpdateWorkflowSuite/TestUpdateWorkflow_EmptySpeculativeWorkflowTask_Reject&#xA;    functional_test_base.go:232: Skipping TestUpdateWorkflowSuite/TestUpdateWorkflow_EmptySpeculativeWorkflowTask_Reject in test shard 1/3 (it runs in 3)&#xA;--- SKIP: TestUpdateWorkflowSuite/TestUpdateWorkflow_EmptySpeculativeWorkflowTask_Reject (0.00s)&#xA;"></skipped>
		</testcase>
		<testcase classname="go.temporal.io/server/tests" name="TestUpdateWorkflowSuite/TestUpdateWorkflow_FirstNormalScheduledWorkflowTask_AcceptComplete" time="0.000000">
			<skipped message="=== RUN   TestUpdateWorkflowSuite/TestUpdateWorkflow_FirstNormalScheduledWorkflowTask_AcceptComplete&#xA;    functional_test_base.go:232: Skipping TestUpdateWorkflowSuite/TestUpdateWorkflow_FirstNormalScheduledWorkflowTask_AcceptComplete in test shard 1/3 (it runs in 3)&#xA;--- SKIP: TestUpdateWorkflowSuite/TestUpdateWorkflow_FirstNormalScheduledWorkflowTask_AcceptComplete (0.00s)&#xA;"></skipped>
		</testcase>
		<testcase classname="go.temporal.io/server/tests" name="TestNamespaceInterceptorTestSuite/TestServerRejectsInvalidRequests" time="0.000000">
			<skipped message="=== RUN   TestNamespaceInterceptorTestSuite/TestServerRejectsInvalidRequests&#xA;    functional_test_base.go:232: Skipping TestNamespaceInterceptorTestSuite/TestServerRejectsInvalidRequests in test shard 1/3 (it runs in 3)&#xA;--- SKIP: TestNamespaceInterceptorTestSuite/TestServerRejectsInvalidRequests (0.00s)&#xA;"></skipped>
		</testcase>
		<testcase classname="go.temporal.io/server/tests" name="TestUpdateWorkflowSuite/TestUpdateWorkflow_FirstNormalWorkflowTask_UpdateResurrectedAfterRegistryCleared" time="0.000000">
			<skipped message="=== RUN   TestUpdateWorkflowSuite/TestUpdateWorkflow_FirstNormalWorkflowTask_UpdateResurrectedAfterRegistryCleared&#xA;    functional_test_base.go:232: Skipping TestUpdateWorkflowSuite/TestUpdateWorkflow_FirstNormalWorkflowTask_UpdateResurrectedAfterRegistryCleared in test shard 1/3 (it runs in 2)&#xA;--- SKIP: TestUpdateWorkflowSuite/TestUpdateWorkflow_FirstNormalWorkflowTask_UpdateResurrectedAfterRegistryCleared (0.00s)&#xA;"></skipped>
		</testcase>
		<testcase classname="go.temporal.io/server/tests" name="TestUpdateWorkflowSuite/TestUpdateWorkflow_LastWorkflowTask_HasUpdateMessage" time="0.000000">
			<skipped message="=== RUN   TestUpdateWorkflowSuite/TestUpdateWorkflow_LastWorkflowTask_HasUpdateMessage&#xA;    functional_test_base.go:232: Skipping TestUpdateWorkflowSuite/TestUpdateWorkflow_LastWorkflowTask_HasUpdateMessage in test shard 1/3 (it runs in 3)&#xA;--- SKIP: TestUpdateWorkflowSuite/TestUpdateWorkflow_LastWorkflowTask_HasUpdateMessage (0.00s)&#xA;"></skipped>
		</testcase>
		<testcase classname="go.temporal.io/server/tests" name="TestUpdateWorkflowSuite/TestUpdateWorkflow_NormalScheduledWorkflowTask_AcceptComplete" time="0.000000">
			<skipped message="=== RUN   TestUpdateWorkflowSuite/TestUpdateWorkflow_NormalScheduledWorkflowTask_AcceptComplete&#xA;    functional_test_base.go:232: Skipping TestUpdateWorkflowSuite/TestUpdateWorkflow_NormalScheduledWorkflowTask_AcceptComplete in test shard 1/3 (it runs in 3)&#xA;--- SKIP: TestUpdateWorkflowSuite/TestUpdateWorkflow_NormalScheduledWorkflowTask_AcceptComplete (0.00s)&#xA;"></skipped>
		</testcase>
		<testcase classname="go.temporal.io/server/tests" name="TestActivityTestSuite/TestActivityCancellationNotStarted" time="0.000000">
			<skipped message="=== RUN   TestActivityTestSuite/TestActivityCancellationNotStarted&#xA;    functional_test_base.go:232: Skipping TestActivityTestSuite/TestActivityCancellationNotStarted in test shard 1/3 (it runs in 2)&#xA;--- SKIP: TestActivityTestSuite/TestActivityCancellationNotStarted (0.00s)&#xA;2024-10-18T13:45:02.385Z&#x9;error&#x9;Operation failed with internal error.&#x9;{&#34;host&#34;: &#34;127.0.29.1:7138&#34;, &#34;error&#34;: &#34;operation ListClusterMetadata encountered context canceled&#34;, &#34;error-type&#34;: &#34;serviceerror.Unavailable&#34;, &#34;operation&#34;: &#34;ListClusterMetadata&#34;, &#34;logging-call-at&#34;: &#34;/home/runner/work/temporal/temporal/common/persistence/persistence_metric_clients.go:1319&#34;}&#xA;go.temporal.io/server/common/log.(*zapLogger).Error&#xA;&#x9;/home/runner/work/temporal/temporal/common/log/zap_logger.go:154&#xA;go.temporal.io/server/common/persistence.updateErrorMetric&#xA;&#x9;/home/runner/work/temporal/temporal/common/persistence/persistence_metric_clients.go:1319&#xA;go.temporal.io/server/common/persistence.(*metricEmitter).recordRequestMetrics&#xA;&#x9;/home/runner/work/temporal/temporal/common/persistence/persistence_metric_clients.go:1291&#xA;go.temporal.io/server/common/persistence.(*clusterMetadataPersistenceClient).ListClusterMetadata.func1&#xA;&#x9;/home/runner/work/temporal/temporal/common/persistence/persistence_metric_clients.go:1115&#xA;go.temporal.io/server/common/persistence.(*clusterMetadataPersistenceClient).ListClusterMetadata&#xA;&#x9;/home/runner/work/temporal/temporal/common/persistence/persistence_metric_clients.go:1117&#xA;go.temporal.io/server/common/persistence.(*clusterMetadataRetryablePersistenceClient).ListClusterMetadata.func1&#xA;&#x9;/home/runner/work/temporal/temporal/common/persistence/persistence_retryable_clients.go:988&#xA;go.temporal.io/server/common/backoff.ThrottleRetryContext&#xA;&#x9;/home/runner/work/temporal/temporal/common/backoff/retry.go:89&#xA;go.temporal.io/server/common/persistence.(*clusterMetadataRetryablePersistenceClient).ListClusterMetadata&#xA;&#x9;/home/runner/work/temporal/temporal/common/persistence/persistence_retryable_clients.go:992&#xA;go.temporal.io/server/common/cluster.GetAllClustersIter.func1&#xA;&#x9;/home/runner/work/temporal/temporal/common/cluster/metadata.go:557&#xA;go.temporal.io/server/common/collection.(*PagingIteratorImpl[...]).getNextPage&#xA;&#x9;/home/runner/work/temporal/temporal/common/collection/paging_iterator.go:116&#xA;go.temporal.io/server/common/collection.NewPagingIterator[...]&#xA;&#x9;/home/runner/work/temporal/temporal/common/collection/paging_iterator.go:52&#xA;go.temporal.io/server/common/cluster.GetAllClustersIter&#xA;&#x9;/home/runner/work/temporal/temporal/common/cluster/metadata.go:570&#xA;go.temporal.io/server/common/cluster.(*metadataImpl).listAllClusterMetadataFromDB&#xA;&#x9;/home/runner/work/temporal/temporal/common/cluster/metadata.go:540&#xA;go.temporal.io/server/common/cluster.(*metadataImpl).refreshClusterMetadata&#xA;&#x9;/home/runner/work/temporal/temporal/common/cluster/metadata.go:438&#xA;go.temporal.io/server/common/cluster.(*metadataImpl).refreshLoop&#xA;&#x9;/home/runner/work/temporal/temporal/common/cluster/metadata.go:422&#xA;go.temporal.io/server/internal/goro.(*Handle).Go.func1&#xA;&#x9;/home/runner/work/temporal/temporal/internal/goro/goro.go:64&#xA;2024-10-18T13:45:02.387Z&#x9;error&#x9;Error refreshing remote cluster metadata&#x9;{&#34;host&#34;: &#34;127.0.29.1:7138&#34;, &#34;error&#34;: &#34;operation ListClusterMetadata encountered context canceled&#34;, &#34;logging-call-at&#34;: &#34;/home/runner/work/temporal/temporal/common/cluster/metadata.go:423&#34;}&#xA;go.temporal.io/server/common/log.(*zapLogger).Error&#xA;&#x9;/home/runner/work/temporal/temporal/common/log/zap_logger.go:154&#xA;go.temporal.io/server/common/cluster.(*metadataImpl).refreshLoop&#xA;&#x9;/home/runner/work/temporal/temporal/common/cluster/metadata.go:423&#xA;go.temporal.io/server/internal/goro.(*Handle).Go.func1&#xA;&#x9;/home/runner/work/temporal/temporal/internal/goro/goro.go:64&#xA;2024-10-18T13:45:02.387Z&#x9;info&#x9;worker service stopped&#x9;{&#34;host&#34;: &#34;127.0.29.1:7138&#34;, &#34;service&#34;: &#34;worker&#34;, &#34;component&#34;: &#34;worker&#34;, &#34;address&#34;: &#34;127.0.29.1:7138&#34;, &#34;logging-call-at&#34;: &#34;/home/runner/work/temporal/temporal/service/worker/service.go:289&#34;}&#xA;"></skipped>
		</testcase>
		<testcase classname="go.temporal.io/server/tests" name="TestActivityTestSuite/TestActivityHeartBeatWorkflow_Success" time="0.000000">
			<skipped message="=== RUN   TestActivityTestSuite/TestActivityHeartBeatWorkflow_Success&#xA;    functional_test_base.go:232: Skipping TestActivityTestSuite/TestActivityHeartBeatWorkflow_Success in test shard 1/3 (it runs in 2)&#xA;--- SKIP: TestActivityTestSuite/TestActivityHeartBeatWorkflow_Success (0.00s)&#xA;"></skipped>
		</testcase>
		<testcase classname="go.temporal.io/server/tests" name="TestUpdateWorkflowSuite/TestUpdateWorkflow_RunningWorkflowTask_NewEmptySpeculativeWorkflowTask_Rejected" time="0.000000">
			<skipped message="=== RUN   TestUpdateWorkflowSuite/TestUpdateWorkflow_RunningWorkflowTask_NewEmptySpeculativeWorkflowTask_Rejected&#xA;    functional_test_base.go:232: Skipping TestUpdateWorkflowSuite/TestUpdateWorkflow_RunningWorkflowTask_NewEmptySpeculativeWorkflowTask_Rejected in test shard 1/3 (it runs in 3)&#xA;--- SKIP: TestUpdateWorkflowSuite/TestUpdateWorkflow_RunningWorkflowTask_NewEmptySpeculativeWorkflowTask_Rejected (0.00s)&#xA;"></skipped>
		</testcase>
		<testcase classname="go.temporal.io/server/tests" name="TestUpdateWorkflowSuite/TestUpdateWorkflow_RunningWorkflowTask_NewNotEmptySpeculativeWorkflowTask_Rejected" time="0.000000">
			<skipped message="=== RUN   TestUpdateWorkflowSuite/TestUpdateWorkflow_RunningWorkflowTask_NewNotEmptySpeculativeWorkflowTask_Rejected&#xA;    functional_test_base.go:232: Skipping TestUpdateWorkflowSuite/TestUpdateWorkflow_RunningWorkflowTask_NewNotEmptySpeculativeWorkflowTask_Rejected in test shard 1/3 (it runs in 3)&#xA;--- SKIP: TestUpdateWorkflowSuite/TestUpdateWorkflow_RunningWorkflowTask_NewNotEmptySpeculativeWorkflowTask_Rejected (0.00s)&#xA;"></skipped>
		</testcase>
		<testcase classname="go.temporal.io/server/tests" name="TestUpdateWorkflowSuite/TestUpdateWorkflow_ScheduledSpeculativeWorkflowTask_ConvertToNormalBecauseOfSignal" time="0.000000">
			<skipped message="=== RUN   TestUpdateWorkflowSuite/TestUpdateWorkflow_ScheduledSpeculativeWorkflowTask_ConvertToNormalBecauseOfSignal&#xA;    functional_test_base.go:232: Skipping TestUpdateWorkflowSuite/TestUpdateWorkflow_ScheduledSpeculativeWorkflowTask_ConvertToNormalBecauseOfSignal in test shard 1/3 (it runs in 2)&#xA;2024-10-18T13:45:03.420Z&#x9;info&#x9;ShutdownHandler: Evicting self from membership ring&#x9;{&#34;host&#34;: &#34;127.0.29.1:7132&#34;, &#34;logging-call-at&#34;: &#34;/home/runner/work/temporal/temporal/service/history/service.go:122&#34;}&#xA;--- SKIP: TestUpdateWorkflowSuite/TestUpdateWorkflow_ScheduledSpeculativeWorkflowTask_ConvertToNormalBecauseOfSignal (0.00s)&#xA;"></skipped>
		</testcase>
		<testcase classname="go.temporal.io/server/tests" name="TestUpdateWorkflowSuite/TestUpdateWorkflow_ScheduledSpeculativeWorkflowTask_DeduplicateID" time="0.000000">
			<skipped message="=== RUN   TestUpdateWorkflowSuite/TestUpdateWorkflow_ScheduledSpeculativeWorkflowTask_DeduplicateID&#xA;    functional_test_base.go:232: Skipping TestUpdateWorkflowSuite/TestUpdateWorkflow_ScheduledSpeculativeWorkflowTask_DeduplicateID in test shard 1/3 (it runs in 3)&#xA;--- SKIP: TestUpdateWorkflowSuite/TestUpdateWorkflow_ScheduledSpeculativeWorkflowTask_DeduplicateID (0.00s)&#xA;"></skipped>
		</testcase>
		<testcase classname="go.temporal.io/server/tests" name="TestUpdateWorkflowSuite/TestUpdateWorkflow_ScheduledSpeculativeWorkflowTask_LostUpdate" time="0.000000">
			<skipped message="=== RUN   TestUpdateWorkflowSuite/TestUpdateWorkflow_ScheduledSpeculativeWorkflowTask_LostUpdate&#xA;2024-10-18T13:45:03.421Z&#x9;info&#x9;none&#x9;{&#34;host&#34;: &#34;127.0.29.1:7132&#34;, &#34;component&#34;: &#34;shard-controller&#34;, &#34;address&#34;: &#34;127.0.29.1:7132&#34;, &#34;lifecycle&#34;: &#34;Stopping&#34;, &#34;logging-call-at&#34;: &#34;/home/runner/work/temporal/temporal/service/history/shard/controller_impl.go:468&#34;}&#xA;    functional_test_base.go:232: Skipping TestUpdateWorkflowSuite/TestUpdateWorkflow_ScheduledSpeculativeWorkflowTask_LostUpdate in test shard 1/3 (it runs in 3)&#xA;--- SKIP: TestUpdateWorkflowSuite/TestUpdateWorkflow_ScheduledSpeculativeWorkflowTask_LostUpdate (0.00s)&#xA;2024-10-18T13:45:03.421Z&#x9;info&#x9;none&#x9;{&#34;host&#34;: &#34;127.0.29.1:7132&#34;, &#34;shard-id&#34;: 3, &#34;address&#34;: &#34;127.0.29.1:7132&#34;, &#34;lifecycle&#34;: &#34;Stopped&#34;, &#34;component&#34;: &#34;shard-context&#34;, &#34;logging-call-at&#34;: &#34;/home/runner/work/temporal/temporal/service/history/shard/context_impl.go:1635&#34;}&#xA;"></skipped>
		</testcase>
		<testcase classname="go.temporal.io/server/tests" name="TestUpdateWorkflowSuite/TestUpdateWorkflow_SpeculativeWorkflowTask_Fail" time="0.000000">
			<skipped message="=== RUN   TestUpdateWorkflowSuite/TestUpdateWorkflow_SpeculativeWorkflowTask_Fail&#xA;2024-10-18T13:45:03.575Z&#x9;info&#x9;Stopped physicalTaskQueueManager&#x9;{&#34;host&#34;: &#34;127.0.29.1:7136&#34;, &#34;component&#34;: &#34;matching-engine&#34;, &#34;wf-task-queue-name&#34;: &#34;/_sys/temporal-sys-dlq-activity-tq/3&#34;, &#34;wf-task-queue-type&#34;: &#34;Activity&#34;, &#34;wf-namespace&#34;: &#34;temporal-system&#34;, &#34;worker-build-id&#34;: &#34;_unversioned_&#34;, &#34;lifecycle&#34;: &#34;Stopped&#34;, &#34;cause&#34;: &#34;ShuttingDown&#34;, &#34;logging-call-at&#34;: &#34;/home/runner/work/temporal/temporal/service/matching/physical_task_queue_manager.go:306&#34;}&#xA;2024-10-18T13:45:03.577Z&#x9;warn&#x9;Failed to poll for task.&#x9;{&#34;host&#34;: &#34;127.0.29.1:7138&#34;, &#34;Namespace&#34;: &#34;temporal-system&#34;, &#34;TaskQueue&#34;: &#34;temporal-sys-processor-parent-close-policy&#34;, &#34;WorkerID&#34;: &#34;3261@fv-az576-698@&#34;, &#34;WorkerType&#34;: &#34;ActivityWorker&#34;, &#34;Error&#34;: &#34;last connection error: connection error: desc = \&#34;transport: Error while dialing: dial tcp 127.0.29.1:7134: connect: connection refused\&#34;&#34;, &#34;logging-call-at&#34;: &#34;/home/runner/go/pkg/mod/go.temporal.io/sdk@v1.29.2-0.20241008230001-c82a8ac11cc6/internal/internal_worker_base.go:400&#34;}&#xA;    functional_test_base.go:232: Skipping TestUpdateWorkflowSuite/TestUpdateWorkflow_SpeculativeWorkflowTask_Fail in test shard 1/3 (it runs in 2)&#xA;--- SKIP: TestUpdateWorkflowSuite/TestUpdateWorkflow_SpeculativeWorkflowTask_Fail (0.00s)&#xA;"></skipped>
		</testcase>
		<testcase classname="go.temporal.io/server/tests" name="TestUpdateWorkflowSuite/TestUpdateWorkflow_SpeculativeWorkflowTask_QueryFailureClearsWFContext" time="0.000000">
[...]
		<testcase classname="go.temporal.io/server/tests" name="TestVersioningFunctionalSuite/TestDispatchActivityCompatible/NoTaskForwardForcePollForwardAllowSync" time="8.900000"></testcase>
		<testcase classname="go.temporal.io/server/tests" name="TestWorkflowFailuresTestSuite/TestWorkflowTimeout" time="2.500000"></testcase>
		<testcase classname="go.temporal.io/server/tests" name="TestDLQSuite" time="9.510000"></testcase>
		<testcase classname="go.temporal.io/server/tests" name="TestWorkflowFailuresTestSuite" time="9.950000"></testcase>
		<testcase classname="go.temporal.io/server/tests" name="TestWorkflowDeleteExecutionSuite/TestDeleteWorkflowExecution_CompetedWorkflow" time="5.700000"></testcase>
		<testcase classname="go.temporal.io/server/tests" name="TestVersioningFunctionalSuite/TestDispatchActivityCompatible/NoTaskForwardForcePollForwardForceAsync" time="6.720000"></testcase>
		<testcase classname="go.temporal.io/server/tests" name="TestClientDataConverterTestSuite" time="6.470000"></testcase>
		<testcase classname="go.temporal.io/server/tests" name="TestWorkflowDeleteExecutionSuite" time="13.120000"></testcase>
		<testcase classname="go.temporal.io/server/tests" name="TestMaxBufferedEventSuite/TestMaxBufferedEventsLimit" time="3.410000"></testcase>
		<testcase classname="go.temporal.io/server/tests" name="TestMaxBufferedEventSuite" time="8.360000"></testcase>
		<testcase classname="go.temporal.io/server/tests" name="TestCancelWorkflowSuite/TestExternalRequestCancelWorkflowExecution" time="0.140000"></testcase>
		<testcase classname="go.temporal.io/server/tests" name="TestCancelWorkflowSuite/TestRequestCancelWorkflowCommandExecution_TargetFinished" time="0.460000"></testcase>
		<testcase classname="go.temporal.io/server/tests" name="TestWorkflowVisibilityTestSuite/TestVisibility" time="1.570000"></testcase>
		<testcase classname="go.temporal.io/server/tests" name="TestVersioningFunctionalSuite/TestDispatchActivityCompatible/ForceTaskForwardForcePollForwardAllowSync" time="8.880000"></testcase>
		<testcase classname="go.temporal.io/server/tests" name="TestCancelWorkflowSuite/TestRequestCancelWorkflowCommandExecution_TargetRunning" time="0.370000"></testcase>
		<testcase classname="go.temporal.io/server/tests" name="TestWorkflowVisibilityTestSuite" time="8.770000"></testcase>
		<testcase classname="go.temporal.io/server/tests" name="TestCancelWorkflowSuite" time="7.110000"></testcase>
		<testcase classname="go.temporal.io/server/tests" name="TestVersioningFunctionalSuite/TestDispatchActivityCompatible/ForceTaskForwardForcePollForwardForceAsync" time="6.530000"></testcase>
		<testcase classname="go.temporal.io/server/tests" name="TestVersioningFunctionalSuite/TestDispatchActivityCompatible" time="56.770000"></testcase>
		<testcase classname="go.temporal.io/server/tests" name="TestVersioningFunctionalSuite/TestDispatchActivityCrossTq/NoTaskForwardNoPollForwardAllowSync" time="1.530000"></testcase>
		<testcase classname="go.temporal.io/server/tests" name="TestCronTestSuite/TestCronWorkflow" time="10.860000"></testcase>
		<testcase classname="go.temporal.io/server/tests" name="TestVersioningFunctionalSuite/TestDispatchActivityCrossTq/NoTaskForwardNoPollForwardForceAsync" time="1.490000"></testcase>
		<testcase classname="go.temporal.io/server/tests" name="TestVersioningFunctionalSuite/TestDispatchActivityCrossTq/ForceTaskForwardNoPollForwardAllowSync" time="1.510000"></testcase>
		<testcase classname="go.temporal.io/server/tests" name="TestVersioningFunctionalSuite/TestDispatchActivityCrossTq/ForceTaskForwardNoPollForwardForceAsync" time="1.530000"></testcase>
		<testcase classname="go.temporal.io/server/tests" name="TestCronTestSuite/TestCronWorkflow_Failed_Infinite" time="6.100000"></testcase>
		<testcase classname="go.temporal.io/server/tests" name="TestVersioningFunctionalSuite/TestDispatchActivityCrossTq/NoTaskForwardForcePollForwardAllowSync" time="3.580000"></testcase>
		<testcase classname="go.temporal.io/server/tests" name="TestCronTestSuite" time="24.710000"></testcase>
		<testcase classname="go.temporal.io/server/tests" name="TestVersioningFunctionalSuite/TestDispatchActivityCrossTq/NoTaskForwardForcePollForwardForceAsync" time="3.600000"></testcase>
		<testcase classname="go.temporal.io/server/tests" name="TestVersioningFunctionalSuite/TestDispatchActivityCrossTq/ForceTaskForwardForcePollForwardAllowSync" time="3.580000"></testcase>
		<testcase classname="go.temporal.io/server/tests" name="TestVersioningFunctionalSuite/TestDispatchActivityCrossTq/ForceTaskForwardForcePollForwardForceAsync" time="3.620000"></testcase>
		<testcase classname="go.temporal.io/server/tests" name="TestVersioningFunctionalSuite/TestDispatchActivityCrossTq" time="20.460000"></testcase>
		<testcase classname="go.temporal.io/server/tests" name="TestVersioningFunctionalSuite/TestDispatchActivityTimeoutCrossTq/NoTaskForwardNoPollForwardAllowSync" time="3.470000"></testcase>
		<testcase classname="go.temporal.io/server/tests" name="TestVersioningFunctionalSuite/TestDispatchActivityTimeoutCrossTq/NoTaskForwardNoPollForwardForceAsync" time="3.610000"></testcase>
		<testcase classname="go.temporal.io/server/tests" name="TestVersioningFunctionalSuite/TestDispatchActivityTimeoutCrossTq/ForceTaskForwardNoPollForwardAllowSync" time="4.530000"></testcase>
		<testcase classname="go.temporal.io/server/tests" name="TestVersioningFunctionalSuite/TestDispatchActivityTimeoutCrossTq/ForceTaskForwardNoPollForwardForceAsync" time="3.970000"></testcase>
		<testcase classname="go.temporal.io/server/tests" name="TestVersioningFunctionalSuite/TestDispatchActivityTimeoutCrossTq/NoTaskForwardForcePollForwardAllowSync" time="5.660000"></testcase>
		<testcase classname="go.temporal.io/server/tests" name="TestVersioningFunctionalSuite/TestDispatchActivityTimeoutCrossTq/NoTaskForwardForcePollForwardForceAsync" time="4.700000"></testcase>
		<testcase classname="go.temporal.io/server/tests" name="TestVersioningFunctionalSuite/TestDispatchActivityTimeoutCrossTq/ForceTaskForwardForcePollForwardAllowSync" time="5.590000"></testcase>
		<testcase classname="go.temporal.io/server/tests" name="TestVersioningFunctionalSuite/TestDispatchActivityTimeoutCrossTq/ForceTaskForwardForcePollForwardForceAsync" time="5.590000"></testcase>
		<testcase classname="go.temporal.io/server/tests" name="TestVersioningFunctionalSuite/TestDispatchActivityTimeoutCrossTq" time="37.120000"></testcase>
		<testcase classname="go.temporal.io/server/tests" name="TestVersioningFunctionalSuite/TestDispatchChildWorkflowCrossTQFails" time="30.020000"></testcase>
		<testcase classname="go.temporal.io/server/tests" name="TestVersioningFunctionalSuite/TestDispatchNotUsingVersioning/NoTaskForwardNoPollForwardAllowSync" time="0.220000"></testcase>
		<testcase classname="go.temporal.io/server/tests" name="TestVersioningFunctionalSuite/TestDispatchNotUsingVersioning/NoTaskForwardNoPollForwardForceAsync" time="0.230000"></testcase>
		<testcase classname="go.temporal.io/server/tests" name="TestVersioningFunctionalSuite/TestDispatchNotUsingVersioning/ForceTaskForwardNoPollForwardAllowSync" time="0.230000"></testcase>
		<testcase classname="go.temporal.io/server/tests" name="TestVersioningFunctionalSuite/TestDispatchNotUsingVersioning/ForceTaskForwardNoPollForwardForceAsync" time="0.250000"></testcase>
		<testcase classname="go.temporal.io/server/tests" name="TestVersioningFunctionalSuite/TestDispatchNotUsingVersioning/NoTaskForwardForcePollForwardAllowSync" time="1.320000"></testcase>
		<testcase classname="go.temporal.io/server/tests" name="TestVersioningFunctionalSuite/TestDispatchNotUsingVersioning/NoTaskForwardForcePollForwardForceAsync" time="1.360000"></testcase>
		<testcase classname="go.temporal.io/server/tests" name="TestVersioningFunctionalSuite/TestDispatchNotUsingVersioning/ForceTaskForwardForcePollForwardAllowSync" time="1.350000"></testcase>
		<testcase classname="go.temporal.io/server/tests" name="TestVersioningFunctionalSuite/TestDispatchNotUsingVersioning/ForceTaskForwardForcePollForwardForceAsync" time="1.480000"></testcase>
		<testcase classname="go.temporal.io/server/tests" name="TestVersioningFunctionalSuite/TestDispatchNotUsingVersioning" time="6.440000"></testcase>
		<testcase classname="go.temporal.io/server/tests" name="TestVersioningFunctionalSuite/TestDispatchNotUsingVersioningOld/NoTaskForwardNoPollForwardAllowSync" time="0.200000"></testcase>
		<testcase classname="go.temporal.io/server/tests" name="TestVersioningFunctionalSuite/TestDispatchNotUsingVersioningOld/NoTaskForwardNoPollForwardForceAsync" time="0.210000"></testcase>
		<testcase classname="go.temporal.io/server/tests" name="TestVersioningFunctionalSuite/TestDispatchNotUsingVersioningOld/ForceTaskForwardNoPollForwardAllowSync" time="0.230000"></testcase>
		<testcase classname="go.temporal.io/server/tests" name="TestVersioningFunctionalSuite/TestDispatchNotUsingVersioningOld/ForceTaskForwardNoPollForwardForceAsync" time="0.230000"></testcase>
		<testcase classname="go.temporal.io/server/tests" name="TestVersioningFunctionalSuite/TestDispatchNotUsingVersioningOld/NoTaskForwardForcePollForwardAllowSync" time="0.400000"></testcase>
		<testcase classname="go.temporal.io/server/tests" name="TestVersioningFunctionalSuite/TestDispatchNotUsingVersioningOld/NoTaskForwardForcePollForwardForceAsync" time="1.340000"></testcase>
		<testcase classname="go.temporal.io/server/tests" name="TestVersioningFunctionalSuite/TestDispatchNotUsingVersioningOld/ForceTaskForwardForcePollForwardAllowSync" time="0.300000"></testcase>
		<testcase classname="go.temporal.io/server/tests" name="TestVersioningFunctionalSuite/TestDispatchNotUsingVersioningOld/ForceTaskForwardForcePollForwardForceAsync" time="0.310000"></testcase>
		<testcase classname="go.temporal.io/server/tests" name="TestVersioningFunctionalSuite/TestDispatchNotUsingVersioningOld" time="3.230000"></testcase>
		<testcase classname="go.temporal.io/server/tests" name="TestVersioningFunctionalSuite/TestDispatchRetryOld/NoTaskForwardNoPollForwardAllowSync" time="9.530000"></testcase>
		<testcase classname="go.temporal.io/server/tests" name="TestVersioningFunctionalSuite/TestDispatchRetryOld/NoTaskForwardNoPollForwardForceAsync" time="9.550000"></testcase>
		<testcase classname="go.temporal.io/server/tests" name="TestVersioningFunctionalSuite/TestDispatchRetryOld/ForceTaskForwardNoPollForwardAllowSync" time="9.570000"></testcase>
		<testcase classname="go.temporal.io/server/tests" name="TestVersioningFunctionalSuite/TestDispatchRetryOld/ForceTaskForwardNoPollForwardForceAsync" time="9.720000"></testcase>
		<testcase classname="go.temporal.io/server/tests" name="TestVersioningFunctionalSuite/TestDispatchRetryOld/NoTaskForwardForcePollForwardAllowSync" time="9.640000"></testcase>
		<testcase classname="go.temporal.io/server/tests" name="TestVersioningFunctionalSuite/TestDispatchRetryOld/NoTaskForwardForcePollForwardForceAsync" time="9.690000"></testcase>
		<testcase classname="go.temporal.io/server/tests" name="TestVersioningFunctionalSuite/TestDispatchRetryOld/ForceTaskForwardForcePollForwardAllowSync" time="9.540000"></testcase>
		<testcase classname="go.temporal.io/server/tests" name="TestVersioningFunctionalSuite/TestDispatchRetryOld/ForceTaskForwardForcePollForwardForceAsync" time="9.830000"></testcase>
		<testcase classname="go.temporal.io/server/tests" name="TestVersioningFunctionalSuite/TestDispatchRetryOld" time="77.070000"></testcase>
		<testcase classname="go.temporal.io/server/tests" name="TestVersioningFunctionalSuite/TestIndependentActivityTaskAssignment_Spooled_UnversionedWorkflow/NoTaskForwardNoPollForwardAllowSync" time="5.320000"></testcase>
		<testcase classname="go.temporal.io/server/tests" name="TestVersioningFunctionalSuite/TestIndependentActivityTaskAssignment_Spooled_UnversionedWorkflow/NoTaskForwardNoPollForwardForceAsync" time="5.450000"></testcase>
		<testcase classname="go.temporal.io/server/tests" name="TestVersioningFunctionalSuite/TestIndependentActivityTaskAssignment_Spooled_UnversionedWorkflow/ForceTaskForwardNoPollForwardAllowSync" time="7.330000"></testcase>
		<testcase classname="go.temporal.io/server/tests" name="TestVersioningFunctionalSuite/TestIndependentActivityTaskAssignment_Spooled_UnversionedWorkflow/ForceTaskForwardNoPollForwardForceAsync" time="9.350000"></testcase>
		<testcase classname="go.temporal.io/server/tests" name="TestVersioningFunctionalSuite/TestIndependentActivityTaskAssignment_Spooled_UnversionedWorkflow/NoTaskForwardForcePollForwardAllowSync" time="9.500000"></testcase>
		<testcase classname="go.temporal.io/server/tests" name="TestVersioningFunctionalSuite/TestIndependentActivityTaskAssignment_Spooled_UnversionedWorkflow/NoTaskForwardForcePollForwardForceAsync" time="5.670000"></testcase>
		<testcase classname="go.temporal.io/server/tests" name="TestVersioningFunctionalSuite/TestIndependentActivityTaskAssignment_Spooled_UnversionedWorkflow/ForceTaskForwardForcePollForwardAllowSync" time="13.340000"></testcase>
		<testcase classname="go.temporal.io/server/tests" name="TestVersioningFunctionalSuite/TestIndependentActivityTaskAssignment_Spooled_UnversionedWorkflow/ForceTaskForwardForcePollForwardForceAsync" time="10.410000"></testcase>
		<testcase classname="go.temporal.io/server/tests" name="TestVersioningFunctionalSuite/TestIndependentActivityTaskAssignment_Spooled_UnversionedWorkflow" time="66.370000"></testcase>
		<testcase classname="go.temporal.io/server/tests" name="TestVersioningFunctionalSuite/TestMaxTaskQueuesPerBuildIdEnforced" time="0.050000"></testcase>
		<testcase classname="go.temporal.io/server/tests" name="TestVersioningFunctionalSuite/TestRedirectRuleDelete" time="0.060000"></testcase>
		<testcase classname="go.temporal.io/server/tests" name="TestVersioningFunctionalSuite/TestRedirectRuleInsert" time="0.050000"></testcase>
		<testcase classname="go.temporal.io/server/tests" name="TestVersioningFunctionalSuite/TestRedirectWithConcurrentActivities" time="20.320000"></testcase>
		<testcase classname="go.temporal.io/server/tests" name="TestVersioningFunctionalSuite/TestResetWorkflowAssignsToCorrectBuildId" time="3.340000"></testcase>
		<testcase classname="go.temporal.io/server/tests" name="TestVersioningFunctionalSuite/TestResetWorkflowAssignsToCorrectBuildId_CaN_Inherit" time="3.640000"></testcase>
		<testcase classname="go.temporal.io/server/tests" name="TestVersioningFunctionalSuite/TestUnversionedWorkflowStaysUnversioned/NoTaskForwardNoPollForwardAllowSync" time="1.160000"></testcase>
		<testcase classname="go.temporal.io/server/tests" name="TestVersioningFunctionalSuite/TestUnversionedWorkflowStaysUnversioned/NoTaskForwardNoPollForwardForceAsync" time="1.160000"></testcase>
		<testcase classname="go.temporal.io/server/tests" name="TestVersioningFunctionalSuite/TestUnversionedWorkflowStaysUnversioned/ForceTaskForwardNoPollForwardAllowSync" time="2.230000"></testcase>
		<testcase classname="go.temporal.io/server/tests" name="TestVersioningFunctionalSuite/TestUnversionedWorkflowStaysUnversioned/ForceTaskForwardNoPollForwardForceAsync" time="1.190000"></testcase>
		<testcase classname="go.temporal.io/server/tests" name="TestVersioningFunctionalSuite/TestUnversionedWorkflowStaysUnversioned/NoTaskForwardForcePollForwardAllowSync" time="1.210000"></testcase>
		<testcase classname="go.temporal.io/server/tests" name="TestVersioningFunctionalSuite/TestUnversionedWorkflowStaysUnversioned/NoTaskForwardForcePollForwardForceAsync" time="1.290000"></testcase>
		<testcase classname="go.temporal.io/server/tests" name="TestVersioningFunctionalSuite/TestUnversionedWorkflowStaysUnversioned/ForceTaskForwardForcePollForwardAllowSync" time="1.210000"></testcase>
		<testcase classname="go.temporal.io/server/tests" name="TestVersioningFunctionalSuite/TestUnversionedWorkflowStaysUnversioned/ForceTaskForwardForcePollForwardForceAsync" time="1.230000"></testcase>
		<testcase classname="go.temporal.io/server/tests" name="TestVersioningFunctionalSuite/TestUnversionedWorkflowStaysUnversioned" time="10.690000"></testcase>
		<testcase classname="go.temporal.io/server/tests" name="TestVersioningFunctionalSuite/TestVersionRuleBuildIdValidation" time="0.020000"></testcase>
		<testcase classname="go.temporal.io/server/tests" name="TestVersioningFunctionalSuite/TestVersionRuleConflictToken" time="0.070000"></testcase>
		<testcase classname="go.temporal.io/server/tests" name="TestVersioningFunctionalSuite/TestWorkflowStaysInBuildId/NoTaskForwardNoPollForwardAllowSync" time="1.280000"></testcase>
		<testcase classname="go.temporal.io/server/tests" name="TestVersioningFunctionalSuite/TestWorkflowStaysInBuildId/NoTaskForwardNoPollForwardForceAsync" time="1.240000"></testcase>
		<testcase classname="go.temporal.io/server/tests" name="TestVersioningFunctionalSuite/TestWorkflowStaysInBuildId/ForceTaskForwardNoPollForwardAllowSync" time="1.220000"></testcase>
		<testcase classname="go.temporal.io/server/tests" name="TestVersioningFunctionalSuite/TestWorkflowStaysInBuildId/ForceTaskForwardNoPollForwardForceAsync" time="1.270000"></testcase>
		<testcase classname="go.temporal.io/server/tests" name="TestVersioningFunctionalSuite/TestWorkflowStaysInBuildId/NoTaskForwardForcePollForwardAllowSync" time="3.590000"></testcase>
		<testcase classname="go.temporal.io/server/tests" name="TestVersioningFunctionalSuite/TestWorkflowStaysInBuildId/NoTaskForwardForcePollForwardForceAsync" time="3.650000"></testcase>
		<testcase classname="go.temporal.io/server/tests" name="TestVersioningFunctionalSuite/TestWorkflowStaysInBuildId/ForceTaskForwardForcePollForwardAllowSync" time="3.530000"></testcase>
		<testcase classname="go.temporal.io/server/tests" name="TestVersioningFunctionalSuite/TestWorkflowStaysInBuildId/ForceTaskForwardForcePollForwardForceAsync" time="3.510000"></testcase>
		<testcase classname="go.temporal.io/server/tests" name="TestVersioningFunctionalSuite/TestWorkflowStaysInBuildId" time="19.280000"></testcase>
		<testcase classname="go.temporal.io/server/tests" name="TestVersioningFunctionalSuite/TestWorkflowTaskRedirectInRetryNonFirstTask/NoTaskForwardNoPollForwardAllowSync" time="9.630000"></testcase>
		<testcase classname="go.temporal.io/server/tests" name="TestVersioningFunctionalSuite/TestWorkflowTaskRedirectInRetryNonFirstTask/NoTaskForwardNoPollForwardForceAsync" time="10.360000"></testcase>
		<testcase classname="go.temporal.io/server/tests" name="TestVersioningFunctionalSuite/TestWorkflowTaskRedirectInRetryNonFirstTask/ForceTaskForwardNoPollForwardAllowSync" time="10.340000"></testcase>
		<testcase classname="go.temporal.io/server/tests" name="TestVersioningFunctionalSuite/TestWorkflowTaskRedirectInRetryNonFirstTask/ForceTaskForwardNoPollForwardForceAsync" time="9.590000"></testcase>
		<testcase classname="go.temporal.io/server/tests" name="TestVersioningFunctionalSuite/TestWorkflowTaskRedirectInRetryNonFirstTask/NoTaskForwardForcePollForwardAllowSync" time="11.310000"></testcase>
		<testcase classname="go.temporal.io/server/tests" name="TestVersioningFunctionalSuite/TestWorkflowTaskRedirectInRetryNonFirstTask/NoTaskForwardForcePollForwardForceAsync" time="11.170000"></testcase>
		<testcase classname="go.temporal.io/server/tests" name="TestVersioningFunctionalSuite/TestWorkflowTaskRedirectInRetryNonFirstTask/ForceTaskForwardForcePollForwardAllowSync" time="12.610000"></testcase>
		<testcase classname="go.temporal.io/server/tests" name="TestVersioningFunctionalSuite/TestWorkflowTaskRedirectInRetryNonFirstTask/ForceTaskForwardForcePollForwardForceAsync" time="13.110000"></testcase>
		<testcase classname="go.temporal.io/server/tests" name="TestVersioningFunctionalSuite/TestWorkflowTaskRedirectInRetryNonFirstTask" time="88.140000"></testcase>
		<testcase classname="go.temporal.io/server/tests" name="TestVersioningFunctionalSuite" time="465.230000"></testcase>
	</testsuite>
</testsuites>